[0.054s] Invoking command in '/home/yahboom/camera_ws/build/stereo_camera_pkg': CMAKE_PREFIX_PATH=/opt/ros/humble /usr/bin/cmake --build /home/yahboom/camera_ws/build/stereo_camera_pkg -- -j4 -l4
[0.216s] [ 83%] Built target left_camera_node
[0.216s] [100%] Built target stereo_camera_node
[0.216s] [100%] Built target right_camera_node
[0.230s] Invoked command in '/home/yahboom/camera_ws/build/stereo_camera_pkg' returned '0': CMAKE_PREFIX_PATH=/opt/ros/humble /usr/bin/cmake --build /home/yahboom/camera_ws/build/stereo_camera_pkg -- -j4 -l4
[0.294s] Invoking command in '/home/yahboom/camera_ws/build/stereo_camera_pkg': CMAKE_PREFIX_PATH=/opt/ros/humble /usr/bin/cmake --install /home/yahboom/camera_ws/build/stereo_camera_pkg
[0.303s] -- Install configuration: ""
[0.305s] -- Up-to-date: /home/yahboom/camera_ws/install/stereo_camera_pkg/lib/stereo_camera_pkg/stereo_camera_node
[0.306s] -- Up-to-date: /home/yahboom/camera_ws/install/stereo_camera_pkg/lib/stereo_camera_pkg/left_camera_node
[0.308s] -- Up-to-date: /home/yahboom/camera_ws/install/stereo_camera_pkg/lib/stereo_camera_pkg/right_camera_node
[0.308s] -- Up-to-date: /home/yahboom/camera_ws/install/stereo_camera_pkg/share/stereo_camera_pkg
[0.308s] -- Up-to-date: /home/yahboom/camera_ws/install/stereo_camera_pkg/share/stereo_camera_pkg/stereo_calibration.launch.py
[0.308s] -- Installing: /home/yahboom/camera_ws/install/stereo_camera_pkg/share/stereo_camera_pkg/calib.launch.py
[0.308s] -- Up-to-date: /home/yahboom/camera_ws/install/stereo_camera_pkg/share/stereo_camera_pkg/prtabmap.launch.py
[0.308s] -- Up-to-date: /home/yahboom/camera_ws/install/stereo_camera_pkg/share/stereo_camera_pkg/stereo_camera.launch.py
[0.308s] -- Up-to-date: /home/yahboom/camera_ws/install/stereo_camera_pkg/share/stereo_camera_pkg/stereo_rtabmap.launch.py
[0.308s] -- Up-to-date: /home/yahboom/camera_ws/install/stereo_camera_pkg/share/stereo_camera_pkg/apt_rtabmap.launch.py
[0.308s] -- Up-to-date: /home/yahboom/camera_ws/install/stereo_camera_pkg/share/stereo_camera_pkg/left_calibration.launch.py
[0.308s] -- Up-to-date: /home/yahboom/camera_ws/install/stereo_camera_pkg/share/stereo_camera_pkg/rtabmap.launch.py
[0.308s] -- Up-to-date: /home/yahboom/camera_ws/install/stereo_camera_pkg/share/stereo_camera_pkg/config
[0.308s] -- Up-to-date: /home/yahboom/camera_ws/install/stereo_camera_pkg/share/stereo_camera_pkg/config/left.yaml
[0.309s] -- Up-to-date: /home/yahboom/camera_ws/install/stereo_camera_pkg/share/stereo_camera_pkg/config/right_camera_info.yaml
[0.309s] -- Up-to-date: /home/yahboom/camera_ws/install/stereo_camera_pkg/share/stereo_camera_pkg/config/right.yaml
[0.309s] -- Up-to-date: /home/yahboom/camera_ws/install/stereo_camera_pkg/share/stereo_camera_pkg/config/left_camera_info.yaml
[0.309s] -- Up-to-date: /home/yahboom/camera_ws/install/stereo_camera_pkg/share/ament_index/resource_index/package_run_dependencies/stereo_camera_pkg
[0.309s] -- Up-to-date: /home/yahboom/camera_ws/install/stereo_camera_pkg/share/ament_index/resource_index/parent_prefix_path/stereo_camera_pkg
[0.309s] -- Up-to-date: /home/yahboom/camera_ws/install/stereo_camera_pkg/share/stereo_camera_pkg/environment/ament_prefix_path.sh
[0.309s] -- Up-to-date: /home/yahboom/camera_ws/install/stereo_camera_pkg/share/stereo_camera_pkg/environment/ament_prefix_path.dsv
[0.309s] -- Up-to-date: /home/yahboom/camera_ws/install/stereo_camera_pkg/share/stereo_camera_pkg/environment/path.sh
[0.309s] -- Up-to-date: /home/yahboom/camera_ws/install/stereo_camera_pkg/share/stereo_camera_pkg/environment/path.dsv
[0.309s] -- Up-to-date: /home/yahboom/camera_ws/install/stereo_camera_pkg/share/stereo_camera_pkg/local_setup.bash
[0.309s] -- Up-to-date: /home/yahboom/camera_ws/install/stereo_camera_pkg/share/stereo_camera_pkg/local_setup.sh
[0.309s] -- Up-to-date: /home/yahboom/camera_ws/install/stereo_camera_pkg/share/stereo_camera_pkg/local_setup.zsh
[0.310s] -- Up-to-date: /home/yahboom/camera_ws/install/stereo_camera_pkg/share/stereo_camera_pkg/local_setup.dsv
[0.310s] -- Installing: /home/yahboom/camera_ws/install/stereo_camera_pkg/share/stereo_camera_pkg/package.dsv
[0.310s] -- Up-to-date: /home/yahboom/camera_ws/install/stereo_camera_pkg/share/ament_index/resource_index/packages/stereo_camera_pkg
[0.310s] -- Up-to-date: /home/yahboom/camera_ws/install/stereo_camera_pkg/share/stereo_camera_pkg/cmake/stereo_camera_pkgConfig.cmake
[0.310s] -- Up-to-date: /home/yahboom/camera_ws/install/stereo_camera_pkg/share/stereo_camera_pkg/cmake/stereo_camera_pkgConfig-version.cmake
[0.310s] -- Up-to-date: /home/yahboom/camera_ws/install/stereo_camera_pkg/share/stereo_camera_pkg/package.xml
[0.315s] Invoked command in '/home/yahboom/camera_ws/build/stereo_camera_pkg' returned '0': CMAKE_PREFIX_PATH=/opt/ros/humble /usr/bin/cmake --install /home/yahboom/camera_ws/build/stereo_camera_pkg
