[0.048s] Invoking command in '/home/elephant/agvpro_stereo/build/stereo_camera_pkg': CMAKE_PREFIX_PATH=${CMAKE_PREFIX_PATH}:/home/elephant/agvpro_stereo/install/stereo_camera_pkg_py:/home/elephant/agv_pro_ros2/install/teleop_twist_keyboard:/home/elephant/agv_pro_ros2/install/rtabmap_python:/home/elephant/agv_pro_ros2/install/agv_pro_autocharge:/home/elephant/agv_pro_ros2/install/nav2_simple_commander:/opt/ros/humble /usr/bin/cmake --build /home/elephant/agvpro_stereo/build/stereo_camera_pkg -- -j6 -l6
[0.075s] gmake: Warning: File 'Makefile' has modification time 1773375847 s in the future
[0.125s] gmake[1]: Warning: File 'CMakeFiles/Makefile2' has modification time 1773375847 s in the future
[0.132s] gmake[2]: Warning: File 'CMakeFiles/stereo_camera_node.dir/flags.make' has modification time 1772523862 s in the future
[0.133s] gmake[2]: Warning: File 'CMakeFiles/camera_info.dir/flags.make' has modification time 1772523862 s in the future
[0.133s] gmake[2]: Warning: File 'CMakeFiles/left_camera_node.dir/flags.make' has modification time 1772523862 s in the future
[0.133s] gmake[2]: Warning: File 'CMakeFiles/stereo_split_node.dir/flags.make' has modification time 1772788639 s in the future
[0.134s] gmake[2]: Warning: File 'CMakeFiles/right_camera_node.dir/flags.make' has modification time 1772523862 s in the future
[0.141s] gmake[2]: Warning: File 'CMakeFiles/stereo_split_node_rgb.dir/flags.make' has modification time 1773375847 s in the future
[0.159s] gmake[2]: warning:  Clock skew detected.  Your build may be incomplete.
[0.159s] gmake[2]: warning:  Clock skew detected.  Your build may be incomplete.
[0.163s] gmake[2]: warning:  Clock skew detected.  Your build may be incomplete.
[0.164s] gmake[2]: warning:  Clock skew detected.  Your build may be incomplete.
[0.171s] gmake[2]: warning:  Clock skew detected.  Your build may be incomplete.
[0.174s] gmake[2]: Warning: File 'CMakeFiles/stereo_split_node.dir/flags.make' has modification time 1772788639 s in the future
[0.174s] gmake[2]: Warning: File 'CMakeFiles/stereo_camera_node.dir/flags.make' has modification time 1772523862 s in the future
[0.174s] gmake[2]: Warning: File 'CMakeFiles/right_camera_node.dir/flags.make' has modification time 1772523862 s in the future
[0.177s] gmake[2]: warning:  Clock skew detected.  Your build may be incomplete.
[0.177s] gmake[2]: warning:  Clock skew detected.  Your build may be incomplete.
[0.177s] gmake[2]: Warning: File 'CMakeFiles/camera_info.dir/flags.make' has modification time 1772523862 s in the future
[0.178s] gmake[2]: warning:  Clock skew detected.  Your build may be incomplete.
[0.180s] gmake[2]: warning:  Clock skew detected.  Your build may be incomplete.
[0.180s] gmake[2]: warning:  Clock skew detected.  Your build may be incomplete.
[0.185s] gmake[2]: Warning: File 'CMakeFiles/left_camera_node.dir/flags.make' has modification time 1772523862 s in the future
[0.189s] gmake[2]: warning:  Clock skew detected.  Your build may be incomplete.
[0.194s] gmake[2]: Warning: File 'CMakeFiles/stereo_split_node_rgb.dir/flags.make' has modification time 1773375847 s in the future
[0.198s] gmake[2]: warning:  Clock skew detected.  Your build may be incomplete.
[0.207s] [ 16%] Built target right_camera_node
[0.208s] [ 41%] Built target stereo_split_node
[0.209s] [ 50%] Built target stereo_camera_node
[0.215s] [ 66%] Built target left_camera_node
[0.223s] [ 83%] Built target camera_info
[0.229s] [100%] Built target stereo_split_node_rgb
[0.231s] gmake[1]: warning:  Clock skew detected.  Your build may be incomplete.
[0.252s] gmake: warning:  Clock skew detected.  Your build may be incomplete.
[0.703s] Invoked command in '/home/elephant/agvpro_stereo/build/stereo_camera_pkg' returned '0': CMAKE_PREFIX_PATH=${CMAKE_PREFIX_PATH}:/home/elephant/agvpro_stereo/install/stereo_camera_pkg_py:/home/elephant/agv_pro_ros2/install/teleop_twist_keyboard:/home/elephant/agv_pro_ros2/install/rtabmap_python:/home/elephant/agv_pro_ros2/install/agv_pro_autocharge:/home/elephant/agv_pro_ros2/install/nav2_simple_commander:/opt/ros/humble /usr/bin/cmake --build /home/elephant/agvpro_stereo/build/stereo_camera_pkg -- -j6 -l6
[0.727s] Invoking command in '/home/elephant/agvpro_stereo/build/stereo_camera_pkg': CMAKE_PREFIX_PATH=${CMAKE_PREFIX_PATH}:/home/elephant/agvpro_stereo/install/stereo_camera_pkg_py:/home/elephant/agv_pro_ros2/install/teleop_twist_keyboard:/home/elephant/agv_pro_ros2/install/rtabmap_python:/home/elephant/agv_pro_ros2/install/agv_pro_autocharge:/home/elephant/agv_pro_ros2/install/nav2_simple_commander:/opt/ros/humble /usr/bin/cmake --install /home/elephant/agvpro_stereo/build/stereo_camera_pkg
[0.747s] -- Install configuration: ""
[0.747s] -- Execute custom install script
[0.748s] -- Up-to-date symlink: /home/elephant/agvpro_stereo/install/stereo_camera_pkg/lib/stereo_camera_pkg/stereo_camera_node
[0.748s] -- Up-to-date symlink: /home/elephant/agvpro_stereo/install/stereo_camera_pkg/lib/stereo_camera_pkg/left_camera_node
[0.748s] -- Up-to-date symlink: /home/elephant/agvpro_stereo/install/stereo_camera_pkg/lib/stereo_camera_pkg/right_camera_node
[0.749s] -- Up-to-date symlink: /home/elephant/agvpro_stereo/install/stereo_camera_pkg/lib/stereo_camera_pkg/camera_info
[0.749s] -- Up-to-date symlink: /home/elephant/agvpro_stereo/install/stereo_camera_pkg/lib/stereo_camera_pkg/stereo_split_node
[0.749s] -- Up-to-date symlink: /home/elephant/agvpro_stereo/install/stereo_camera_pkg/lib/stereo_camera_pkg/stereo_split_node_rgb
[0.750s] -- Up-to-date symlink: /home/elephant/agvpro_stereo/install/stereo_camera_pkg/share/stereo_camera_pkg/apt_rtabmap.launch.py
[0.750s] -- Up-to-date symlink: /home/elephant/agvpro_stereo/install/stereo_camera_pkg/share/stereo_camera_pkg/calib.launch.py
[0.750s] -- Up-to-date symlink: /home/elephant/agvpro_stereo/install/stereo_camera_pkg/share/stereo_camera_pkg/left_calibration.launch.py
[0.750s] -- Up-to-date symlink: /home/elephant/agvpro_stereo/install/stereo_camera_pkg/share/stereo_camera_pkg/new_rtabmap.launch.py
[0.750s] -- Up-to-date symlink: /home/elephant/agvpro_stereo/install/stereo_camera_pkg/share/stereo_camera_pkg/new_usb.launch.py
[0.750s] -- Up-to-date symlink: /home/elephant/agvpro_stereo/install/stereo_camera_pkg/share/stereo_camera_pkg/prtabmap.launch.py
[0.751s] -- Up-to-date symlink: /home/elephant/agvpro_stereo/install/stereo_camera_pkg/share/stereo_camera_pkg/rtabmap.launch.py
[0.751s] -- Up-to-date symlink: /home/elephant/agvpro_stereo/install/stereo_camera_pkg/share/stereo_camera_pkg/stereo_calibration.launch.py
[0.751s] -- Up-to-date symlink: /home/elephant/agvpro_stereo/install/stereo_camera_pkg/share/stereo_camera_pkg/stereo_camera.launch.py
[0.751s] -- Up-to-date symlink: /home/elephant/agvpro_stereo/install/stereo_camera_pkg/share/stereo_camera_pkg/stereo_rgbd.launch.py
[0.751s] -- Up-to-date symlink: /home/elephant/agvpro_stereo/install/stereo_camera_pkg/share/stereo_camera_pkg/stereo_rtabmap.launch.py
[0.751s] -- Up-to-date symlink: /home/elephant/agvpro_stereo/install/stereo_camera_pkg/share/stereo_camera_pkg/usb.launch.py
[0.752s] -- Up-to-date symlink: /home/elephant/agvpro_stereo/install/stereo_camera_pkg/share/stereo_camera_pkg/usb_raw.launch.py
[0.752s] -- Up-to-date symlink: /home/elephant/agvpro_stereo/install/stereo_camera_pkg/share/stereo_camera_pkg/config/left2.yaml
[0.752s] -- Up-to-date symlink: /home/elephant/agvpro_stereo/install/stereo_camera_pkg/share/stereo_camera_pkg/config/left5.yaml
[0.752s] -- Up-to-date symlink: /home/elephant/agvpro_stereo/install/stereo_camera_pkg/share/stereo_camera_pkg/config/left6.yaml
[0.753s] -- Up-to-date symlink: /home/elephant/agvpro_stereo/install/stereo_camera_pkg/share/stereo_camera_pkg/config/left640.yaml
[0.753s] -- Up-to-date symlink: /home/elephant/agvpro_stereo/install/stereo_camera_pkg/share/stereo_camera_pkg/config/left_1.yaml
[0.753s] -- Up-to-date symlink: /home/elephant/agvpro_stereo/install/stereo_camera_pkg/share/stereo_camera_pkg/config/left_raw.yaml
[0.753s] -- Up-to-date symlink: /home/elephant/agvpro_stereo/install/stereo_camera_pkg/share/stereo_camera_pkg/config/right2.yaml
[0.753s] -- Up-to-date symlink: /home/elephant/agvpro_stereo/install/stereo_camera_pkg/share/stereo_camera_pkg/config/right5.yaml
[0.754s] -- Up-to-date symlink: /home/elephant/agvpro_stereo/install/stereo_camera_pkg/share/stereo_camera_pkg/config/right6.yaml
[0.754s] -- Up-to-date symlink: /home/elephant/agvpro_stereo/install/stereo_camera_pkg/share/stereo_camera_pkg/config/right640.yaml
[0.755s] -- Up-to-date symlink: /home/elephant/agvpro_stereo/install/stereo_camera_pkg/share/stereo_camera_pkg/config/right_1.yaml
[0.755s] -- Up-to-date symlink: /home/elephant/agvpro_stereo/install/stereo_camera_pkg/share/stereo_camera_pkg/config/right_raw.yaml
[0.755s] -- Up-to-date symlink: /home/elephant/agvpro_stereo/install/stereo_camera_pkg/share/ament_index/resource_index/package_run_dependencies/stereo_camera_pkg
[0.755s] -- Up-to-date symlink: /home/elephant/agvpro_stereo/install/stereo_camera_pkg/share/ament_index/resource_index/parent_prefix_path/stereo_camera_pkg
[0.755s] -- Up-to-date symlink: /home/elephant/agvpro_stereo/install/stereo_camera_pkg/share/stereo_camera_pkg/environment/ament_prefix_path.sh
[0.756s] -- Up-to-date symlink: /home/elephant/agvpro_stereo/install/stereo_camera_pkg/share/stereo_camera_pkg/environment/ament_prefix_path.dsv
[0.756s] -- Up-to-date symlink: /home/elephant/agvpro_stereo/install/stereo_camera_pkg/share/stereo_camera_pkg/environment/path.sh
[0.756s] -- Up-to-date symlink: /home/elephant/agvpro_stereo/install/stereo_camera_pkg/share/stereo_camera_pkg/environment/path.dsv
[0.756s] -- Up-to-date symlink: /home/elephant/agvpro_stereo/install/stereo_camera_pkg/share/stereo_camera_pkg/local_setup.bash
[0.757s] -- Up-to-date symlink: /home/elephant/agvpro_stereo/install/stereo_camera_pkg/share/stereo_camera_pkg/local_setup.sh
[0.757s] -- Up-to-date symlink: /home/elephant/agvpro_stereo/install/stereo_camera_pkg/share/stereo_camera_pkg/local_setup.zsh
[0.757s] -- Up-to-date symlink: /home/elephant/agvpro_stereo/install/stereo_camera_pkg/share/stereo_camera_pkg/local_setup.dsv
[0.757s] -- Symlinking: /home/elephant/agvpro_stereo/install/stereo_camera_pkg/share/stereo_camera_pkg/package.dsv
[0.779s] -- Up-to-date symlink: /home/elephant/agvpro_stereo/install/stereo_camera_pkg/share/ament_index/resource_index/packages/stereo_camera_pkg
[0.779s] -- Up-to-date symlink: /home/elephant/agvpro_stereo/install/stereo_camera_pkg/share/stereo_camera_pkg/cmake/stereo_camera_pkgConfig.cmake
[0.779s] -- Up-to-date symlink: /home/elephant/agvpro_stereo/install/stereo_camera_pkg/share/stereo_camera_pkg/cmake/stereo_camera_pkgConfig-version.cmake
[0.779s] -- Up-to-date symlink: /home/elephant/agvpro_stereo/install/stereo_camera_pkg/share/stereo_camera_pkg/package.xml
[0.783s] Invoked command in '/home/elephant/agvpro_stereo/build/stereo_camera_pkg' returned '0': CMAKE_PREFIX_PATH=${CMAKE_PREFIX_PATH}:/home/elephant/agvpro_stereo/install/stereo_camera_pkg_py:/home/elephant/agv_pro_ros2/install/teleop_twist_keyboard:/home/elephant/agv_pro_ros2/install/rtabmap_python:/home/elephant/agv_pro_ros2/install/agv_pro_autocharge:/home/elephant/agv_pro_ros2/install/nav2_simple_commander:/opt/ros/humble /usr/bin/cmake --install /home/elephant/agvpro_stereo/build/stereo_camera_pkg
