gmake: Warning: File 'Makefile' has modification time 1773375699 s in the future
gmake[1]: Warning: File 'CMakeFiles/Makefile2' has modification time 1773375699 s in the future
gmake[2]: Warning: File 'CMakeFiles/stereo_camera_node.dir/flags.make' has modification time 1772523713 s in the future
gmake[2]: Warning: File 'CMakeFiles/left_camera_node.dir/flags.make' has modification time 1772523713 s in the future
gmake[2]: Warning: File 'CMakeFiles/right_camera_node.dir/flags.make' has modification time 1772523713 s in the future
gmake[2]: Warning: File 'CMakeFiles/stereo_split_node.dir/flags.make' has modification time 1772788491 s in the future
gmake[2]: Warning: File 'CMakeFiles/camera_info.dir/flags.make' has modification time 1772523713 s in the future
gmake[2]: Warning: File 'CMakeFiles/stereo_split_node_rgb.dir/flags.make' has modification time 1773375699 s in the future
gmake[2]: warning:  Clock skew detected.  Your build may be incomplete.
gmake[2]: warning:  Clock skew detected.  Your build may be incomplete.
gmake[2]: Warning: File 'CMakeFiles/stereo_camera_node.dir/flags.make' has modification time 1772523713 s in the future
gmake[2]: warning:  Clock skew detected.  Your build may be incomplete.
gmake[2]: warning:  Clock skew detected.  Your build may be incomplete.
gmake[2]: warning:  Clock skew detected.  Your build may be incomplete.
gmake[2]: warning:  Clock skew detected.  Your build may be incomplete.
gmake[2]: Warning: File 'CMakeFiles/left_camera_node.dir/flags.make' has modification time 1772523713 s in the future
gmake[2]: Warning: File 'CMakeFiles/right_camera_node.dir/flags.make' has modification time 1772523713 s in the future
gmake[2]: warning:  Clock skew detected.  Your build may be incomplete.
gmake[2]: Warning: File 'CMakeFiles/camera_info.dir/flags.make' has modification time 1772523713 s in the future
gmake[2]: warning:  Clock skew detected.  Your build may be incomplete.
gmake[2]: warning:  Clock skew detected.  Your build may be incomplete.
gmake[2]: warning:  Clock skew detected.  Your build may be incomplete.
gmake[2]: Warning: File 'CMakeFiles/stereo_split_node.dir/flags.make' has modification time 1772788491 s in the future
gmake[2]: warning:  Clock skew detected.  Your build may be incomplete.
gmake[2]: Warning: File 'CMakeFiles/stereo_split_node_rgb.dir/flags.make' has modification time 1773375699 s in the future
gmake[2]: warning:  Clock skew detected.  Your build may be incomplete.
gmake[1]: warning:  Clock skew detected.  Your build may be incomplete.
gmake: warning:  Clock skew detected.  Your build may be incomplete.
