[0.677s] Invoking command in '/home/yahboom/camera_ws/src/stereo_camera_pkg_py': PYTHONPATH=/home/yahboom/camera_ws/build/stereo_camera_pkg_py/prefix_override:/home/yahboom/camera_ws/install/stereo_camera_pkg_py/lib/python3.10/site-packages:${PYTHONPATH} /usr/bin/python3 setup.py egg_info --egg-base ../../build/stereo_camera_pkg_py build --build-base /home/yahboom/camera_ws/build/stereo_camera_pkg_py/build install --record /home/yahboom/camera_ws/build/stereo_camera_pkg_py/install.log --single-version-externally-managed
[0.933s] running egg_info
[0.933s] writing ../../build/stereo_camera_pkg_py/stereo_camera_pkg_py.egg-info/PKG-INFO
[0.934s] writing dependency_links to ../../build/stereo_camera_pkg_py/stereo_camera_pkg_py.egg-info/dependency_links.txt
[0.934s] writing entry points to ../../build/stereo_camera_pkg_py/stereo_camera_pkg_py.egg-info/entry_points.txt
[0.935s] writing requirements to ../../build/stereo_camera_pkg_py/stereo_camera_pkg_py.egg-info/requires.txt
[0.935s] writing top-level names to ../../build/stereo_camera_pkg_py/stereo_camera_pkg_py.egg-info/top_level.txt
[0.937s] reading manifest file '../../build/stereo_camera_pkg_py/stereo_camera_pkg_py.egg-info/SOURCES.txt'
[0.938s] writing manifest file '../../build/stereo_camera_pkg_py/stereo_camera_pkg_py.egg-info/SOURCES.txt'
[0.938s] running build
[0.939s] running build_py
[0.939s] running install
[0.939s] running install_lib
[0.940s] running install_data
[0.941s] copying launch/rtabmap.launch.py -> /home/yahboom/camera_ws/install/stereo_camera_pkg_py/share/stereo_camera_pkg_py/launch
[0.941s] running install_egg_info
[0.945s] removing '/home/yahboom/camera_ws/install/stereo_camera_pkg_py/lib/python3.10/site-packages/stereo_camera_pkg_py-0.0.0-py3.10.egg-info' (and everything under it)
[0.946s] Copying ../../build/stereo_camera_pkg_py/stereo_camera_pkg_py.egg-info to /home/yahboom/camera_ws/install/stereo_camera_pkg_py/lib/python3.10/site-packages/stereo_camera_pkg_py-0.0.0-py3.10.egg-info
[0.948s] running install_scripts
[0.978s] Installing v4l2 script to /home/yahboom/camera_ws/install/stereo_camera_pkg_py/lib/stereo_camera_pkg_py
[0.979s] writing list of installed files to '/home/yahboom/camera_ws/build/stereo_camera_pkg_py/install.log'
[1.013s] Invoked command in '/home/yahboom/camera_ws/src/stereo_camera_pkg_py' returned '0': PYTHONPATH=/home/yahboom/camera_ws/build/stereo_camera_pkg_py/prefix_override:/home/yahboom/camera_ws/install/stereo_camera_pkg_py/lib/python3.10/site-packages:${PYTHONPATH} /usr/bin/python3 setup.py egg_info --egg-base ../../build/stereo_camera_pkg_py build --build-base /home/yahboom/camera_ws/build/stereo_camera_pkg_py/build install --record /home/yahboom/camera_ws/build/stereo_camera_pkg_py/install.log --single-version-externally-managed
