[0.065s] Invoking command in '/home/elephant/agvpro_stereo/build/stereo_camera_pkg': CMAKE_PREFIX_PATH=${CMAKE_PREFIX_PATH}:/home/elephant/agvpro_stereo/install/stereo_camera_pkg_py:/home/elephant/agv_pro_ros2/install/teleop_twist_keyboard:/home/elephant/agv_pro_ros2/install/rtabmap_python:/home/elephant/agv_pro_ros2/install/agv_pro_autocharge:/home/elephant/agv_pro_ros2/install/nav2_simple_commander:/opt/ros/humble /usr/bin/cmake --build /home/elephant/agvpro_stereo/build/stereo_camera_pkg -- -j6 -l6
[0.171s] gmake: Warning: File 'Makefile' has modification time 1773376052 s in the future
[0.267s] gmake[1]: Warning: File 'CMakeFiles/Makefile2' has modification time 1773376052 s in the future
[0.280s] gmake[2]: Warning: File 'CMakeFiles/stereo_split_node.dir/flags.make' has modification time 1772788844 s in the future
[0.280s] gmake[2]: Warning: File 'CMakeFiles/camera_info.dir/flags.make' has modification time 1772524067 s in the future
[0.281s] gmake[2]: Warning: File 'CMakeFiles/stereo_camera_node.dir/flags.make' has modification time 1772524067 s in the future
[0.282s] gmake[2]: Warning: File 'CMakeFiles/left_camera_node.dir/flags.make' has modification time 1772524067 s in the future
[0.284s] gmake[2]: Warning: File 'CMakeFiles/right_camera_node.dir/flags.make' has modification time 1772524067 s in the future
[0.286s] gmake[2]: Warning: File 'CMakeFiles/stereo_split_node_rgb.dir/flags.make' has modification time 1773376052 s in the future
[0.306s] gmake[2]: warning:  Clock skew detected.  Your build may be incomplete.
[0.309s] gmake[2]: warning:  Clock skew detected.  Your build may be incomplete.
[0.310s] gmake[2]: warning:  Clock skew detected.  Your build may be incomplete.
[0.312s] gmake[2]: warning:  Clock skew detected.  Your build may be incomplete.
[0.312s] gmake[2]: warning:  Clock skew detected.  Your build may be incomplete.
[0.313s] gmake[2]: Warning: File 'CMakeFiles/stereo_camera_node.dir/flags.make' has modification time 1772524067 s in the future
[0.320s] gmake[2]: Warning: File 'CMakeFiles/left_camera_node.dir/flags.make' has modification time 1772524067 s in the future
[0.321s] gmake[2]: Warning: File 'CMakeFiles/right_camera_node.dir/flags.make' has modification time 1772524067 s in the future
[0.321s] gmake[2]: Warning: File 'CMakeFiles/camera_info.dir/flags.make' has modification time 1772524067 s in the future
[0.329s] gmake[2]: Warning: File 'CMakeFiles/stereo_split_node.dir/flags.make' has modification time 1772788844 s in the future
[0.334s] gmake[2]: warning:  Clock skew detected.  Your build may be incomplete.
[0.342s] gmake[2]: Warning: File 'CMakeFiles/stereo_split_node_rgb.dir/flags.make' has modification time 1773376052 s in the future
[0.365s] gmake[2]: warning:  Clock skew detected.  Your build may be incomplete.
[0.365s] gmake[2]: warning:  Clock skew detected.  Your build may be incomplete.
[0.365s] gmake[2]: warning:  Clock skew detected.  Your build may be incomplete.
[0.365s] gmake[2]: warning:  Clock skew detected.  Your build may be incomplete.
[0.366s] gmake[2]: warning:  Clock skew detected.  Your build may be incomplete.
[0.366s] gmake[2]: warning:  Clock skew detected.  Your build may be incomplete.
[0.389s] [ 33%] Built target right_camera_node
[0.389s] [ 33%] Built target stereo_camera_node
[0.393s] [ 50%] Built target camera_info
[0.393s] [ 66%] Built target left_camera_node
[0.403s] [ 83%] Built target stereo_split_node
[0.408s] [100%] Built target stereo_split_node_rgb
[0.409s] gmake[1]: warning:  Clock skew detected.  Your build may be incomplete.
[0.431s] gmake: warning:  Clock skew detected.  Your build may be incomplete.
[0.791s] Invoked command in '/home/elephant/agvpro_stereo/build/stereo_camera_pkg' returned '0': CMAKE_PREFIX_PATH=${CMAKE_PREFIX_PATH}:/home/elephant/agvpro_stereo/install/stereo_camera_pkg_py:/home/elephant/agv_pro_ros2/install/teleop_twist_keyboard:/home/elephant/agv_pro_ros2/install/rtabmap_python:/home/elephant/agv_pro_ros2/install/agv_pro_autocharge:/home/elephant/agv_pro_ros2/install/nav2_simple_commander:/opt/ros/humble /usr/bin/cmake --build /home/elephant/agvpro_stereo/build/stereo_camera_pkg -- -j6 -l6
[0.815s] Invoking command in '/home/elephant/agvpro_stereo/build/stereo_camera_pkg': CMAKE_PREFIX_PATH=${CMAKE_PREFIX_PATH}:/home/elephant/agvpro_stereo/install/stereo_camera_pkg_py:/home/elephant/agv_pro_ros2/install/teleop_twist_keyboard:/home/elephant/agv_pro_ros2/install/rtabmap_python:/home/elephant/agv_pro_ros2/install/agv_pro_autocharge:/home/elephant/agv_pro_ros2/install/nav2_simple_commander:/opt/ros/humble /usr/bin/cmake --install /home/elephant/agvpro_stereo/build/stereo_camera_pkg
[0.845s] -- Install configuration: ""
[0.847s] -- Execute custom install script
[0.848s] -- Up-to-date symlink: /home/elephant/agvpro_stereo/install/stereo_camera_pkg/lib/stereo_camera_pkg/stereo_camera_node
[0.848s] -- Up-to-date symlink: /home/elephant/agvpro_stereo/install/stereo_camera_pkg/lib/stereo_camera_pkg/left_camera_node
[0.849s] -- Up-to-date symlink: /home/elephant/agvpro_stereo/install/stereo_camera_pkg/lib/stereo_camera_pkg/right_camera_node
[0.849s] -- Up-to-date symlink: /home/elephant/agvpro_stereo/install/stereo_camera_pkg/lib/stereo_camera_pkg/camera_info
[0.849s] -- Up-to-date symlink: /home/elephant/agvpro_stereo/install/stereo_camera_pkg/lib/stereo_camera_pkg/stereo_split_node
[0.850s] -- Up-to-date symlink: /home/elephant/agvpro_stereo/install/stereo_camera_pkg/lib/stereo_camera_pkg/stereo_split_node_rgb
[0.855s] -- Up-to-date symlink: /home/elephant/agvpro_stereo/install/stereo_camera_pkg/share/stereo_camera_pkg/apt_rtabmap.launch.py
[0.855s] -- Up-to-date symlink: /home/elephant/agvpro_stereo/install/stereo_camera_pkg/share/stereo_camera_pkg/calib.launch.py
[0.856s] -- Up-to-date symlink: /home/elephant/agvpro_stereo/install/stereo_camera_pkg/share/stereo_camera_pkg/left_calibration.launch.py
[0.856s] -- Up-to-date symlink: /home/elephant/agvpro_stereo/install/stereo_camera_pkg/share/stereo_camera_pkg/new_rtabmap.launch.py
[0.856s] -- Up-to-date symlink: /home/elephant/agvpro_stereo/install/stereo_camera_pkg/share/stereo_camera_pkg/new_usb.launch.py
[0.856s] -- Up-to-date symlink: /home/elephant/agvpro_stereo/install/stereo_camera_pkg/share/stereo_camera_pkg/prtabmap.launch.py
[0.856s] -- Up-to-date symlink: /home/elephant/agvpro_stereo/install/stereo_camera_pkg/share/stereo_camera_pkg/rtabmap.launch.py
[0.856s] -- Up-to-date symlink: /home/elephant/agvpro_stereo/install/stereo_camera_pkg/share/stereo_camera_pkg/stereo_calibration.launch.py
[0.857s] -- Up-to-date symlink: /home/elephant/agvpro_stereo/install/stereo_camera_pkg/share/stereo_camera_pkg/stereo_camera.launch.py
[0.857s] -- Up-to-date symlink: /home/elephant/agvpro_stereo/install/stereo_camera_pkg/share/stereo_camera_pkg/stereo_rgbd.launch.py
[0.857s] -- Up-to-date symlink: /home/elephant/agvpro_stereo/install/stereo_camera_pkg/share/stereo_camera_pkg/stereo_rtabmap.launch.py
[0.857s] -- Up-to-date symlink: /home/elephant/agvpro_stereo/install/stereo_camera_pkg/share/stereo_camera_pkg/usb.launch.py
[0.857s] -- Up-to-date symlink: /home/elephant/agvpro_stereo/install/stereo_camera_pkg/share/stereo_camera_pkg/usb_raw.launch.py
[0.858s] -- Up-to-date symlink: /home/elephant/agvpro_stereo/install/stereo_camera_pkg/share/stereo_camera_pkg/config/left2.yaml
[0.858s] -- Up-to-date symlink: /home/elephant/agvpro_stereo/install/stereo_camera_pkg/share/stereo_camera_pkg/config/left_1.yaml
[0.858s] -- Up-to-date symlink: /home/elephant/agvpro_stereo/install/stereo_camera_pkg/share/stereo_camera_pkg/config/right2.yaml
[0.858s] -- Up-to-date symlink: /home/elephant/agvpro_stereo/install/stereo_camera_pkg/share/stereo_camera_pkg/config/right_1.yaml
[0.858s] -- Up-to-date symlink: /home/elephant/agvpro_stereo/install/stereo_camera_pkg/share/ament_index/resource_index/package_run_dependencies/stereo_camera_pkg
[0.859s] -- Up-to-date symlink: /home/elephant/agvpro_stereo/install/stereo_camera_pkg/share/ament_index/resource_index/parent_prefix_path/stereo_camera_pkg
[0.859s] -- Up-to-date symlink: /home/elephant/agvpro_stereo/install/stereo_camera_pkg/share/stereo_camera_pkg/environment/ament_prefix_path.sh
[0.860s] -- Up-to-date symlink: /home/elephant/agvpro_stereo/install/stereo_camera_pkg/share/stereo_camera_pkg/environment/ament_prefix_path.dsv
[0.860s] -- Up-to-date symlink: /home/elephant/agvpro_stereo/install/stereo_camera_pkg/share/stereo_camera_pkg/environment/path.sh
[0.860s] -- Up-to-date symlink: /home/elephant/agvpro_stereo/install/stereo_camera_pkg/share/stereo_camera_pkg/environment/path.dsv
[0.860s] -- Up-to-date symlink: /home/elephant/agvpro_stereo/install/stereo_camera_pkg/share/stereo_camera_pkg/local_setup.bash
[0.860s] -- Up-to-date symlink: /home/elephant/agvpro_stereo/install/stereo_camera_pkg/share/stereo_camera_pkg/local_setup.sh
[0.861s] -- Up-to-date symlink: /home/elephant/agvpro_stereo/install/stereo_camera_pkg/share/stereo_camera_pkg/local_setup.zsh
[0.861s] -- Up-to-date symlink: /home/elephant/agvpro_stereo/install/stereo_camera_pkg/share/stereo_camera_pkg/local_setup.dsv
[0.861s] -- Symlinking: /home/elephant/agvpro_stereo/install/stereo_camera_pkg/share/stereo_camera_pkg/package.dsv
[0.883s] -- Up-to-date symlink: /home/elephant/agvpro_stereo/install/stereo_camera_pkg/share/ament_index/resource_index/packages/stereo_camera_pkg
[0.884s] -- Up-to-date symlink: /home/elephant/agvpro_stereo/install/stereo_camera_pkg/share/stereo_camera_pkg/cmake/stereo_camera_pkgConfig.cmake
[0.884s] -- Up-to-date symlink: /home/elephant/agvpro_stereo/install/stereo_camera_pkg/share/stereo_camera_pkg/cmake/stereo_camera_pkgConfig-version.cmake
[0.884s] -- Up-to-date symlink: /home/elephant/agvpro_stereo/install/stereo_camera_pkg/share/stereo_camera_pkg/package.xml
[0.889s] Invoked command in '/home/elephant/agvpro_stereo/build/stereo_camera_pkg' returned '0': CMAKE_PREFIX_PATH=${CMAKE_PREFIX_PATH}:/home/elephant/agvpro_stereo/install/stereo_camera_pkg_py:/home/elephant/agv_pro_ros2/install/teleop_twist_keyboard:/home/elephant/agv_pro_ros2/install/rtabmap_python:/home/elephant/agv_pro_ros2/install/agv_pro_autocharge:/home/elephant/agv_pro_ros2/install/nav2_simple_commander:/opt/ros/humble /usr/bin/cmake --install /home/elephant/agvpro_stereo/build/stereo_camera_pkg
