running egg_info
creating ../../build/stereo_camera_pkg_py/stereo_camera_pkg_py.egg-info
writing ../../build/stereo_camera_pkg_py/stereo_camera_pkg_py.egg-info/PKG-INFO
writing dependency_links to ../../build/stereo_camera_pkg_py/stereo_camera_pkg_py.egg-info/dependency_links.txt
writing entry points to ../../build/stereo_camera_pkg_py/stereo_camera_pkg_py.egg-info/entry_points.txt
writing requirements to ../../build/stereo_camera_pkg_py/stereo_camera_pkg_py.egg-info/requires.txt
writing top-level names to ../../build/stereo_camera_pkg_py/stereo_camera_pkg_py.egg-info/top_level.txt
writing manifest file '../../build/stereo_camera_pkg_py/stereo_camera_pkg_py.egg-info/SOURCES.txt'
reading manifest file '../../build/stereo_camera_pkg_py/stereo_camera_pkg_py.egg-info/SOURCES.txt'
writing manifest file '../../build/stereo_camera_pkg_py/stereo_camera_pkg_py.egg-info/SOURCES.txt'
running build
running build_py
creating /home/yahboom/camera_ws/build/stereo_camera_pkg_py/build
creating /home/yahboom/camera_ws/build/stereo_camera_pkg_py/build/lib
creating /home/yahboom/camera_ws/build/stereo_camera_pkg_py/build/lib/stereo_camera_pkg_py
copying stereo_camera_pkg_py/stereo_info.py -> /home/yahboom/camera_ws/build/stereo_camera_pkg_py/build/lib/stereo_camera_pkg_py
copying stereo_camera_pkg_py/__init__.py -> /home/yahboom/camera_ws/build/stereo_camera_pkg_py/build/lib/stereo_camera_pkg_py
running install
running install_lib
creating /home/yahboom/camera_ws/install/stereo_camera_pkg_py/lib/python3.10/site-packages/stereo_camera_pkg_py
copying /home/yahboom/camera_ws/build/stereo_camera_pkg_py/build/lib/stereo_camera_pkg_py/stereo_info.py -> /home/yahboom/camera_ws/install/stereo_camera_pkg_py/lib/python3.10/site-packages/stereo_camera_pkg_py
copying /home/yahboom/camera_ws/build/stereo_camera_pkg_py/build/lib/stereo_camera_pkg_py/__init__.py -> /home/yahboom/camera_ws/install/stereo_camera_pkg_py/lib/python3.10/site-packages/stereo_camera_pkg_py
byte-compiling /home/yahboom/camera_ws/install/stereo_camera_pkg_py/lib/python3.10/site-packages/stereo_camera_pkg_py/stereo_info.py to stereo_info.cpython-310.pyc
byte-compiling /home/yahboom/camera_ws/install/stereo_camera_pkg_py/lib/python3.10/site-packages/stereo_camera_pkg_py/__init__.py to __init__.cpython-310.pyc
running install_data
creating /home/yahboom/camera_ws/install/stereo_camera_pkg_py/share/ament_index
creating /home/yahboom/camera_ws/install/stereo_camera_pkg_py/share/ament_index/resource_index
creating /home/yahboom/camera_ws/install/stereo_camera_pkg_py/share/ament_index/resource_index/packages
copying resource/stereo_camera_pkg_py -> /home/yahboom/camera_ws/install/stereo_camera_pkg_py/share/ament_index/resource_index/packages
copying package.xml -> /home/yahboom/camera_ws/install/stereo_camera_pkg_py/share/stereo_camera_pkg_py
running install_egg_info
Copying ../../build/stereo_camera_pkg_py/stereo_camera_pkg_py.egg-info to /home/yahboom/camera_ws/install/stereo_camera_pkg_py/lib/python3.10/site-packages/stereo_camera_pkg_py-0.0.0-py3.10.egg-info
running install_scripts
writing list of installed files to '/home/yahboom/camera_ws/build/stereo_camera_pkg_py/install.log'
