[0.065s] Invoking command in '/home/yahboom/camera_ws/build/stereo_camera_pkg': CMAKE_PREFIX_PATH=${CMAKE_PREFIX_PATH}:/opt/ros/humble /usr/bin/cmake --build /home/yahboom/camera_ws/build/stereo_camera_pkg -- -j6 -l6
[0.114s] [35m[1mConsolidate compiler generated dependencies of target stereo_camera_node[0m
[0.134s] [ 20%] Built target left_camera_node
[0.135s] [ 40%] Built target camera_info
[0.143s] [ 70%] Built target right_camera_node
[0.145s] [ 80%] Built target stereo_node
[0.146s] [ 90%] [32mBuilding CXX object CMakeFiles/stereo_camera_node.dir/src/stereo_camera_node.cpp.o[0m
[6.541s] [100%] [32m[1mLinking CXX executable stereo_camera_node[0m
[7.195s] [100%] Built target stereo_camera_node
[7.217s] Invoked command in '/home/yahboom/camera_ws/build/stereo_camera_pkg' returned '0': CMAKE_PREFIX_PATH=${CMAKE_PREFIX_PATH}:/opt/ros/humble /usr/bin/cmake --build /home/yahboom/camera_ws/build/stereo_camera_pkg -- -j6 -l6
[7.298s] Invoking command in '/home/yahboom/camera_ws/build/stereo_camera_pkg': CMAKE_PREFIX_PATH=${CMAKE_PREFIX_PATH}:/opt/ros/humble /usr/bin/cmake --install /home/yahboom/camera_ws/build/stereo_camera_pkg
[7.306s] -- Install configuration: ""
[7.307s] -- Installing: /home/yahboom/camera_ws/install/stereo_camera_pkg/lib/stereo_camera_pkg/stereo_camera_node
[7.310s] -- Set runtime path of "/home/yahboom/camera_ws/install/stereo_camera_pkg/lib/stereo_camera_pkg/stereo_camera_node" to ""
[7.310s] -- Up-to-date: /home/yahboom/camera_ws/install/stereo_camera_pkg/lib/stereo_camera_pkg/left_camera_node
[7.310s] -- Up-to-date: /home/yahboom/camera_ws/install/stereo_camera_pkg/lib/stereo_camera_pkg/right_camera_node
[7.310s] -- Up-to-date: /home/yahboom/camera_ws/install/stereo_camera_pkg/lib/stereo_camera_pkg/stereo_node
[7.311s] -- Up-to-date: /home/yahboom/camera_ws/install/stereo_camera_pkg/lib/stereo_camera_pkg/camera_info
[7.311s] -- Up-to-date: /home/yahboom/camera_ws/install/stereo_camera_pkg/share/stereo_camera_pkg
[7.311s] -- Up-to-date: /home/yahboom/camera_ws/install/stereo_camera_pkg/share/stereo_camera_pkg/stereo_calibration.launch.py
[7.311s] -- Up-to-date: /home/yahboom/camera_ws/install/stereo_camera_pkg/share/stereo_camera_pkg/usb.launch.py
[7.311s] -- Up-to-date: /home/yahboom/camera_ws/install/stereo_camera_pkg/share/stereo_camera_pkg/calib.launch.py
[7.312s] -- Up-to-date: /home/yahboom/camera_ws/install/stereo_camera_pkg/share/stereo_camera_pkg/prtabmap.launch.py
[7.312s] -- Up-to-date: /home/yahboom/camera_ws/install/stereo_camera_pkg/share/stereo_camera_pkg/stereo_camera.launch.py
[7.312s] -- Up-to-date: /home/yahboom/camera_ws/install/stereo_camera_pkg/share/stereo_camera_pkg/stereo_rgbd.launch.py
[7.312s] -- Up-to-date: /home/yahboom/camera_ws/install/stereo_camera_pkg/share/stereo_camera_pkg/stereo_rtabmap.launch.py
[7.312s] -- Up-to-date: /home/yahboom/camera_ws/install/stereo_camera_pkg/share/stereo_camera_pkg/apt_rtabmap.launch.py
[7.312s] -- Up-to-date: /home/yahboom/camera_ws/install/stereo_camera_pkg/share/stereo_camera_pkg/left_calibration.launch.py
[7.312s] -- Up-to-date: /home/yahboom/camera_ws/install/stereo_camera_pkg/share/stereo_camera_pkg/rtabmap.launch.py
[7.312s] -- Up-to-date: /home/yahboom/camera_ws/install/stereo_camera_pkg/share/stereo_camera_pkg/config
[7.312s] -- Up-to-date: /home/yahboom/camera_ws/install/stereo_camera_pkg/share/stereo_camera_pkg/config/left_raw.yaml
[7.312s] -- Up-to-date: /home/yahboom/camera_ws/install/stereo_camera_pkg/share/stereo_camera_pkg/config/left.yaml
[7.312s] -- Up-to-date: /home/yahboom/camera_ws/install/stereo_camera_pkg/share/stereo_camera_pkg/config/left2.yaml
[7.312s] -- Up-to-date: /home/yahboom/camera_ws/install/stereo_camera_pkg/share/stereo_camera_pkg/config/right2.yaml
[7.312s] -- Up-to-date: /home/yahboom/camera_ws/install/stereo_camera_pkg/share/stereo_camera_pkg/config/right.yaml
[7.312s] -- Up-to-date: /home/yahboom/camera_ws/install/stereo_camera_pkg/share/stereo_camera_pkg/config/right_raw.yaml
[7.312s] -- Up-to-date: /home/yahboom/camera_ws/install/stereo_camera_pkg/share/ament_index/resource_index/package_run_dependencies/stereo_camera_pkg
[7.312s] -- Up-to-date: /home/yahboom/camera_ws/install/stereo_camera_pkg/share/ament_index/resource_index/parent_prefix_path/stereo_camera_pkg
[7.313s] -- Up-to-date: /home/yahboom/camera_ws/install/stereo_camera_pkg/share/stereo_camera_pkg/environment/ament_prefix_path.sh
[7.313s] -- Up-to-date: /home/yahboom/camera_ws/install/stereo_camera_pkg/share/stereo_camera_pkg/environment/ament_prefix_path.dsv
[7.313s] -- Up-to-date: /home/yahboom/camera_ws/install/stereo_camera_pkg/share/stereo_camera_pkg/environment/path.sh
[7.313s] -- Up-to-date: /home/yahboom/camera_ws/install/stereo_camera_pkg/share/stereo_camera_pkg/environment/path.dsv
[7.313s] -- Up-to-date: /home/yahboom/camera_ws/install/stereo_camera_pkg/share/stereo_camera_pkg/local_setup.bash
[7.313s] -- Up-to-date: /home/yahboom/camera_ws/install/stereo_camera_pkg/share/stereo_camera_pkg/local_setup.sh
[7.313s] -- Up-to-date: /home/yahboom/camera_ws/install/stereo_camera_pkg/share/stereo_camera_pkg/local_setup.zsh
[7.313s] -- Up-to-date: /home/yahboom/camera_ws/install/stereo_camera_pkg/share/stereo_camera_pkg/local_setup.dsv
[7.313s] -- Installing: /home/yahboom/camera_ws/install/stereo_camera_pkg/share/stereo_camera_pkg/package.dsv
[7.313s] -- Up-to-date: /home/yahboom/camera_ws/install/stereo_camera_pkg/share/ament_index/resource_index/packages/stereo_camera_pkg
[7.313s] -- Up-to-date: /home/yahboom/camera_ws/install/stereo_camera_pkg/share/stereo_camera_pkg/cmake/stereo_camera_pkgConfig.cmake
[7.313s] -- Up-to-date: /home/yahboom/camera_ws/install/stereo_camera_pkg/share/stereo_camera_pkg/cmake/stereo_camera_pkgConfig-version.cmake
[7.313s] -- Up-to-date: /home/yahboom/camera_ws/install/stereo_camera_pkg/share/stereo_camera_pkg/package.xml
[7.316s] Invoked command in '/home/yahboom/camera_ws/build/stereo_camera_pkg' returned '0': CMAKE_PREFIX_PATH=${CMAKE_PREFIX_PATH}:/opt/ros/humble /usr/bin/cmake --install /home/yahboom/camera_ws/build/stereo_camera_pkg
