In file included from [01m[K/opt/ros/humble/include/rclcpp/rclcpp/logging.hpp:24[m[K,
                 from [01m[K/opt/ros/humble/include/rclcpp/rclcpp/client.hpp:40[m[K,
                 from [01m[K/opt/ros/humble/include/rclcpp/rclcpp/callback_group.hpp:24[m[K,
                 from [01m[K/opt/ros/humble/include/rclcpp/rclcpp/any_executable.hpp:20[m[K,
                 from [01m[K/opt/ros/humble/include/rclcpp/rclcpp/memory_strategy.hpp:25[m[K,
                 from [01m[K/opt/ros/humble/include/rclcpp/rclcpp/memory_strategies.hpp:18[m[K,
                 from [01m[K/opt/ros/humble/include/rclcpp/rclcpp/executor_options.hpp:20[m[K,
                 from [01m[K/opt/ros/humble/include/rclcpp/rclcpp/executor.hpp:37[m[K,
                 from [01m[K/opt/ros/humble/include/rclcpp/rclcpp/executors/multi_threaded_executor.hpp:25[m[K,
                 from [01m[K/opt/ros/humble/include/rclcpp/rclcpp/executors.hpp:21[m[K,
                 from [01m[K/opt/ros/humble/include/rclcpp/rclcpp/rclcpp.hpp:155[m[K,
                 from [01m[K/home/yahboom/camera_ws/src/stereo_camera_pkg/src/camera_info.cpp:1[m[K:
[01m[K/home/yahboom/camera_ws/src/stereo_camera_pkg/src/camera_info.cpp:[m[K In member function ‘[01m[Kvoid StereoCameraNode::stereo_callback()[m[K’:
[01m[K/home/yahboom/camera_ws/src/stereo_camera_pkg/src/camera_info.cpp:270:34:[m[K [01;35m[Kwarning: [m[Kformat ‘[01m[K%lld[m[K’ expects argument of type ‘[01m[Klong long int[m[K’, but argument 5 has type ‘[01m[Kstd::chrono::duration<long int, std::ratio<1, 1000> >::rep[m[K’ {aka ‘[01m[Klong int[m[K’} [[01;35m[K]8;;https://gcc.gnu.org/onlinedocs/gcc/Warning-Options.html#index-Wformat=-Wformat=]8;;[m[K]
  270 |                                  [01;35m[K"Callback total耗时: %lld ms (target: ~66ms)"[m[K, [32m[Kduration.count()[m[K);
      |                                  [01;35m[K^~~~~~~~~~~~~~~~~~~~~~~~~~~~~~~~~~~~~~~~~~~~~[m[K  [32m[K~~~~~~~~~~~~~~~~[m[K
      |                                                                                               [32m[K|[m[K
      |                                                                                               [32m[Kstd::chrono::duration<long int, std::ratio<1, 1000> >::rep {aka long int}[m[K
[01m[K/home/yahboom/camera_ws/src/stereo_camera_pkg/src/camera_info.cpp:270:58:[m[K [01;36m[Knote: [m[Kformat string is defined here
  270 |                                  "Callback total耗时: [01;36m[K%lld[m[K ms (target: ~66ms)", duration.count());
      |                                                       [01;36m[K~~~^[m[K
      |                                                          [01;36m[K|[m[K
      |                                                          [01;36m[Klong long int[m[K
      |                                                       [32m[K%ld[m[K
