running egg_info
writing ../../build/stereo_camera_pkg_py/stereo_camera_pkg_py.egg-info/PKG-INFO
writing dependency_links to ../../build/stereo_camera_pkg_py/stereo_camera_pkg_py.egg-info/dependency_links.txt
writing entry points to ../../build/stereo_camera_pkg_py/stereo_camera_pkg_py.egg-info/entry_points.txt
writing requirements to ../../build/stereo_camera_pkg_py/stereo_camera_pkg_py.egg-info/requires.txt
writing top-level names to ../../build/stereo_camera_pkg_py/stereo_camera_pkg_py.egg-info/top_level.txt
reading manifest file '../../build/stereo_camera_pkg_py/stereo_camera_pkg_py.egg-info/SOURCES.txt'
writing manifest file '../../build/stereo_camera_pkg_py/stereo_camera_pkg_py.egg-info/SOURCES.txt'
running build
running build_py
copying stereo_camera_pkg_py/stereo_info.py -> /home/yahboom/camera_ws/build/stereo_camera_pkg_py/build/lib/stereo_camera_pkg_py
running install
running install_lib
copying /home/yahboom/camera_ws/build/stereo_camera_pkg_py/build/lib/stereo_camera_pkg_py/stereo_info.py -> /home/yahboom/camera_ws/install/stereo_camera_pkg_py/lib/python3.10/site-packages/stereo_camera_pkg_py
byte-compiling /home/yahboom/camera_ws/install/stereo_camera_pkg_py/lib/python3.10/site-packages/stereo_camera_pkg_py/stereo_info.py to stereo_info.cpython-310.pyc
running install_data
copying launch/stereo.launch.py -> /home/yahboom/camera_ws/install/stereo_camera_pkg_py/share/stereo_camera_pkg_py/launch
running install_egg_info
removing '/home/yahboom/camera_ws/install/stereo_camera_pkg_py/lib/python3.10/site-packages/stereo_camera_pkg_py-0.0.0-py3.10.egg-info' (and everything under it)
Copying ../../build/stereo_camera_pkg_py/stereo_camera_pkg_py.egg-info to /home/yahboom/camera_ws/install/stereo_camera_pkg_py/lib/python3.10/site-packages/stereo_camera_pkg_py-0.0.0-py3.10.egg-info
running install_scripts
writing list of installed files to '/home/yahboom/camera_ws/build/stereo_camera_pkg_py/install.log'
