[0.344s] [34mcolcon[0m [1;30mDEBUG[0m [32mCommand line arguments: ['/usr/bin/colcon', 'build'][0m
[0.344s] [34mcolcon[0m [1;30mDEBUG[0m [32mParsed command line arguments: Namespace(log_base=None, log_level=None, verb_name='build', build_base='build', install_base='install', merge_install=False, symlink_install=False, test_result_base=None, continue_on_error=False, executor='parallel', parallel_workers=6, event_handlers=None, ignore_user_meta=False, metas=['./colcon.meta'], base_paths=['.'], packages_ignore=None, packages_ignore_regex=None, paths=None, packages_up_to=None, packages_up_to_regex=None, packages_above=None, packages_above_and_dependencies=None, packages_above_depth=None, packages_select_by_dep=None, packages_skip_by_dep=None, packages_skip_up_to=None, packages_select_build_failed=False, packages_skip_build_finished=False, packages_select_test_failures=False, packages_skip_test_passed=False, packages_select=None, packages_skip=None, packages_select_regex=None, packages_skip_regex=None, packages_start=None, packages_end=None, allow_overriding=[], cmake_args=None, cmake_target=None, cmake_target_skip_unavailable=False, cmake_clean_cache=False, cmake_clean_first=False, cmake_force_configure=False, ament_cmake_args=None, catkin_cmake_args=None, catkin_skip_building_tests=False, mixin_files=None, mixin=None, verb_parser=<colcon_mixin.mixin.mixin_argument.MixinArgumentDecorator object at 0xffffa4cce9e0>, verb_extension=<colcon_core.verb.build.BuildVerb object at 0xffffa4ec84f0>, main=<bound method BuildVerb.main of <colcon_core.verb.build.BuildVerb object at 0xffffa4ec84f0>>, mixin_verb=('build',))[0m
[0.956s] [34mcolcon.colcon_core.package_discovery[0m [1;30mLevel 1[0m discover_packages(colcon_meta) check parameters
[0.956s] [34mcolcon.colcon_core.package_discovery[0m [1;30mLevel 1[0m discover_packages(recursive) check parameters
[0.956s] [34mcolcon.colcon_core.package_discovery[0m [1;30mLevel 1[0m discover_packages(ignore) check parameters
[0.956s] [34mcolcon.colcon_core.package_discovery[0m [1;30mLevel 1[0m discover_packages(path) check parameters
[0.956s] [34mcolcon.colcon_core.package_discovery[0m [1;30mLevel 1[0m discover_packages(colcon_meta) discover
[0.956s] [34mcolcon.colcon_core.package_discovery[0m [1;30mLevel 1[0m discover_packages(recursive) discover
[0.956s] [34mcolcon.colcon_core.package_discovery[0m [1;30mINFO[0m Crawling recursively for packages in '/home/elephant/agvpro_stereo'
[0.957s] [34mcolcon.colcon_core.package_identification[0m [1;30mLevel 1[0m _identify(.) by extensions ['ignore', 'ignore_ament_install']
[0.957s] [34mcolcon.colcon_core.package_identification[0m [1;30mLevel 1[0m _identify(.) by extension 'ignore'
[0.957s] [34mcolcon.colcon_core.package_identification[0m [1;30mLevel 1[0m _identify(.) by extension 'ignore_ament_install'
[0.957s] [34mcolcon.colcon_core.package_identification[0m [1;30mLevel 1[0m _identify(.) by extensions ['colcon_pkg']
[0.957s] [34mcolcon.colcon_core.package_identification[0m [1;30mLevel 1[0m _identify(.) by extension 'colcon_pkg'
[0.957s] [34mcolcon.colcon_core.package_identification[0m [1;30mLevel 1[0m _identify(.) by extensions ['colcon_meta']
[0.957s] [34mcolcon.colcon_core.package_identification[0m [1;30mLevel 1[0m _identify(.) by extension 'colcon_meta'
[0.957s] [34mcolcon.colcon_core.package_identification[0m [1;30mLevel 1[0m _identify(.) by extensions ['ros']
[0.957s] [34mcolcon.colcon_core.package_identification[0m [1;30mLevel 1[0m _identify(.) by extension 'ros'
[0.983s] [34mcolcon.colcon_core.package_identification[0m [1;30mLevel 1[0m _identify(.) by extensions ['cmake', 'python']
[0.984s] [34mcolcon.colcon_core.package_identification[0m [1;30mLevel 1[0m _identify(.) by extension 'cmake'
[0.984s] [34mcolcon.colcon_core.package_identification[0m [1;30mLevel 1[0m _identify(.) by extension 'python'
[0.984s] [34mcolcon.colcon_core.package_identification[0m [1;30mLevel 1[0m _identify(.) by extensions ['python_setup_py']
[0.984s] [34mcolcon.colcon_core.package_identification[0m [1;30mLevel 1[0m _identify(.) by extension 'python_setup_py'
[0.984s] [34mcolcon.colcon_core.package_identification[0m [1;30mLevel 1[0m _identify(Log) by extensions ['ignore', 'ignore_ament_install']
[0.985s] [34mcolcon.colcon_core.package_identification[0m [1;30mLevel 1[0m _identify(Log) by extension 'ignore'
[0.985s] [34mcolcon.colcon_core.package_identification[0m [1;30mLevel 1[0m _identify(Log) by extension 'ignore_ament_install'
[0.985s] [34mcolcon.colcon_core.package_identification[0m [1;30mLevel 1[0m _identify(Log) by extensions ['colcon_pkg']
[0.985s] [34mcolcon.colcon_core.package_identification[0m [1;30mLevel 1[0m _identify(Log) by extension 'colcon_pkg'
[0.985s] [34mcolcon.colcon_core.package_identification[0m [1;30mLevel 1[0m _identify(Log) by extensions ['colcon_meta']
[0.985s] [34mcolcon.colcon_core.package_identification[0m [1;30mLevel 1[0m _identify(Log) by extension 'colcon_meta'
[0.985s] [34mcolcon.colcon_core.package_identification[0m [1;30mLevel 1[0m _identify(Log) by extensions ['ros']
[0.985s] [34mcolcon.colcon_core.package_identification[0m [1;30mLevel 1[0m _identify(Log) by extension 'ros'
[0.985s] [34mcolcon.colcon_core.package_identification[0m [1;30mLevel 1[0m _identify(Log) by extensions ['cmake', 'python']
[0.985s] [34mcolcon.colcon_core.package_identification[0m [1;30mLevel 1[0m _identify(Log) by extension 'cmake'
[0.986s] [34mcolcon.colcon_core.package_identification[0m [1;30mLevel 1[0m _identify(Log) by extension 'python'
[0.986s] [34mcolcon.colcon_core.package_identification[0m [1;30mLevel 1[0m _identify(Log) by extensions ['python_setup_py']
[0.986s] [34mcolcon.colcon_core.package_identification[0m [1;30mLevel 1[0m _identify(Log) by extension 'python_setup_py'
[0.986s] [34mcolcon.colcon_core.package_identification[0m [1;30mLevel 1[0m _identify(build) by extensions ['ignore', 'ignore_ament_install']
[0.986s] [34mcolcon.colcon_core.package_identification[0m [1;30mLevel 1[0m _identify(build) by extension 'ignore'
[0.986s] [34mcolcon.colcon_core.package_identification[0m [1;30mLevel 1[0m _identify(build) ignored
[0.986s] [34mcolcon.colcon_core.package_identification[0m [1;30mLevel 1[0m _identify(install) by extensions ['ignore', 'ignore_ament_install']
[0.987s] [34mcolcon.colcon_core.package_identification[0m [1;30mLevel 1[0m _identify(install) by extension 'ignore'
[0.987s] [34mcolcon.colcon_core.package_identification[0m [1;30mLevel 1[0m _identify(install) ignored
[0.988s] [34mcolcon.colcon_core.package_identification[0m [1;30mLevel 1[0m _identify(log) by extensions ['ignore', 'ignore_ament_install']
[0.988s] [34mcolcon.colcon_core.package_identification[0m [1;30mLevel 1[0m _identify(log) by extension 'ignore'
[0.988s] [34mcolcon.colcon_core.package_identification[0m [1;30mLevel 1[0m _identify(log) ignored
[0.988s] [34mcolcon.colcon_core.package_identification[0m [1;30mLevel 1[0m _identify(src) by extensions ['ignore', 'ignore_ament_install']
[0.988s] [34mcolcon.colcon_core.package_identification[0m [1;30mLevel 1[0m _identify(src) by extension 'ignore'
[0.988s] [34mcolcon.colcon_core.package_identification[0m [1;30mLevel 1[0m _identify(src) by extension 'ignore_ament_install'
[0.988s] [34mcolcon.colcon_core.package_identification[0m [1;30mLevel 1[0m _identify(src) by extensions ['colcon_pkg']
[0.988s] [34mcolcon.colcon_core.package_identification[0m [1;30mLevel 1[0m _identify(src) by extension 'colcon_pkg'
[0.989s] [34mcolcon.colcon_core.package_identification[0m [1;30mLevel 1[0m _identify(src) by extensions ['colcon_meta']
[0.989s] [34mcolcon.colcon_core.package_identification[0m [1;30mLevel 1[0m _identify(src) by extension 'colcon_meta'
[0.989s] [34mcolcon.colcon_core.package_identification[0m [1;30mLevel 1[0m _identify(src) by extensions ['ros']
[0.989s] [34mcolcon.colcon_core.package_identification[0m [1;30mLevel 1[0m _identify(src) by extension 'ros'
[0.989s] [34mcolcon.colcon_core.package_identification[0m [1;30mLevel 1[0m _identify(src) by extensions ['cmake', 'python']
[0.989s] [34mcolcon.colcon_core.package_identification[0m [1;30mLevel 1[0m _identify(src) by extension 'cmake'
[0.989s] [34mcolcon.colcon_core.package_identification[0m [1;30mLevel 1[0m _identify(src) by extension 'python'
[0.989s] [34mcolcon.colcon_core.package_identification[0m [1;30mLevel 1[0m _identify(src) by extensions ['python_setup_py']
[0.989s] [34mcolcon.colcon_core.package_identification[0m [1;30mLevel 1[0m _identify(src) by extension 'python_setup_py'
[0.989s] [34mcolcon.colcon_core.package_identification[0m [1;30mLevel 1[0m _identify(src/stereo_camera_pkg) by extensions ['ignore', 'ignore_ament_install']
[0.990s] [34mcolcon.colcon_core.package_identification[0m [1;30mLevel 1[0m _identify(src/stereo_camera_pkg) by extension 'ignore'
[0.990s] [34mcolcon.colcon_core.package_identification[0m [1;30mLevel 1[0m _identify(src/stereo_camera_pkg) by extension 'ignore_ament_install'
[0.990s] [34mcolcon.colcon_core.package_identification[0m [1;30mLevel 1[0m _identify(src/stereo_camera_pkg) by extensions ['colcon_pkg']
[0.990s] [34mcolcon.colcon_core.package_identification[0m [1;30mLevel 1[0m _identify(src/stereo_camera_pkg) by extension 'colcon_pkg'
[0.990s] [34mcolcon.colcon_core.package_identification[0m [1;30mLevel 1[0m _identify(src/stereo_camera_pkg) by extensions ['colcon_meta']
[0.990s] [34mcolcon.colcon_core.package_identification[0m [1;30mLevel 1[0m _identify(src/stereo_camera_pkg) by extension 'colcon_meta'
[0.990s] [34mcolcon.colcon_core.package_identification[0m [1;30mLevel 1[0m _identify(src/stereo_camera_pkg) by extensions ['ros']
[0.990s] [34mcolcon.colcon_core.package_identification[0m [1;30mLevel 1[0m _identify(src/stereo_camera_pkg) by extension 'ros'
[0.996s] [34mcolcon.colcon_core.package_identification[0m [1;30mDEBUG[0m [32mPackage 'src/stereo_camera_pkg' with type 'ros.ament_cmake' and name 'stereo_camera_pkg'[0m
[0.996s] [34mcolcon.colcon_core.package_identification[0m [1;30mLevel 1[0m _identify(src/stereo_camera_pkg_py) by extensions ['ignore', 'ignore_ament_install']
[0.997s] [34mcolcon.colcon_core.package_identification[0m [1;30mLevel 1[0m _identify(src/stereo_camera_pkg_py) by extension 'ignore'
[0.997s] [34mcolcon.colcon_core.package_identification[0m [1;30mLevel 1[0m _identify(src/stereo_camera_pkg_py) by extension 'ignore_ament_install'
[0.997s] [34mcolcon.colcon_core.package_identification[0m [1;30mLevel 1[0m _identify(src/stereo_camera_pkg_py) by extensions ['colcon_pkg']
[0.997s] [34mcolcon.colcon_core.package_identification[0m [1;30mLevel 1[0m _identify(src/stereo_camera_pkg_py) by extension 'colcon_pkg'
[0.997s] [34mcolcon.colcon_core.package_identification[0m [1;30mLevel 1[0m _identify(src/stereo_camera_pkg_py) by extensions ['colcon_meta']
[0.997s] [34mcolcon.colcon_core.package_identification[0m [1;30mLevel 1[0m _identify(src/stereo_camera_pkg_py) by extension 'colcon_meta'
[0.997s] [34mcolcon.colcon_core.package_identification[0m [1;30mLevel 1[0m _identify(src/stereo_camera_pkg_py) by extensions ['ros']
[0.997s] [34mcolcon.colcon_core.package_identification[0m [1;30mLevel 1[0m _identify(src/stereo_camera_pkg_py) by extension 'ros'
[0.999s] [34mcolcon.colcon_core.package_identification[0m [1;30mDEBUG[0m [32mPackage 'src/stereo_camera_pkg_py' with type 'ros.ament_python' and name 'stereo_camera_pkg_py'[0m
[0.999s] [34mcolcon.colcon_core.package_discovery[0m [1;30mLevel 1[0m discover_packages(recursive) using defaults
[0.999s] [34mcolcon.colcon_core.package_discovery[0m [1;30mLevel 1[0m discover_packages(ignore) discover
[0.999s] [34mcolcon.colcon_core.package_discovery[0m [1;30mLevel 1[0m discover_packages(ignore) using defaults
[0.999s] [34mcolcon.colcon_core.package_discovery[0m [1;30mLevel 1[0m discover_packages(path) discover
[0.999s] [34mcolcon.colcon_core.package_discovery[0m [1;30mLevel 1[0m discover_packages(path) using defaults
[1.042s] [34mcolcon.colcon_core.package_discovery[0m [1;30mLevel 1[0m discover_packages(prefix_path) check parameters
[1.042s] [34mcolcon.colcon_core.package_discovery[0m [1;30mLevel 1[0m discover_packages(prefix_path) discover
[1.053s] [34mcolcon.colcon_installed_package_information.package_discovery[0m [1;30mDEBUG[0m [32mFound 2 installed packages in /home/elephant/agvpro_stereo/install[0m
[1.054s] [34mcolcon.colcon_installed_package_information.package_discovery[0m [1;30mDEBUG[0m [32mFound 1 installed packages in /home/elephant/gscam_ws/install[0m
[1.058s] [34mcolcon.colcon_installed_package_information.package_discovery[0m [1;30mDEBUG[0m [32mFound 71 installed packages in /home/elephant/agv_pro_ros2/install[0m
[1.062s] [34mcolcon.colcon_installed_package_information.package_discovery[0m [1;30mDEBUG[0m [32mFound 420 installed packages in /opt/ros/humble[0m
[1.067s] [34mcolcon.colcon_core.package_discovery[0m [1;30mLevel 1[0m discover_packages(prefix_path) using defaults
[1.201s] [34mcolcon.colcon_core.verb[0m [1;30mLevel 5[0m set package 'stereo_camera_pkg' build argument 'cmake_args' from command line to 'None'
[1.201s] [34mcolcon.colcon_core.verb[0m [1;30mLevel 5[0m set package 'stereo_camera_pkg' build argument 'cmake_target' from command line to 'None'
[1.201s] [34mcolcon.colcon_core.verb[0m [1;30mLevel 5[0m set package 'stereo_camera_pkg' build argument 'cmake_target_skip_unavailable' from command line to 'False'
[1.201s] [34mcolcon.colcon_core.verb[0m [1;30mLevel 5[0m set package 'stereo_camera_pkg' build argument 'cmake_clean_cache' from command line to 'False'
[1.201s] [34mcolcon.colcon_core.verb[0m [1;30mLevel 5[0m set package 'stereo_camera_pkg' build argument 'cmake_clean_first' from command line to 'False'
[1.201s] [34mcolcon.colcon_core.verb[0m [1;30mLevel 5[0m set package 'stereo_camera_pkg' build argument 'cmake_force_configure' from command line to 'False'
[1.201s] [34mcolcon.colcon_core.verb[0m [1;30mLevel 5[0m set package 'stereo_camera_pkg' build argument 'ament_cmake_args' from command line to 'None'
[1.201s] [34mcolcon.colcon_core.verb[0m [1;30mLevel 5[0m set package 'stereo_camera_pkg' build argument 'catkin_cmake_args' from command line to 'None'
[1.201s] [34mcolcon.colcon_core.verb[0m [1;30mLevel 5[0m set package 'stereo_camera_pkg' build argument 'catkin_skip_building_tests' from command line to 'False'
[1.201s] [34mcolcon.colcon_core.verb[0m [1;30mDEBUG[0m [32mBuilding package 'stereo_camera_pkg' with the following arguments: {'ament_cmake_args': None, 'build_base': '/home/elephant/agvpro_stereo/build/stereo_camera_pkg', 'catkin_cmake_args': None, 'catkin_skip_building_tests': False, 'cmake_args': None, 'cmake_clean_cache': False, 'cmake_clean_first': False, 'cmake_force_configure': False, 'cmake_target': None, 'cmake_target_skip_unavailable': False, 'install_base': '/home/elephant/agvpro_stereo/install/stereo_camera_pkg', 'merge_install': False, 'path': '/home/elephant/agvpro_stereo/src/stereo_camera_pkg', 'symlink_install': False, 'test_result_base': None}[0m
[1.202s] [34mcolcon.colcon_core.verb[0m [1;30mLevel 5[0m set package 'stereo_camera_pkg_py' build argument 'cmake_args' from command line to 'None'
[1.202s] [34mcolcon.colcon_core.verb[0m [1;30mLevel 5[0m set package 'stereo_camera_pkg_py' build argument 'cmake_target' from command line to 'None'
[1.202s] [34mcolcon.colcon_core.verb[0m [1;30mLevel 5[0m set package 'stereo_camera_pkg_py' build argument 'cmake_target_skip_unavailable' from command line to 'False'
[1.202s] [34mcolcon.colcon_core.verb[0m [1;30mLevel 5[0m set package 'stereo_camera_pkg_py' build argument 'cmake_clean_cache' from command line to 'False'
[1.202s] [34mcolcon.colcon_core.verb[0m [1;30mLevel 5[0m set package 'stereo_camera_pkg_py' build argument 'cmake_clean_first' from command line to 'False'
[1.202s] [34mcolcon.colcon_core.verb[0m [1;30mLevel 5[0m set package 'stereo_camera_pkg_py' build argument 'cmake_force_configure' from command line to 'False'
[1.202s] [34mcolcon.colcon_core.verb[0m [1;30mLevel 5[0m set package 'stereo_camera_pkg_py' build argument 'ament_cmake_args' from command line to 'None'
[1.202s] [34mcolcon.colcon_core.verb[0m [1;30mLevel 5[0m set package 'stereo_camera_pkg_py' build argument 'catkin_cmake_args' from command line to 'None'
[1.202s] [34mcolcon.colcon_core.verb[0m [1;30mLevel 5[0m set package 'stereo_camera_pkg_py' build argument 'catkin_skip_building_tests' from command line to 'False'
[1.203s] [34mcolcon.colcon_core.verb[0m [1;30mDEBUG[0m [32mBuilding package 'stereo_camera_pkg_py' with the following arguments: {'ament_cmake_args': None, 'build_base': '/home/elephant/agvpro_stereo/build/stereo_camera_pkg_py', 'catkin_cmake_args': None, 'catkin_skip_building_tests': False, 'cmake_args': None, 'cmake_clean_cache': False, 'cmake_clean_first': False, 'cmake_force_configure': False, 'cmake_target': None, 'cmake_target_skip_unavailable': False, 'install_base': '/home/elephant/agvpro_stereo/install/stereo_camera_pkg_py', 'merge_install': False, 'path': '/home/elephant/agvpro_stereo/src/stereo_camera_pkg_py', 'symlink_install': False, 'test_result_base': None}[0m
[1.203s] [34mcolcon.colcon_core.executor[0m [1;30mINFO[0m Executing jobs using 'parallel' executor
[1.206s] [34mcolcon.colcon_parallel_executor.executor.parallel[0m [1;30mDEBUG[0m [32mrun_until_complete[0m
[1.207s] [34mcolcon.colcon_ros.task.ament_cmake.build[0m [1;30mINFO[0m Building ROS package in '/home/elephant/agvpro_stereo/src/stereo_camera_pkg' with build type 'ament_cmake'
[1.207s] [34mcolcon.colcon_cmake.task.cmake.build[0m [1;30mINFO[0m Building CMake package in '/home/elephant/agvpro_stereo/src/stereo_camera_pkg'
[1.217s] [34mcolcon.colcon_core.plugin_system[0m [1;30mINFO[0m Skipping extension 'colcon_core.shell.bat': Not used on non-Windows systems
[1.217s] [34mcolcon.colcon_core.shell[0m [1;30mINFO[0m Skip shell extension 'powershell' for command environment: Not usable outside of PowerShell
[1.218s] [34mcolcon.colcon_core.shell[0m [1;30mDEBUG[0m [32mSkip shell extension 'dsv' for command environment[0m
[1.234s] [34mcolcon.colcon_ros.task.ament_python.build[0m [1;30mINFO[0m Building ROS package in '/home/elephant/agvpro_stereo/src/stereo_camera_pkg_py' with build type 'ament_python'
[1.234s] [34mcolcon.colcon_core.shell[0m [1;30mLevel 1[0m create_environment_hook('stereo_camera_pkg_py', 'ament_prefix_path')
[1.235s] [34mcolcon.colcon_core.shell[0m [1;30mINFO[0m Creating environment hook '/home/elephant/agvpro_stereo/install/stereo_camera_pkg_py/share/stereo_camera_pkg_py/hook/ament_prefix_path.ps1'
[1.241s] [34mcolcon.colcon_core.shell[0m [1;30mINFO[0m Creating environment descriptor '/home/elephant/agvpro_stereo/install/stereo_camera_pkg_py/share/stereo_camera_pkg_py/hook/ament_prefix_path.dsv'
[1.246s] [34mcolcon.colcon_core.shell[0m [1;30mINFO[0m Creating environment hook '/home/elephant/agvpro_stereo/install/stereo_camera_pkg_py/share/stereo_camera_pkg_py/hook/ament_prefix_path.sh'
[1.250s] [34mcolcon.colcon_core.shell[0m [1;30mINFO[0m Skip shell extension 'powershell' for command environment: Not usable outside of PowerShell
[1.250s] [34mcolcon.colcon_core.shell[0m [1;30mDEBUG[0m [32mSkip shell extension 'dsv' for command environment[0m
[1.278s] [34mcolcon.colcon_core.event_handler.log_command[0m [1;30mDEBUG[0m [32mInvoking command in '/home/elephant/agvpro_stereo/build/stereo_camera_pkg': CMAKE_PREFIX_PATH=${CMAKE_PREFIX_PATH}:/home/elephant/agvpro_stereo/install/stereo_camera_pkg_py:/home/elephant/agv_pro_ros2/install/teleop_twist_keyboard:/home/elephant/agv_pro_ros2/install/rtabmap_python:/home/elephant/agv_pro_ros2/install/agv_pro_autocharge:/home/elephant/agv_pro_ros2/install/nav2_simple_commander:/home/elephant/agv_pro_ros2/install/agv_pro_description:/opt/ros/humble /usr/bin/cmake --build /home/elephant/agvpro_stereo/build/stereo_camera_pkg -- -j6 -l6[0m
[1.961s] [34mcolcon.colcon_core.task.python.build[0m [1;30mINFO[0m Building Python package in '/home/elephant/agvpro_stereo/src/stereo_camera_pkg_py'
[1.962s] [34mcolcon.colcon_core.shell[0m [1;30mINFO[0m Skip shell extension 'powershell' for command environment: Not usable outside of PowerShell
[1.962s] [34mcolcon.colcon_core.shell[0m [1;30mDEBUG[0m [32mSkip shell extension 'dsv' for command environment[0m
[3.284s] [34mcolcon.colcon_core.event_handler.log_command[0m [1;30mDEBUG[0m [32mInvoking command in '/home/elephant/agvpro_stereo/src/stereo_camera_pkg_py': PYTHONPATH=/home/elephant/agvpro_stereo/build/stereo_camera_pkg_py/prefix_override:/usr/lib/python3/dist-packages/colcon_core/task/python/colcon_distutils_commands:/home/elephant/agvpro_stereo/install/stereo_camera_pkg_py/lib/python3.10/site-packages:${PYTHONPATH} /usr/bin/python3 -W ignore:setup.py install is deprecated -W ignore:easy_install command is deprecated setup.py egg_info --egg-base ../../build/stereo_camera_pkg_py build --build-base /home/elephant/agvpro_stereo/build/stereo_camera_pkg_py/build install --record /home/elephant/agvpro_stereo/build/stereo_camera_pkg_py/install.log --single-version-externally-managed install_data[0m
[4.012s] [34mcolcon.colcon_core.event_handler.log_command[0m [1;30mDEBUG[0m [32mInvoked command in '/home/elephant/agvpro_stereo/src/stereo_camera_pkg_py' returned '0': PYTHONPATH=/home/elephant/agvpro_stereo/build/stereo_camera_pkg_py/prefix_override:/usr/lib/python3/dist-packages/colcon_core/task/python/colcon_distutils_commands:/home/elephant/agvpro_stereo/install/stereo_camera_pkg_py/lib/python3.10/site-packages:${PYTHONPATH} /usr/bin/python3 -W ignore:setup.py install is deprecated -W ignore:easy_install command is deprecated setup.py egg_info --egg-base ../../build/stereo_camera_pkg_py build --build-base /home/elephant/agvpro_stereo/build/stereo_camera_pkg_py/build install --record /home/elephant/agvpro_stereo/build/stereo_camera_pkg_py/install.log --single-version-externally-managed install_data[0m
[4.021s] [34mcolcon.colcon_core.environment[0m [1;30mLevel 1[0m checking '/home/elephant/agvpro_stereo/install/stereo_camera_pkg_py' for CMake module files
[4.022s] [34mcolcon.colcon_core.environment[0m [1;30mLevel 1[0m checking '/home/elephant/agvpro_stereo/install/stereo_camera_pkg_py' for CMake config files
[4.024s] [34mcolcon.colcon_core.environment[0m [1;30mLevel 1[0m checking '/home/elephant/agvpro_stereo/install/stereo_camera_pkg_py/lib'
[4.024s] [34mcolcon.colcon_core.environment[0m [1;30mLevel 1[0m checking '/home/elephant/agvpro_stereo/install/stereo_camera_pkg_py/bin'
[4.024s] [34mcolcon.colcon_core.environment[0m [1;30mLevel 1[0m checking '/home/elephant/agvpro_stereo/install/stereo_camera_pkg_py/lib/pkgconfig/stereo_camera_pkg_py.pc'
[4.024s] [34mcolcon.colcon_core.environment[0m [1;30mLevel 1[0m checking '/home/elephant/agvpro_stereo/install/stereo_camera_pkg_py/lib/python3.10/site-packages'
[4.025s] [34mcolcon.colcon_core.shell[0m [1;30mLevel 1[0m create_environment_hook('stereo_camera_pkg_py', 'pythonpath')
[4.025s] [34mcolcon.colcon_core.shell[0m [1;30mINFO[0m Creating environment hook '/home/elephant/agvpro_stereo/install/stereo_camera_pkg_py/share/stereo_camera_pkg_py/hook/pythonpath.ps1'
[4.026s] [34mcolcon.colcon_core.shell[0m [1;30mINFO[0m Creating environment descriptor '/home/elephant/agvpro_stereo/install/stereo_camera_pkg_py/share/stereo_camera_pkg_py/hook/pythonpath.dsv'
[4.027s] [34mcolcon.colcon_core.shell[0m [1;30mINFO[0m Creating environment hook '/home/elephant/agvpro_stereo/install/stereo_camera_pkg_py/share/stereo_camera_pkg_py/hook/pythonpath.sh'
[4.028s] [34mcolcon.colcon_core.environment[0m [1;30mLevel 1[0m checking '/home/elephant/agvpro_stereo/install/stereo_camera_pkg_py/bin'
[4.028s] [34mcolcon.colcon_core.environment[0m [1;30mLevel 1[0m create_environment_scripts_only(stereo_camera_pkg_py)
[4.029s] [34mcolcon.colcon_core.shell[0m [1;30mINFO[0m Creating package script '/home/elephant/agvpro_stereo/install/stereo_camera_pkg_py/share/stereo_camera_pkg_py/package.ps1'
[4.033s] [34mcolcon.colcon_core.shell[0m [1;30mINFO[0m Creating package descriptor '/home/elephant/agvpro_stereo/install/stereo_camera_pkg_py/share/stereo_camera_pkg_py/package.dsv'
[4.035s] [34mcolcon.colcon_core.shell[0m [1;30mINFO[0m Creating package script '/home/elephant/agvpro_stereo/install/stereo_camera_pkg_py/share/stereo_camera_pkg_py/package.sh'
[4.036s] [34mcolcon.colcon_core.shell[0m [1;30mINFO[0m Creating package script '/home/elephant/agvpro_stereo/install/stereo_camera_pkg_py/share/stereo_camera_pkg_py/package.bash'
[4.037s] [34mcolcon.colcon_core.shell[0m [1;30mINFO[0m Creating package script '/home/elephant/agvpro_stereo/install/stereo_camera_pkg_py/share/stereo_camera_pkg_py/package.zsh'
[4.039s] [34mcolcon.colcon_core.environment[0m [1;30mLevel 1[0m create_file_with_runtime_dependencies(/home/elephant/agvpro_stereo/install/stereo_camera_pkg_py/share/colcon-core/packages/stereo_camera_pkg_py)
[24.948s] [34mcolcon.colcon_core.event_handler.log_command[0m [1;30mDEBUG[0m [32mInvoked command in '/home/elephant/agvpro_stereo/build/stereo_camera_pkg' returned '0': CMAKE_PREFIX_PATH=${CMAKE_PREFIX_PATH}:/home/elephant/agvpro_stereo/install/stereo_camera_pkg_py:/home/elephant/agv_pro_ros2/install/teleop_twist_keyboard:/home/elephant/agv_pro_ros2/install/rtabmap_python:/home/elephant/agv_pro_ros2/install/agv_pro_autocharge:/home/elephant/agv_pro_ros2/install/nav2_simple_commander:/home/elephant/agv_pro_ros2/install/agv_pro_description:/opt/ros/humble /usr/bin/cmake --build /home/elephant/agvpro_stereo/build/stereo_camera_pkg -- -j6 -l6[0m
[24.976s] [34mcolcon.colcon_core.event_handler.log_command[0m [1;30mDEBUG[0m [32mInvoking command in '/home/elephant/agvpro_stereo/build/stereo_camera_pkg': CMAKE_PREFIX_PATH=${CMAKE_PREFIX_PATH}:/home/elephant/agvpro_stereo/install/stereo_camera_pkg_py:/home/elephant/agv_pro_ros2/install/teleop_twist_keyboard:/home/elephant/agv_pro_ros2/install/rtabmap_python:/home/elephant/agv_pro_ros2/install/agv_pro_autocharge:/home/elephant/agv_pro_ros2/install/nav2_simple_commander:/home/elephant/agv_pro_ros2/install/agv_pro_description:/opt/ros/humble /usr/bin/cmake --install /home/elephant/agvpro_stereo/build/stereo_camera_pkg[0m
[25.044s] [34mcolcon.colcon_core.environment[0m [1;30mLevel 1[0m create_environment_scripts_only(stereo_camera_pkg)
[25.045s] [34mcolcon.colcon_core.environment[0m [1;30mLevel 1[0m checking '/home/elephant/agvpro_stereo/install/stereo_camera_pkg' for CMake module files
[25.046s] [34mcolcon.colcon_core.event_handler.log_command[0m [1;30mDEBUG[0m [32mInvoked command in '/home/elephant/agvpro_stereo/build/stereo_camera_pkg' returned '0': CMAKE_PREFIX_PATH=${CMAKE_PREFIX_PATH}:/home/elephant/agvpro_stereo/install/stereo_camera_pkg_py:/home/elephant/agv_pro_ros2/install/teleop_twist_keyboard:/home/elephant/agv_pro_ros2/install/rtabmap_python:/home/elephant/agv_pro_ros2/install/agv_pro_autocharge:/home/elephant/agv_pro_ros2/install/nav2_simple_commander:/home/elephant/agv_pro_ros2/install/agv_pro_description:/opt/ros/humble /usr/bin/cmake --install /home/elephant/agvpro_stereo/build/stereo_camera_pkg[0m
[25.047s] [34mcolcon.colcon_core.environment[0m [1;30mLevel 1[0m checking '/home/elephant/agvpro_stereo/install/stereo_camera_pkg' for CMake config files
[25.048s] [34mcolcon.colcon_core.shell[0m [1;30mLevel 1[0m create_environment_hook('stereo_camera_pkg', 'cmake_prefix_path')
[25.048s] [34mcolcon.colcon_core.shell[0m [1;30mINFO[0m Creating environment hook '/home/elephant/agvpro_stereo/install/stereo_camera_pkg/share/stereo_camera_pkg/hook/cmake_prefix_path.ps1'
[25.049s] [34mcolcon.colcon_core.shell[0m [1;30mINFO[0m Creating environment descriptor '/home/elephant/agvpro_stereo/install/stereo_camera_pkg/share/stereo_camera_pkg/hook/cmake_prefix_path.dsv'
[25.050s] [34mcolcon.colcon_core.shell[0m [1;30mINFO[0m Creating environment hook '/home/elephant/agvpro_stereo/install/stereo_camera_pkg/share/stereo_camera_pkg/hook/cmake_prefix_path.sh'
[25.051s] [34mcolcon.colcon_core.environment[0m [1;30mLevel 1[0m checking '/home/elephant/agvpro_stereo/install/stereo_camera_pkg/lib'
[25.051s] [34mcolcon.colcon_core.environment[0m [1;30mLevel 1[0m checking '/home/elephant/agvpro_stereo/install/stereo_camera_pkg/bin'
[25.051s] [34mcolcon.colcon_core.environment[0m [1;30mLevel 1[0m checking '/home/elephant/agvpro_stereo/install/stereo_camera_pkg/lib/pkgconfig/stereo_camera_pkg.pc'
[25.051s] [34mcolcon.colcon_core.environment[0m [1;30mLevel 1[0m checking '/home/elephant/agvpro_stereo/install/stereo_camera_pkg/lib/python3.10/site-packages'
[25.052s] [34mcolcon.colcon_core.environment[0m [1;30mLevel 1[0m checking '/home/elephant/agvpro_stereo/install/stereo_camera_pkg/bin'
[25.053s] [34mcolcon.colcon_core.shell[0m [1;30mINFO[0m Creating package script '/home/elephant/agvpro_stereo/install/stereo_camera_pkg/share/stereo_camera_pkg/package.ps1'
[25.054s] [34mcolcon.colcon_core.shell[0m [1;30mINFO[0m Creating package descriptor '/home/elephant/agvpro_stereo/install/stereo_camera_pkg/share/stereo_camera_pkg/package.dsv'
[25.054s] [34mcolcon.colcon_core.shell[0m [1;30mINFO[0m Creating package script '/home/elephant/agvpro_stereo/install/stereo_camera_pkg/share/stereo_camera_pkg/package.sh'
[25.055s] [34mcolcon.colcon_core.shell[0m [1;30mINFO[0m Creating package script '/home/elephant/agvpro_stereo/install/stereo_camera_pkg/share/stereo_camera_pkg/package.bash'
[25.056s] [34mcolcon.colcon_core.shell[0m [1;30mINFO[0m Creating package script '/home/elephant/agvpro_stereo/install/stereo_camera_pkg/share/stereo_camera_pkg/package.zsh'
[25.057s] [34mcolcon.colcon_core.environment[0m [1;30mLevel 1[0m create_file_with_runtime_dependencies(/home/elephant/agvpro_stereo/install/stereo_camera_pkg/share/colcon-core/packages/stereo_camera_pkg)
[25.058s] [34mcolcon.colcon_core.environment[0m [1;30mLevel 1[0m create_environment_scripts_only(stereo_camera_pkg)
[25.058s] [34mcolcon.colcon_core.environment[0m [1;30mLevel 1[0m checking '/home/elephant/agvpro_stereo/install/stereo_camera_pkg' for CMake module files
[25.059s] [34mcolcon.colcon_core.environment[0m [1;30mLevel 1[0m checking '/home/elephant/agvpro_stereo/install/stereo_camera_pkg' for CMake config files
[25.060s] [34mcolcon.colcon_core.shell[0m [1;30mLevel 1[0m create_environment_hook('stereo_camera_pkg', 'cmake_prefix_path')
[25.061s] [34mcolcon.colcon_core.shell[0m [1;30mINFO[0m Creating environment hook '/home/elephant/agvpro_stereo/install/stereo_camera_pkg/share/stereo_camera_pkg/hook/cmake_prefix_path.ps1'
[25.061s] [34mcolcon.colcon_core.shell[0m [1;30mINFO[0m Creating environment descriptor '/home/elephant/agvpro_stereo/install/stereo_camera_pkg/share/stereo_camera_pkg/hook/cmake_prefix_path.dsv'
[25.062s] [34mcolcon.colcon_core.shell[0m [1;30mINFO[0m Creating environment hook '/home/elephant/agvpro_stereo/install/stereo_camera_pkg/share/stereo_camera_pkg/hook/cmake_prefix_path.sh'
[25.063s] [34mcolcon.colcon_core.environment[0m [1;30mLevel 1[0m checking '/home/elephant/agvpro_stereo/install/stereo_camera_pkg/lib'
[25.063s] [34mcolcon.colcon_core.environment[0m [1;30mLevel 1[0m checking '/home/elephant/agvpro_stereo/install/stereo_camera_pkg/bin'
[25.063s] [34mcolcon.colcon_core.environment[0m [1;30mLevel 1[0m checking '/home/elephant/agvpro_stereo/install/stereo_camera_pkg/lib/pkgconfig/stereo_camera_pkg.pc'
[25.064s] [34mcolcon.colcon_core.environment[0m [1;30mLevel 1[0m checking '/home/elephant/agvpro_stereo/install/stereo_camera_pkg/lib/python3.10/site-packages'
[25.064s] [34mcolcon.colcon_core.environment[0m [1;30mLevel 1[0m checking '/home/elephant/agvpro_stereo/install/stereo_camera_pkg/bin'
[25.065s] [34mcolcon.colcon_core.shell[0m [1;30mINFO[0m Creating package script '/home/elephant/agvpro_stereo/install/stereo_camera_pkg/share/stereo_camera_pkg/package.ps1'
[25.066s] [34mcolcon.colcon_core.shell[0m [1;30mINFO[0m Creating package descriptor '/home/elephant/agvpro_stereo/install/stereo_camera_pkg/share/stereo_camera_pkg/package.dsv'
[25.066s] [34mcolcon.colcon_core.shell[0m [1;30mINFO[0m Creating package script '/home/elephant/agvpro_stereo/install/stereo_camera_pkg/share/stereo_camera_pkg/package.sh'
[25.067s] [34mcolcon.colcon_core.shell[0m [1;30mINFO[0m Creating package script '/home/elephant/agvpro_stereo/install/stereo_camera_pkg/share/stereo_camera_pkg/package.bash'
[25.068s] [34mcolcon.colcon_core.shell[0m [1;30mINFO[0m Creating package script '/home/elephant/agvpro_stereo/install/stereo_camera_pkg/share/stereo_camera_pkg/package.zsh'
[25.069s] [34mcolcon.colcon_core.environment[0m [1;30mLevel 1[0m create_file_with_runtime_dependencies(/home/elephant/agvpro_stereo/install/stereo_camera_pkg/share/colcon-core/packages/stereo_camera_pkg)
[25.069s] [34mcolcon.colcon_parallel_executor.executor.parallel[0m [1;30mDEBUG[0m [32mclosing loop[0m
[25.070s] [34mcolcon.colcon_parallel_executor.executor.parallel[0m [1;30mDEBUG[0m [32mloop closed[0m
[25.070s] [34mcolcon.colcon_parallel_executor.executor.parallel[0m [1;30mDEBUG[0m [32mrun_until_complete finished with '0'[0m
[25.070s] [34mcolcon.colcon_core.event_reactor[0m [1;30mDEBUG[0m [32mjoining thread[0m
[25.082s] [34mcolcon.colcon_core.plugin_system[0m [1;30mINFO[0m Skipping extension 'colcon_notification.desktop_notification.terminal_notifier': Not used on non-Darwin systems
[25.083s] [34mcolcon.colcon_core.plugin_system[0m [1;30mINFO[0m Skipping extension 'colcon_notification.desktop_notification.win32': Not used on non-Windows systems
[25.083s] [34mcolcon.colcon_notification.desktop_notification[0m [1;30mINFO[0m Sending desktop notification using 'notify2'
[25.119s] [34mcolcon.colcon_core.event_reactor[0m [1;30mDEBUG[0m [32mjoined thread[0m
[25.120s] [34mcolcon.colcon_core.shell[0m [1;30mINFO[0m Creating prefix script '/home/elephant/agvpro_stereo/install/local_setup.ps1'
[25.122s] [34mcolcon.colcon_core.shell[0m [1;30mINFO[0m Creating prefix util module '/home/elephant/agvpro_stereo/install/_local_setup_util_ps1.py'
[25.125s] [34mcolcon.colcon_core.shell[0m [1;30mINFO[0m Creating prefix chain script '/home/elephant/agvpro_stereo/install/setup.ps1'
[25.137s] [34mcolcon.colcon_core.shell[0m [1;30mINFO[0m Creating prefix script '/home/elephant/agvpro_stereo/install/local_setup.sh'
[25.139s] [34mcolcon.colcon_core.shell[0m [1;30mINFO[0m Creating prefix util module '/home/elephant/agvpro_stereo/install/_local_setup_util_sh.py'
[25.140s] [34mcolcon.colcon_core.shell[0m [1;30mINFO[0m Creating prefix chain script '/home/elephant/agvpro_stereo/install/setup.sh'
[25.147s] [34mcolcon.colcon_core.shell[0m [1;30mINFO[0m Creating prefix script '/home/elephant/agvpro_stereo/install/local_setup.bash'
[25.148s] [34mcolcon.colcon_core.shell[0m [1;30mINFO[0m Creating prefix chain script '/home/elephant/agvpro_stereo/install/setup.bash'
[25.156s] [34mcolcon.colcon_core.shell[0m [1;30mINFO[0m Creating prefix script '/home/elephant/agvpro_stereo/install/local_setup.zsh'
[25.158s] [34mcolcon.colcon_core.shell[0m [1;30mINFO[0m Creating prefix chain script '/home/elephant/agvpro_stereo/install/setup.zsh'
