-- Found ament_cmake: 1.3.6 (/opt/ros/humble/share/ament_cmake/cmake)
-- Override CMake install command with custom implementation using symlinks instead of copying resources
-- Found rclcpp: 16.0.7 (/opt/ros/humble/share/rclcpp/cmake)
-- Found rosidl_generator_c: 3.1.5 (/opt/ros/humble/share/rosidl_generator_c/cmake)
-- Found rosidl_adapter: 3.1.5 (/opt/ros/humble/share/rosidl_adapter/cmake)
-- Found rosidl_generator_cpp: 3.1.5 (/opt/ros/humble/share/rosidl_generator_cpp/cmake)
-- Using all available rosidl_typesupport_c: rosidl_typesupport_fastrtps_c;rosidl_typesupport_introspection_c
-- Using all available rosidl_typesupport_cpp: rosidl_typesupport_fastrtps_cpp;rosidl_typesupport_introspection_cpp
-- Found rmw_implementation_cmake: 6.1.1 (/opt/ros/humble/share/rmw_implementation_cmake/cmake)
-- Found rmw_fastrtps_cpp: 6.2.5 (/opt/ros/humble/share/rmw_fastrtps_cpp/cmake)
-- Using RMW implementation 'rmw_fastrtps_cpp' as default
-- Found sensor_msgs: 4.9.0 (/opt/ros/humble/share/sensor_msgs/cmake)
-- Found cv_bridge: 3.2.1 (/opt/ros/humble/share/cv_bridge/cmake)
-- Found image_transport: 3.1.12 (/opt/ros/humble/share/image_transport/cmake)
-- Found ament_lint_auto: 0.12.9 (/opt/ros/humble/share/ament_lint_auto/cmake)
-- Added test 'cppcheck' to perform static code analysis on C / C++ code
-- Configured cppcheck include dirs: $<BUILD_INTERFACE:/home/yahboom/camera_ws/src/stereo_camera_pkg/include>
-- Configured cppcheck exclude dirs and/or files: 
-- Added test 'flake8' to check Python code syntax and style conventions
-- Added test 'lint_cmake' to check CMake code style
-- Added test 'pep257' to check Python code against some of the docstring style conventions in PEP 257
-- Added test 'uncrustify' to check C / C++ code style
-- Configured uncrustify additional arguments: 
-- Added test 'xmllint' to check XML markup files
-- Configuring done
-- Generating done
-- Build files have been written to: /home/yahboom/camera_ws/build/stereo_camera_pkg
[35m[1mConsolidate compiler generated dependencies of target right_camera_node[0m
[35m[1mConsolidate compiler generated dependencies of target stereo_camera_node[0m
[35m[1mConsolidate compiler generated dependencies of target left_camera_node[0m
[35m[1mConsolidate compiler generated dependencies of target stereo_node[0m
[35m[1mConsolidate compiler generated dependencies of target camera_info[0m
[ 30%] [32m[1mLinking CXX executable stereo_node[0m
[ 30%] [32m[1mLinking CXX executable left_camera_node[0m
[ 30%] [32m[1mLinking CXX executable right_camera_node[0m
[ 40%] [32m[1mLinking CXX executable stereo_camera_node[0m
[ 50%] [32m[1mLinking CXX executable camera_info[0m
[ 70%] Built target right_camera_node
[ 70%] Built target stereo_node
[ 80%] Built target left_camera_node
[100%] Built target stereo_camera_node
[100%] Built target camera_info
-- Install configuration: ""
-- Execute custom install script
-- Symlinking: /home/yahboom/camera_ws/install/stereo_camera_pkg/lib/stereo_camera_pkg/stereo_camera_node
-- Symlinking: /home/yahboom/camera_ws/install/stereo_camera_pkg/lib/stereo_camera_pkg/left_camera_node
-- Symlinking: /home/yahboom/camera_ws/install/stereo_camera_pkg/lib/stereo_camera_pkg/right_camera_node
-- Symlinking: /home/yahboom/camera_ws/install/stereo_camera_pkg/lib/stereo_camera_pkg/stereo_node
-- Symlinking: /home/yahboom/camera_ws/install/stereo_camera_pkg/lib/stereo_camera_pkg/camera_info
-- Symlinking: /home/yahboom/camera_ws/install/stereo_camera_pkg/share/stereo_camera_pkg/apt_rtabmap.launch.py
-- Symlinking: /home/yahboom/camera_ws/install/stereo_camera_pkg/share/stereo_camera_pkg/calib.launch.py
-- Symlinking: /home/yahboom/camera_ws/install/stereo_camera_pkg/share/stereo_camera_pkg/left_calibration.launch.py
-- Symlinking: /home/yahboom/camera_ws/install/stereo_camera_pkg/share/stereo_camera_pkg/prtabmap.launch.py
-- Symlinking: /home/yahboom/camera_ws/install/stereo_camera_pkg/share/stereo_camera_pkg/rtabmap.launch.py
-- Symlinking: /home/yahboom/camera_ws/install/stereo_camera_pkg/share/stereo_camera_pkg/stereo_calibration.launch.py
-- Symlinking: /home/yahboom/camera_ws/install/stereo_camera_pkg/share/stereo_camera_pkg/stereo_camera.launch.py
-- Symlinking: /home/yahboom/camera_ws/install/stereo_camera_pkg/share/stereo_camera_pkg/stereo_rgbd.launch.py
-- Symlinking: /home/yahboom/camera_ws/install/stereo_camera_pkg/share/stereo_camera_pkg/stereo_rtabmap.launch.py
-- Symlinking: /home/yahboom/camera_ws/install/stereo_camera_pkg/share/stereo_camera_pkg/usb.launch.py
-- Symlinking: /home/yahboom/camera_ws/install/stereo_camera_pkg/share/stereo_camera_pkg/config/left.yaml
-- Symlinking: /home/yahboom/camera_ws/install/stereo_camera_pkg/share/stereo_camera_pkg/config/left2.yaml
-- Symlinking: /home/yahboom/camera_ws/install/stereo_camera_pkg/share/stereo_camera_pkg/config/left_raw.yaml
-- Symlinking: /home/yahboom/camera_ws/install/stereo_camera_pkg/share/stereo_camera_pkg/config/right.yaml
-- Symlinking: /home/yahboom/camera_ws/install/stereo_camera_pkg/share/stereo_camera_pkg/config/right2.yaml
-- Symlinking: /home/yahboom/camera_ws/install/stereo_camera_pkg/share/stereo_camera_pkg/config/right_raw.yaml
-- Symlinking: /home/yahboom/camera_ws/install/stereo_camera_pkg/share/ament_index/resource_index/package_run_dependencies/stereo_camera_pkg
-- Symlinking: /home/yahboom/camera_ws/install/stereo_camera_pkg/share/ament_index/resource_index/parent_prefix_path/stereo_camera_pkg
-- Symlinking: /home/yahboom/camera_ws/install/stereo_camera_pkg/share/stereo_camera_pkg/environment/ament_prefix_path.sh
-- Symlinking: /home/yahboom/camera_ws/install/stereo_camera_pkg/share/stereo_camera_pkg/environment/ament_prefix_path.dsv
-- Symlinking: /home/yahboom/camera_ws/install/stereo_camera_pkg/share/stereo_camera_pkg/environment/path.sh
-- Symlinking: /home/yahboom/camera_ws/install/stereo_camera_pkg/share/stereo_camera_pkg/environment/path.dsv
-- Symlinking: /home/yahboom/camera_ws/install/stereo_camera_pkg/share/stereo_camera_pkg/local_setup.bash
-- Symlinking: /home/yahboom/camera_ws/install/stereo_camera_pkg/share/stereo_camera_pkg/local_setup.sh
-- Symlinking: /home/yahboom/camera_ws/install/stereo_camera_pkg/share/stereo_camera_pkg/local_setup.zsh
-- Symlinking: /home/yahboom/camera_ws/install/stereo_camera_pkg/share/stereo_camera_pkg/local_setup.dsv
-- Symlinking: /home/yahboom/camera_ws/install/stereo_camera_pkg/share/stereo_camera_pkg/package.dsv
-- Symlinking: /home/yahboom/camera_ws/install/stereo_camera_pkg/share/ament_index/resource_index/packages/stereo_camera_pkg
-- Symlinking: /home/yahboom/camera_ws/install/stereo_camera_pkg/share/stereo_camera_pkg/cmake/stereo_camera_pkgConfig.cmake
-- Symlinking: /home/yahboom/camera_ws/install/stereo_camera_pkg/share/stereo_camera_pkg/cmake/stereo_camera_pkgConfig-version.cmake
-- Symlinking: /home/yahboom/camera_ws/install/stereo_camera_pkg/share/stereo_camera_pkg/package.xml
