[0.065s] Invoking command in '/home/yahboom/camera_ws/build/stereo_camera_pkg': CMAKE_PREFIX_PATH=${CMAKE_PREFIX_PATH}:/opt/ros/humble /usr/bin/cmake /home/yahboom/camera_ws/src/stereo_camera_pkg -DAMENT_CMAKE_SYMLINK_INSTALL=1 -DCMAKE_INSTALL_PREFIX=/home/yahboom/camera_ws/install/stereo_camera_pkg
[0.140s] -- Found ament_cmake: 1.3.6 (/opt/ros/humble/share/ament_cmake/cmake)
[0.296s] -- Override CMake install command with custom implementation using symlinks instead of copying resources
[0.368s] -- Found rclcpp: 16.0.7 (/opt/ros/humble/share/rclcpp/cmake)
[0.471s] -- Found rosidl_generator_c: 3.1.5 (/opt/ros/humble/share/rosidl_generator_c/cmake)
[0.478s] -- Found rosidl_adapter: 3.1.5 (/opt/ros/humble/share/rosidl_adapter/cmake)
[0.495s] -- Found rosidl_generator_cpp: 3.1.5 (/opt/ros/humble/share/rosidl_generator_cpp/cmake)
[0.521s] -- Using all available rosidl_typesupport_c: rosidl_typesupport_fastrtps_c;rosidl_typesupport_introspection_c
[0.549s] -- Using all available rosidl_typesupport_cpp: rosidl_typesupport_fastrtps_cpp;rosidl_typesupport_introspection_cpp
[0.642s] -- Found rmw_implementation_cmake: 6.1.1 (/opt/ros/humble/share/rmw_implementation_cmake/cmake)
[0.648s] -- Found rmw_fastrtps_cpp: 6.2.5 (/opt/ros/humble/share/rmw_fastrtps_cpp/cmake)
[0.756s] -- Using RMW implementation 'rmw_fastrtps_cpp' as default
[0.932s] -- Found sensor_msgs: 4.9.0 (/opt/ros/humble/share/sensor_msgs/cmake)
[1.067s] -- Found cv_bridge: 3.2.1 (/opt/ros/humble/share/cv_bridge/cmake)
[1.085s] -- Found image_transport: 3.1.12 (/opt/ros/humble/share/image_transport/cmake)
[1.136s] -- Found ament_lint_auto: 0.12.9 (/opt/ros/humble/share/ament_lint_auto/cmake)
[1.226s] -- Added test 'cppcheck' to perform static code analysis on C / C++ code
[1.227s] -- Configured cppcheck include dirs: $<BUILD_INTERFACE:/home/yahboom/camera_ws/src/stereo_camera_pkg/include>
[1.227s] -- Configured cppcheck exclude dirs and/or files: 
[1.228s] -- Added test 'flake8' to check Python code syntax and style conventions
[1.229s] -- Added test 'lint_cmake' to check CMake code style
[1.230s] -- Added test 'pep257' to check Python code against some of the docstring style conventions in PEP 257
[1.233s] -- Added test 'uncrustify' to check C / C++ code style
[1.233s] -- Configured uncrustify additional arguments: 
[1.233s] -- Added test 'xmllint' to check XML markup files
[1.237s] -- Configuring done
[1.289s] -- Generating done
[1.292s] -- Build files have been written to: /home/yahboom/camera_ws/build/stereo_camera_pkg
[1.303s] Invoked command in '/home/yahboom/camera_ws/build/stereo_camera_pkg' returned '0': CMAKE_PREFIX_PATH=${CMAKE_PREFIX_PATH}:/opt/ros/humble /usr/bin/cmake /home/yahboom/camera_ws/src/stereo_camera_pkg -DAMENT_CMAKE_SYMLINK_INSTALL=1 -DCMAKE_INSTALL_PREFIX=/home/yahboom/camera_ws/install/stereo_camera_pkg
[1.303s] Invoking command in '/home/yahboom/camera_ws/build/stereo_camera_pkg': CMAKE_PREFIX_PATH=${CMAKE_PREFIX_PATH}:/opt/ros/humble /usr/bin/cmake --build /home/yahboom/camera_ws/build/stereo_camera_pkg -- -j6 -l6
[1.354s] [35m[1mConsolidate compiler generated dependencies of target right_camera_node[0m
[1.354s] [35m[1mConsolidate compiler generated dependencies of target stereo_camera_node[0m
[1.354s] [35m[1mConsolidate compiler generated dependencies of target left_camera_node[0m
[1.359s] [35m[1mConsolidate compiler generated dependencies of target stereo_node[0m
[1.359s] [35m[1mConsolidate compiler generated dependencies of target camera_info[0m
[1.380s] [ 30%] [32m[1mLinking CXX executable stereo_node[0m
[1.381s] [ 30%] [32m[1mLinking CXX executable left_camera_node[0m
[1.381s] [ 30%] [32m[1mLinking CXX executable right_camera_node[0m
[1.381s] [ 40%] [32m[1mLinking CXX executable stereo_camera_node[0m
[1.387s] [ 50%] [32m[1mLinking CXX executable camera_info[0m
[2.191s] [ 70%] Built target right_camera_node
[2.191s] [ 70%] Built target stereo_node
[2.223s] [ 80%] Built target left_camera_node
[2.275s] [100%] Built target stereo_camera_node
[2.275s] [100%] Built target camera_info
[2.289s] Invoked command in '/home/yahboom/camera_ws/build/stereo_camera_pkg' returned '0': CMAKE_PREFIX_PATH=${CMAKE_PREFIX_PATH}:/opt/ros/humble /usr/bin/cmake --build /home/yahboom/camera_ws/build/stereo_camera_pkg -- -j6 -l6
[2.364s] Invoking command in '/home/yahboom/camera_ws/build/stereo_camera_pkg': CMAKE_PREFIX_PATH=${CMAKE_PREFIX_PATH}:/opt/ros/humble /usr/bin/cmake --install /home/yahboom/camera_ws/build/stereo_camera_pkg
[2.372s] -- Install configuration: ""
[2.373s] -- Execute custom install script
[2.373s] -- Symlinking: /home/yahboom/camera_ws/install/stereo_camera_pkg/lib/stereo_camera_pkg/stereo_camera_node
[2.384s] -- Symlinking: /home/yahboom/camera_ws/install/stereo_camera_pkg/lib/stereo_camera_pkg/left_camera_node
[2.394s] -- Symlinking: /home/yahboom/camera_ws/install/stereo_camera_pkg/lib/stereo_camera_pkg/right_camera_node
[2.404s] -- Symlinking: /home/yahboom/camera_ws/install/stereo_camera_pkg/lib/stereo_camera_pkg/stereo_node
[2.414s] -- Symlinking: /home/yahboom/camera_ws/install/stereo_camera_pkg/lib/stereo_camera_pkg/camera_info
[2.424s] -- Symlinking: /home/yahboom/camera_ws/install/stereo_camera_pkg/share/stereo_camera_pkg/apt_rtabmap.launch.py
[2.435s] -- Symlinking: /home/yahboom/camera_ws/install/stereo_camera_pkg/share/stereo_camera_pkg/calib.launch.py
[2.447s] -- Symlinking: /home/yahboom/camera_ws/install/stereo_camera_pkg/share/stereo_camera_pkg/left_calibration.launch.py
[2.458s] -- Symlinking: /home/yahboom/camera_ws/install/stereo_camera_pkg/share/stereo_camera_pkg/prtabmap.launch.py
[2.468s] -- Symlinking: /home/yahboom/camera_ws/install/stereo_camera_pkg/share/stereo_camera_pkg/rtabmap.launch.py
[2.477s] -- Symlinking: /home/yahboom/camera_ws/install/stereo_camera_pkg/share/stereo_camera_pkg/stereo_calibration.launch.py
[2.487s] -- Symlinking: /home/yahboom/camera_ws/install/stereo_camera_pkg/share/stereo_camera_pkg/stereo_camera.launch.py
[2.496s] -- Symlinking: /home/yahboom/camera_ws/install/stereo_camera_pkg/share/stereo_camera_pkg/stereo_rgbd.launch.py
[2.506s] -- Symlinking: /home/yahboom/camera_ws/install/stereo_camera_pkg/share/stereo_camera_pkg/stereo_rtabmap.launch.py
[2.516s] -- Symlinking: /home/yahboom/camera_ws/install/stereo_camera_pkg/share/stereo_camera_pkg/usb.launch.py
[2.525s] -- Symlinking: /home/yahboom/camera_ws/install/stereo_camera_pkg/share/stereo_camera_pkg/config/left.yaml
[2.534s] -- Symlinking: /home/yahboom/camera_ws/install/stereo_camera_pkg/share/stereo_camera_pkg/config/left2.yaml
[2.545s] -- Symlinking: /home/yahboom/camera_ws/install/stereo_camera_pkg/share/stereo_camera_pkg/config/left_raw.yaml
[2.556s] -- Symlinking: /home/yahboom/camera_ws/install/stereo_camera_pkg/share/stereo_camera_pkg/config/right.yaml
[2.566s] -- Symlinking: /home/yahboom/camera_ws/install/stereo_camera_pkg/share/stereo_camera_pkg/config/right2.yaml
[2.578s] -- Symlinking: /home/yahboom/camera_ws/install/stereo_camera_pkg/share/stereo_camera_pkg/config/right_raw.yaml
[2.587s] -- Symlinking: /home/yahboom/camera_ws/install/stereo_camera_pkg/share/ament_index/resource_index/package_run_dependencies/stereo_camera_pkg
[2.597s] -- Symlinking: /home/yahboom/camera_ws/install/stereo_camera_pkg/share/ament_index/resource_index/parent_prefix_path/stereo_camera_pkg
[2.606s] -- Symlinking: /home/yahboom/camera_ws/install/stereo_camera_pkg/share/stereo_camera_pkg/environment/ament_prefix_path.sh
[2.617s] -- Symlinking: /home/yahboom/camera_ws/install/stereo_camera_pkg/share/stereo_camera_pkg/environment/ament_prefix_path.dsv
[2.627s] -- Symlinking: /home/yahboom/camera_ws/install/stereo_camera_pkg/share/stereo_camera_pkg/environment/path.sh
[2.637s] -- Symlinking: /home/yahboom/camera_ws/install/stereo_camera_pkg/share/stereo_camera_pkg/environment/path.dsv
[2.649s] -- Symlinking: /home/yahboom/camera_ws/install/stereo_camera_pkg/share/stereo_camera_pkg/local_setup.bash
[2.660s] -- Symlinking: /home/yahboom/camera_ws/install/stereo_camera_pkg/share/stereo_camera_pkg/local_setup.sh
[2.670s] -- Symlinking: /home/yahboom/camera_ws/install/stereo_camera_pkg/share/stereo_camera_pkg/local_setup.zsh
[2.680s] -- Symlinking: /home/yahboom/camera_ws/install/stereo_camera_pkg/share/stereo_camera_pkg/local_setup.dsv
[2.690s] -- Symlinking: /home/yahboom/camera_ws/install/stereo_camera_pkg/share/stereo_camera_pkg/package.dsv
[2.700s] -- Symlinking: /home/yahboom/camera_ws/install/stereo_camera_pkg/share/ament_index/resource_index/packages/stereo_camera_pkg
[2.713s] -- Symlinking: /home/yahboom/camera_ws/install/stereo_camera_pkg/share/stereo_camera_pkg/cmake/stereo_camera_pkgConfig.cmake
[2.723s] -- Symlinking: /home/yahboom/camera_ws/install/stereo_camera_pkg/share/stereo_camera_pkg/cmake/stereo_camera_pkgConfig-version.cmake
[2.734s] -- Symlinking: /home/yahboom/camera_ws/install/stereo_camera_pkg/share/stereo_camera_pkg/package.xml
[2.747s] Invoked command in '/home/yahboom/camera_ws/build/stereo_camera_pkg' returned '0': CMAKE_PREFIX_PATH=${CMAKE_PREFIX_PATH}:/opt/ros/humble /usr/bin/cmake --install /home/yahboom/camera_ws/build/stereo_camera_pkg
