[0.776s] DEBUG:colcon:Command line arguments: ['/usr/bin/colcon', 'build', '--packages-select', 'stereo_camera_pkg_py']
[0.776s] DEBUG:colcon:Parsed command line arguments: Namespace(log_base=None, log_level=None, verb_name='build', build_base='build', install_base='install', merge_install=False, symlink_install=False, test_result_base=None, continue_on_error=False, executor='parallel', parallel_workers=6, event_handlers=None, ignore_user_meta=False, metas=['./colcon.meta'], base_paths=['.'], packages_ignore=None, packages_ignore_regex=None, paths=None, packages_up_to=None, packages_up_to_regex=None, packages_above=None, packages_above_and_dependencies=None, packages_above_depth=None, packages_select_by_dep=None, packages_skip_by_dep=None, packages_skip_up_to=None, packages_select_build_failed=False, packages_skip_build_finished=False, packages_select_test_failures=False, packages_skip_test_passed=False, packages_select=['stereo_camera_pkg_py'], packages_skip=None, packages_select_regex=None, packages_skip_regex=None, packages_start=None, packages_end=None, allow_overriding=[], cmake_args=None, cmake_target=None, cmake_target_skip_unavailable=False, cmake_clean_cache=False, cmake_clean_first=False, cmake_force_configure=False, ament_cmake_args=None, catkin_cmake_args=None, catkin_skip_building_tests=False, verb_parser=<colcon_defaults.argument_parser.defaults.DefaultArgumentsDecorator object at 0x7da325ff6b30>, verb_extension=<colcon_core.verb.build.BuildVerb object at 0x7da3262b9180>, main=<bound method BuildVerb.main of <colcon_core.verb.build.BuildVerb object at 0x7da3262b9180>>)
[0.815s] Level 1:colcon.colcon_core.package_discovery:discover_packages(colcon_meta) check parameters
[0.816s] Level 1:colcon.colcon_core.package_discovery:discover_packages(recursive) check parameters
[0.816s] Level 1:colcon.colcon_core.package_discovery:discover_packages(ignore) check parameters
[0.816s] Level 1:colcon.colcon_core.package_discovery:discover_packages(path) check parameters
[0.816s] Level 1:colcon.colcon_core.package_discovery:discover_packages(colcon_meta) discover
[0.816s] Level 1:colcon.colcon_core.package_discovery:discover_packages(recursive) discover
[0.816s] INFO:colcon.colcon_core.package_discovery:Crawling recursively for packages in '/home/yahboom/camera_ws'
[0.816s] Level 1:colcon.colcon_core.package_identification:_identify(.) by extensions ['ignore', 'ignore_ament_install']
[0.816s] Level 1:colcon.colcon_core.package_identification:_identify(.) by extension 'ignore'
[0.816s] Level 1:colcon.colcon_core.package_identification:_identify(.) by extension 'ignore_ament_install'
[0.816s] Level 1:colcon.colcon_core.package_identification:_identify(.) by extensions ['colcon_pkg']
[0.816s] Level 1:colcon.colcon_core.package_identification:_identify(.) by extension 'colcon_pkg'
[0.816s] Level 1:colcon.colcon_core.package_identification:_identify(.) by extensions ['colcon_meta']
[0.816s] Level 1:colcon.colcon_core.package_identification:_identify(.) by extension 'colcon_meta'
[0.816s] Level 1:colcon.colcon_core.package_identification:_identify(.) by extensions ['ros']
[0.816s] Level 1:colcon.colcon_core.package_identification:_identify(.) by extension 'ros'
[0.829s] Level 1:colcon.colcon_core.package_identification:_identify(.) by extensions ['cmake', 'python']
[0.829s] Level 1:colcon.colcon_core.package_identification:_identify(.) by extension 'cmake'
[0.829s] Level 1:colcon.colcon_core.package_identification:_identify(.) by extension 'python'
[0.829s] Level 1:colcon.colcon_core.package_identification:_identify(.) by extensions ['python_setup_py']
[0.829s] Level 1:colcon.colcon_core.package_identification:_identify(.) by extension 'python_setup_py'
[0.830s] Level 1:colcon.colcon_core.package_identification:_identify(build) by extensions ['ignore', 'ignore_ament_install']
[0.830s] Level 1:colcon.colcon_core.package_identification:_identify(build) by extension 'ignore'
[0.830s] Level 1:colcon.colcon_core.package_identification:_identify(build) ignored
[0.830s] Level 1:colcon.colcon_core.package_identification:_identify(install) by extensions ['ignore', 'ignore_ament_install']
[0.830s] Level 1:colcon.colcon_core.package_identification:_identify(install) by extension 'ignore'
[0.830s] Level 1:colcon.colcon_core.package_identification:_identify(install) ignored
[0.831s] Level 1:colcon.colcon_core.package_identification:_identify(log) by extensions ['ignore', 'ignore_ament_install']
[0.831s] Level 1:colcon.colcon_core.package_identification:_identify(log) by extension 'ignore'
[0.831s] Level 1:colcon.colcon_core.package_identification:_identify(log) ignored
[0.831s] Level 1:colcon.colcon_core.package_identification:_identify(src) by extensions ['ignore', 'ignore_ament_install']
[0.831s] Level 1:colcon.colcon_core.package_identification:_identify(src) by extension 'ignore'
[0.831s] Level 1:colcon.colcon_core.package_identification:_identify(src) by extension 'ignore_ament_install'
[0.831s] Level 1:colcon.colcon_core.package_identification:_identify(src) by extensions ['colcon_pkg']
[0.831s] Level 1:colcon.colcon_core.package_identification:_identify(src) by extension 'colcon_pkg'
[0.831s] Level 1:colcon.colcon_core.package_identification:_identify(src) by extensions ['colcon_meta']
[0.831s] Level 1:colcon.colcon_core.package_identification:_identify(src) by extension 'colcon_meta'
[0.831s] Level 1:colcon.colcon_core.package_identification:_identify(src) by extensions ['ros']
[0.831s] Level 1:colcon.colcon_core.package_identification:_identify(src) by extension 'ros'
[0.831s] Level 1:colcon.colcon_core.package_identification:_identify(src) by extensions ['cmake', 'python']
[0.831s] Level 1:colcon.colcon_core.package_identification:_identify(src) by extension 'cmake'
[0.831s] Level 1:colcon.colcon_core.package_identification:_identify(src) by extension 'python'
[0.831s] Level 1:colcon.colcon_core.package_identification:_identify(src) by extensions ['python_setup_py']
[0.831s] Level 1:colcon.colcon_core.package_identification:_identify(src) by extension 'python_setup_py'
[0.832s] Level 1:colcon.colcon_core.package_identification:_identify(src/stereo_camera_pkg) by extensions ['ignore', 'ignore_ament_install']
[0.832s] Level 1:colcon.colcon_core.package_identification:_identify(src/stereo_camera_pkg) by extension 'ignore'
[0.832s] Level 1:colcon.colcon_core.package_identification:_identify(src/stereo_camera_pkg) by extension 'ignore_ament_install'
[0.832s] Level 1:colcon.colcon_core.package_identification:_identify(src/stereo_camera_pkg) by extensions ['colcon_pkg']
[0.832s] Level 1:colcon.colcon_core.package_identification:_identify(src/stereo_camera_pkg) by extension 'colcon_pkg'
[0.832s] Level 1:colcon.colcon_core.package_identification:_identify(src/stereo_camera_pkg) by extensions ['colcon_meta']
[0.832s] Level 1:colcon.colcon_core.package_identification:_identify(src/stereo_camera_pkg) by extension 'colcon_meta'
[0.832s] Level 1:colcon.colcon_core.package_identification:_identify(src/stereo_camera_pkg) by extensions ['ros']
[0.832s] Level 1:colcon.colcon_core.package_identification:_identify(src/stereo_camera_pkg) by extension 'ros'
[0.834s] DEBUG:colcon.colcon_core.package_identification:Package 'src/stereo_camera_pkg' with type 'ros.ament_cmake' and name 'stereo_camera_pkg'
[0.834s] Level 1:colcon.colcon_core.package_identification:_identify(src/stereo_camera_pkg_py) by extensions ['ignore', 'ignore_ament_install']
[0.835s] Level 1:colcon.colcon_core.package_identification:_identify(src/stereo_camera_pkg_py) by extension 'ignore'
[0.835s] Level 1:colcon.colcon_core.package_identification:_identify(src/stereo_camera_pkg_py) by extension 'ignore_ament_install'
[0.835s] Level 1:colcon.colcon_core.package_identification:_identify(src/stereo_camera_pkg_py) by extensions ['colcon_pkg']
[0.835s] Level 1:colcon.colcon_core.package_identification:_identify(src/stereo_camera_pkg_py) by extension 'colcon_pkg'
[0.835s] Level 1:colcon.colcon_core.package_identification:_identify(src/stereo_camera_pkg_py) by extensions ['colcon_meta']
[0.835s] Level 1:colcon.colcon_core.package_identification:_identify(src/stereo_camera_pkg_py) by extension 'colcon_meta'
[0.835s] Level 1:colcon.colcon_core.package_identification:_identify(src/stereo_camera_pkg_py) by extensions ['ros']
[0.835s] Level 1:colcon.colcon_core.package_identification:_identify(src/stereo_camera_pkg_py) by extension 'ros'
[0.836s] DEBUG:colcon.colcon_core.package_identification:Package 'src/stereo_camera_pkg_py' with type 'ros.ament_python' and name 'stereo_camera_pkg_py'
[0.836s] Level 1:colcon.colcon_core.package_discovery:discover_packages(recursive) using defaults
[0.836s] Level 1:colcon.colcon_core.package_discovery:discover_packages(ignore) discover
[0.836s] Level 1:colcon.colcon_core.package_discovery:discover_packages(ignore) using defaults
[0.836s] Level 1:colcon.colcon_core.package_discovery:discover_packages(path) discover
[0.836s] Level 1:colcon.colcon_core.package_discovery:discover_packages(path) using defaults
[0.882s] INFO:colcon.colcon_core.package_selection:Skipping not selected package 'stereo_camera_pkg' in 'src/stereo_camera_pkg'
[0.901s] Level 1:colcon.colcon_core.package_discovery:discover_packages(prefix_path) check parameters
[0.901s] Level 1:colcon.colcon_core.package_discovery:discover_packages(prefix_path) discover
[0.923s] DEBUG:colcon.colcon_installed_package_information.package_discovery:Found 2 installed packages in /home/yahboom/camera_ws/install
[0.937s] DEBUG:colcon.colcon_installed_package_information.package_discovery:Found 356 installed packages in /opt/ros/humble
[0.938s] Level 1:colcon.colcon_core.package_discovery:discover_packages(prefix_path) using defaults
[1.012s] Level 5:colcon.colcon_core.verb:set package 'stereo_camera_pkg_py' build argument 'cmake_args' from command line to 'None'
[1.012s] Level 5:colcon.colcon_core.verb:set package 'stereo_camera_pkg_py' build argument 'cmake_target' from command line to 'None'
[1.012s] Level 5:colcon.colcon_core.verb:set package 'stereo_camera_pkg_py' build argument 'cmake_target_skip_unavailable' from command line to 'False'
[1.012s] Level 5:colcon.colcon_core.verb:set package 'stereo_camera_pkg_py' build argument 'cmake_clean_cache' from command line to 'False'
[1.013s] Level 5:colcon.colcon_core.verb:set package 'stereo_camera_pkg_py' build argument 'cmake_clean_first' from command line to 'False'
[1.013s] Level 5:colcon.colcon_core.verb:set package 'stereo_camera_pkg_py' build argument 'cmake_force_configure' from command line to 'False'
[1.013s] Level 5:colcon.colcon_core.verb:set package 'stereo_camera_pkg_py' build argument 'ament_cmake_args' from command line to 'None'
[1.013s] Level 5:colcon.colcon_core.verb:set package 'stereo_camera_pkg_py' build argument 'catkin_cmake_args' from command line to 'None'
[1.013s] Level 5:colcon.colcon_core.verb:set package 'stereo_camera_pkg_py' build argument 'catkin_skip_building_tests' from command line to 'False'
[1.013s] DEBUG:colcon.colcon_core.verb:Building package 'stereo_camera_pkg_py' with the following arguments: {'ament_cmake_args': None, 'build_base': '/home/yahboom/camera_ws/build/stereo_camera_pkg_py', 'catkin_cmake_args': None, 'catkin_skip_building_tests': False, 'cmake_args': None, 'cmake_clean_cache': False, 'cmake_clean_first': False, 'cmake_force_configure': False, 'cmake_target': None, 'cmake_target_skip_unavailable': False, 'install_base': '/home/yahboom/camera_ws/install/stereo_camera_pkg_py', 'merge_install': False, 'path': '/home/yahboom/camera_ws/src/stereo_camera_pkg_py', 'symlink_install': False, 'test_result_base': None}
[1.022s] INFO:colcon.colcon_core.executor:Executing jobs using 'parallel' executor
[1.034s] DEBUG:colcon.colcon_parallel_executor.executor.parallel:run_until_complete
[1.035s] INFO:colcon.colcon_ros.task.ament_python.build:Building ROS package in '/home/yahboom/camera_ws/src/stereo_camera_pkg_py' with build type 'ament_python'
[1.035s] Level 1:colcon.colcon_core.shell:create_environment_hook('stereo_camera_pkg_py', 'ament_prefix_path')
[1.045s] INFO:colcon.colcon_core.plugin_system:Skipping extension 'colcon_core.shell.bat': Not used on non-Windows systems
[1.045s] INFO:colcon.colcon_core.shell:Creating environment hook '/home/yahboom/camera_ws/install/stereo_camera_pkg_py/share/stereo_camera_pkg_py/hook/ament_prefix_path.ps1'
[1.046s] INFO:colcon.colcon_core.shell:Creating environment descriptor '/home/yahboom/camera_ws/install/stereo_camera_pkg_py/share/stereo_camera_pkg_py/hook/ament_prefix_path.dsv'
[1.046s] INFO:colcon.colcon_core.shell:Creating environment hook '/home/yahboom/camera_ws/install/stereo_camera_pkg_py/share/stereo_camera_pkg_py/hook/ament_prefix_path.sh'
[1.057s] INFO:colcon.colcon_core.shell:Skip shell extension 'powershell' for command environment: Not usable outside of PowerShell
[1.057s] DEBUG:colcon.colcon_core.shell:Skip shell extension 'dsv' for command environment
[1.321s] INFO:colcon.colcon_core.task.python.build:Building Python package in '/home/yahboom/camera_ws/src/stereo_camera_pkg_py'
[1.332s] INFO:colcon.colcon_core.shell:Skip shell extension 'powershell' for command environment: Not usable outside of PowerShell
[1.332s] DEBUG:colcon.colcon_core.shell:Skip shell extension 'dsv' for command environment
[1.731s] DEBUG:colcon.colcon_core.event_handler.log_command:Invoking command in '/home/yahboom/camera_ws/src/stereo_camera_pkg_py': PYTHONPATH=/home/yahboom/camera_ws/build/stereo_camera_pkg_py/prefix_override:/home/yahboom/camera_ws/install/stereo_camera_pkg_py/lib/python3.10/site-packages:${PYTHONPATH} /usr/bin/python3 setup.py egg_info --egg-base ../../build/stereo_camera_pkg_py build --build-base /home/yahboom/camera_ws/build/stereo_camera_pkg_py/build install --record /home/yahboom/camera_ws/build/stereo_camera_pkg_py/install.log --single-version-externally-managed
[2.062s] DEBUG:colcon.colcon_core.event_handler.log_command:Invoked command in '/home/yahboom/camera_ws/src/stereo_camera_pkg_py' returned '0': PYTHONPATH=/home/yahboom/camera_ws/build/stereo_camera_pkg_py/prefix_override:/home/yahboom/camera_ws/install/stereo_camera_pkg_py/lib/python3.10/site-packages:${PYTHONPATH} /usr/bin/python3 setup.py egg_info --egg-base ../../build/stereo_camera_pkg_py build --build-base /home/yahboom/camera_ws/build/stereo_camera_pkg_py/build install --record /home/yahboom/camera_ws/build/stereo_camera_pkg_py/install.log --single-version-externally-managed
[2.074s] Level 1:colcon.colcon_core.environment:checking '/home/yahboom/camera_ws/install/stereo_camera_pkg_py' for CMake module files
[2.074s] Level 1:colcon.colcon_core.environment:checking '/home/yahboom/camera_ws/install/stereo_camera_pkg_py' for CMake config files
[2.075s] Level 1:colcon.colcon_core.environment:checking '/home/yahboom/camera_ws/install/stereo_camera_pkg_py/lib'
[2.075s] Level 1:colcon.colcon_core.environment:checking '/home/yahboom/camera_ws/install/stereo_camera_pkg_py/bin'
[2.075s] Level 1:colcon.colcon_core.environment:checking '/home/yahboom/camera_ws/install/stereo_camera_pkg_py/lib/pkgconfig/stereo_camera_pkg_py.pc'
[2.076s] Level 1:colcon.colcon_core.environment:checking '/home/yahboom/camera_ws/install/stereo_camera_pkg_py/lib/python3.10/site-packages'
[2.076s] Level 1:colcon.colcon_core.shell:create_environment_hook('stereo_camera_pkg_py', 'pythonpath')
[2.104s] INFO:colcon.colcon_core.shell:Creating environment hook '/home/yahboom/camera_ws/install/stereo_camera_pkg_py/share/stereo_camera_pkg_py/hook/pythonpath.ps1'
[2.105s] INFO:colcon.colcon_core.shell:Creating environment descriptor '/home/yahboom/camera_ws/install/stereo_camera_pkg_py/share/stereo_camera_pkg_py/hook/pythonpath.dsv'
[2.106s] INFO:colcon.colcon_core.shell:Creating environment hook '/home/yahboom/camera_ws/install/stereo_camera_pkg_py/share/stereo_camera_pkg_py/hook/pythonpath.sh'
[2.106s] Level 1:colcon.colcon_core.environment:checking '/home/yahboom/camera_ws/install/stereo_camera_pkg_py/bin'
[2.107s] Level 1:colcon.colcon_core.environment:create_environment_scripts_only(stereo_camera_pkg_py)
[2.119s] INFO:colcon.colcon_core.shell:Creating package script '/home/yahboom/camera_ws/install/stereo_camera_pkg_py/share/stereo_camera_pkg_py/package.ps1'
[2.120s] INFO:colcon.colcon_core.shell:Creating package descriptor '/home/yahboom/camera_ws/install/stereo_camera_pkg_py/share/stereo_camera_pkg_py/package.dsv'
[2.121s] INFO:colcon.colcon_core.shell:Creating package script '/home/yahboom/camera_ws/install/stereo_camera_pkg_py/share/stereo_camera_pkg_py/package.sh'
[2.122s] INFO:colcon.colcon_core.shell:Creating package script '/home/yahboom/camera_ws/install/stereo_camera_pkg_py/share/stereo_camera_pkg_py/package.bash'
[2.122s] INFO:colcon.colcon_core.shell:Creating package script '/home/yahboom/camera_ws/install/stereo_camera_pkg_py/share/stereo_camera_pkg_py/package.zsh'
[2.123s] Level 1:colcon.colcon_core.environment:create_file_with_runtime_dependencies(/home/yahboom/camera_ws/install/stereo_camera_pkg_py/share/colcon-core/packages/stereo_camera_pkg_py)
[2.124s] DEBUG:colcon.colcon_parallel_executor.executor.parallel:closing loop
[2.124s] DEBUG:colcon.colcon_parallel_executor.executor.parallel:loop closed
[2.124s] DEBUG:colcon.colcon_parallel_executor.executor.parallel:run_until_complete finished with '0'
[2.124s] DEBUG:colcon.colcon_core.event_reactor:joining thread
[2.139s] INFO:colcon.colcon_core.plugin_system:Skipping extension 'colcon_notification.desktop_notification.terminal_notifier': Not used on non-Darwin systems
[2.139s] INFO:colcon.colcon_core.plugin_system:Skipping extension 'colcon_notification.desktop_notification.win32': Not used on non-Windows systems
[2.139s] INFO:colcon.colcon_notification.desktop_notification:Sending desktop notification using 'notify2'
[2.153s] DEBUG:colcon.colcon_core.event_reactor:joined thread
[2.165s] INFO:colcon.colcon_core.shell:Creating prefix script '/home/yahboom/camera_ws/install/local_setup.ps1'
[2.166s] INFO:colcon.colcon_core.shell:Creating prefix util module '/home/yahboom/camera_ws/install/_local_setup_util_ps1.py'
[2.167s] INFO:colcon.colcon_core.shell:Creating prefix chain script '/home/yahboom/camera_ws/install/setup.ps1'
[2.186s] INFO:colcon.colcon_core.shell:Creating prefix script '/home/yahboom/camera_ws/install/local_setup.sh'
[2.187s] INFO:colcon.colcon_core.shell:Creating prefix util module '/home/yahboom/camera_ws/install/_local_setup_util_sh.py'
[2.188s] INFO:colcon.colcon_core.shell:Creating prefix chain script '/home/yahboom/camera_ws/install/setup.sh'
[2.200s] INFO:colcon.colcon_core.shell:Creating prefix script '/home/yahboom/camera_ws/install/local_setup.bash'
[2.201s] INFO:colcon.colcon_core.shell:Creating prefix chain script '/home/yahboom/camera_ws/install/setup.bash'
[2.213s] INFO:colcon.colcon_core.shell:Creating prefix script '/home/yahboom/camera_ws/install/local_setup.zsh'
[2.213s] INFO:colcon.colcon_core.shell:Creating prefix chain script '/home/yahboom/camera_ws/install/setup.zsh'
