running develop
Removing /home/elephant/agvpro_stereo/install/stereo_camera_pkg_py/lib/python3.10/site-packages/stereo-camera-pkg-py.egg-link (link to .)
running egg_info
writing ../../build/stereo_camera_pkg_py/stereo_camera_pkg_py.egg-info/PKG-INFO
writing dependency_links to ../../build/stereo_camera_pkg_py/stereo_camera_pkg_py.egg-info/dependency_links.txt
writing entry points to ../../build/stereo_camera_pkg_py/stereo_camera_pkg_py.egg-info/entry_points.txt
writing requirements to ../../build/stereo_camera_pkg_py/stereo_camera_pkg_py.egg-info/requires.txt
writing top-level names to ../../build/stereo_camera_pkg_py/stereo_camera_pkg_py.egg-info/top_level.txt
reading manifest file '../../build/stereo_camera_pkg_py/stereo_camera_pkg_py.egg-info/SOURCES.txt'
writing manifest file '../../build/stereo_camera_pkg_py/stereo_camera_pkg_py.egg-info/SOURCES.txt'
running build
running build_py
creating /home/elephant/agvpro_stereo/build/stereo_camera_pkg_py/build
creating /home/elephant/agvpro_stereo/build/stereo_camera_pkg_py/build/lib
creating /home/elephant/agvpro_stereo/build/stereo_camera_pkg_py/build/lib/stereo_camera_pkg_py
copying stereo_camera_pkg_py/stereo_calib.py -> /home/elephant/agvpro_stereo/build/stereo_camera_pkg_py/build/lib/stereo_camera_pkg_py
copying stereo_camera_pkg_py/v4l2.py -> /home/elephant/agvpro_stereo/build/stereo_camera_pkg_py/build/lib/stereo_camera_pkg_py
copying stereo_camera_pkg_py/stereo_info.py -> /home/elephant/agvpro_stereo/build/stereo_camera_pkg_py/build/lib/stereo_camera_pkg_py
copying stereo_camera_pkg_py/__init__.py -> /home/elephant/agvpro_stereo/build/stereo_camera_pkg_py/build/lib/stereo_camera_pkg_py
copying stereo_camera_pkg_py/stereo_compresseed.py -> /home/elephant/agvpro_stereo/build/stereo_camera_pkg_py/build/lib/stereo_camera_pkg_py
running install
running install_lib
creating /home/elephant/agvpro_stereo/install/stereo_camera_pkg_py/lib/python3.10/site-packages/stereo_camera_pkg_py
copying /home/elephant/agvpro_stereo/build/stereo_camera_pkg_py/build/lib/stereo_camera_pkg_py/stereo_calib.py -> /home/elephant/agvpro_stereo/install/stereo_camera_pkg_py/lib/python3.10/site-packages/stereo_camera_pkg_py
copying /home/elephant/agvpro_stereo/build/stereo_camera_pkg_py/build/lib/stereo_camera_pkg_py/v4l2.py -> /home/elephant/agvpro_stereo/install/stereo_camera_pkg_py/lib/python3.10/site-packages/stereo_camera_pkg_py
copying /home/elephant/agvpro_stereo/build/stereo_camera_pkg_py/build/lib/stereo_camera_pkg_py/stereo_info.py -> /home/elephant/agvpro_stereo/install/stereo_camera_pkg_py/lib/python3.10/site-packages/stereo_camera_pkg_py
copying /home/elephant/agvpro_stereo/build/stereo_camera_pkg_py/build/lib/stereo_camera_pkg_py/__init__.py -> /home/elephant/agvpro_stereo/install/stereo_camera_pkg_py/lib/python3.10/site-packages/stereo_camera_pkg_py
copying /home/elephant/agvpro_stereo/build/stereo_camera_pkg_py/build/lib/stereo_camera_pkg_py/stereo_compresseed.py -> /home/elephant/agvpro_stereo/install/stereo_camera_pkg_py/lib/python3.10/site-packages/stereo_camera_pkg_py
byte-compiling /home/elephant/agvpro_stereo/install/stereo_camera_pkg_py/lib/python3.10/site-packages/stereo_camera_pkg_py/stereo_calib.py to stereo_calib.cpython-310.pyc
byte-compiling /home/elephant/agvpro_stereo/install/stereo_camera_pkg_py/lib/python3.10/site-packages/stereo_camera_pkg_py/v4l2.py to v4l2.cpython-310.pyc
byte-compiling /home/elephant/agvpro_stereo/install/stereo_camera_pkg_py/lib/python3.10/site-packages/stereo_camera_pkg_py/stereo_info.py to stereo_info.cpython-310.pyc
byte-compiling /home/elephant/agvpro_stereo/install/stereo_camera_pkg_py/lib/python3.10/site-packages/stereo_camera_pkg_py/__init__.py to __init__.cpython-310.pyc
byte-compiling /home/elephant/agvpro_stereo/install/stereo_camera_pkg_py/lib/python3.10/site-packages/stereo_camera_pkg_py/stereo_compresseed.py to stereo_compresseed.cpython-310.pyc
running install_data
copying resource/stereo_camera_pkg_py -> /home/elephant/agvpro_stereo/install/stereo_camera_pkg_py/share/ament_index/resource_index/packages
copying package.xml -> /home/elephant/agvpro_stereo/install/stereo_camera_pkg_py/share/stereo_camera_pkg_py
copying launch/bag_rtabmap.launch.py -> /home/elephant/agvpro_stereo/install/stereo_camera_pkg_py/share/stereo_camera_pkg_py/launch
copying launch/slam.launch.py -> /home/elephant/agvpro_stereo/install/stereo_camera_pkg_py/share/stereo_camera_pkg_py/launch
copying launch/stereo.launch.py -> /home/elephant/agvpro_stereo/install/stereo_camera_pkg_py/share/stereo_camera_pkg_py/launch
copying launch/rgbd_rtabmap.launch.py -> /home/elephant/agvpro_stereo/install/stereo_camera_pkg_py/share/stereo_camera_pkg_py/launch
copying launch/v4l2.launch.py -> /home/elephant/agvpro_stereo/install/stereo_camera_pkg_py/share/stereo_camera_pkg_py/launch
copying launch/rtabmap.launch.py -> /home/elephant/agvpro_stereo/install/stereo_camera_pkg_py/share/stereo_camera_pkg_py/launch
copying launch/stereo_calibration.launch.py -> /home/elephant/agvpro_stereo/install/stereo_camera_pkg_py/share/stereo_camera_pkg_py/launch
copying config/right2.yaml -> /home/elephant/agvpro_stereo/install/stereo_camera_pkg_py/share/stereo_camera_pkg_py/config
copying config/right1.yaml -> /home/elephant/agvpro_stereo/install/stereo_camera_pkg_py/share/stereo_camera_pkg_py/config
copying config/left.yaml -> /home/elephant/agvpro_stereo/install/stereo_camera_pkg_py/share/stereo_camera_pkg_py/config
copying config/left2.yaml -> /home/elephant/agvpro_stereo/install/stereo_camera_pkg_py/share/stereo_camera_pkg_py/config
copying config/left1.yaml -> /home/elephant/agvpro_stereo/install/stereo_camera_pkg_py/share/stereo_camera_pkg_py/config
copying config/right.yaml -> /home/elephant/agvpro_stereo/install/stereo_camera_pkg_py/share/stereo_camera_pkg_py/config
running install_egg_info
Copying ../../build/stereo_camera_pkg_py/stereo_camera_pkg_py.egg-info to /home/elephant/agvpro_stereo/install/stereo_camera_pkg_py/lib/python3.10/site-packages/stereo_camera_pkg_py-0.0.0-py3.10.egg-info
running install_scripts
Installing v4l2 script to /home/elephant/agvpro_stereo/install/stereo_camera_pkg_py/lib/stereo_camera_pkg_py
writing list of installed files to '/home/elephant/agvpro_stereo/build/stereo_camera_pkg_py/install.log'
