[0.096s] Invoking command in '/home/yahboom/camera_ws/build/stereo_camera_pkg': CMAKE_PREFIX_PATH=${CMAKE_PREFIX_PATH}:/opt/ros/humble /usr/bin/cmake --build /home/yahboom/camera_ws/build/stereo_camera_pkg -- -j6 -l6
[0.132s] -- Found ament_cmake: 1.3.6 (/opt/ros/humble/share/ament_cmake/cmake)
[0.248s] -- Override CMake install command with custom implementation using symlinks instead of copying resources
[0.253s] -- Found rclcpp: 16.0.7 (/opt/ros/humble/share/rclcpp/cmake)
[0.276s] -- Found rosidl_generator_c: 3.1.5 (/opt/ros/humble/share/rosidl_generator_c/cmake)
[0.277s] -- Found rosidl_adapter: 3.1.5 (/opt/ros/humble/share/rosidl_adapter/cmake)
[0.282s] -- Found rosidl_generator_cpp: 3.1.5 (/opt/ros/humble/share/rosidl_generator_cpp/cmake)
[0.291s] -- Using all available rosidl_typesupport_c: rosidl_typesupport_fastrtps_c;rosidl_typesupport_introspection_c
[0.302s] -- Using all available rosidl_typesupport_cpp: rosidl_typesupport_fastrtps_cpp;rosidl_typesupport_introspection_cpp
[0.343s] -- Found rmw_implementation_cmake: 6.1.1 (/opt/ros/humble/share/rmw_implementation_cmake/cmake)
[0.343s] -- Found rmw_fastrtps_cpp: 6.2.5 (/opt/ros/humble/share/rmw_fastrtps_cpp/cmake)
[0.414s] -- Using RMW implementation 'rmw_fastrtps_cpp' as default
[0.521s] -- Found sensor_msgs: 4.9.0 (/opt/ros/humble/share/sensor_msgs/cmake)
[0.608s] -- Found cv_bridge: 3.2.1 (/opt/ros/humble/share/cv_bridge/cmake)
[0.617s] -- Found image_transport: 3.1.12 (/opt/ros/humble/share/image_transport/cmake)
[0.639s] [31mCMake Error at /opt/ros/humble/share/ament_cmake_core/cmake/symlink_install/ament_cmake_symlink_install_targets.cmake:67 (message):
[0.640s]   ament_cmake_symlink_install_targets() 'stereo_node' is not a target
[0.640s] Call Stack (most recent call first):
[0.640s]   /opt/ros/humble/share/ament_cmake_core/cmake/symlink_install/install.cmake:37 (ament_cmake_symlink_install_targets)
[0.640s]   CMakeLists.txt:76 (install)
[0.640s] 
[0.640s] [0m
[0.640s] -- Configuring incomplete, errors occurred!
[0.640s] See also "/home/yahboom/camera_ws/build/stereo_camera_pkg/CMakeFiles/CMakeOutput.log".
[0.649s] gmake: *** [Makefile:431: cmake_check_build_system] Error 1
[0.651s] Invoked command in '/home/yahboom/camera_ws/build/stereo_camera_pkg' returned '2': CMAKE_PREFIX_PATH=${CMAKE_PREFIX_PATH}:/opt/ros/humble /usr/bin/cmake --build /home/yahboom/camera_ws/build/stereo_camera_pkg -- -j6 -l6
