[0.620s] DEBUG:colcon:Command line arguments: ['/usr/bin/colcon', 'build']
[0.621s] DEBUG:colcon:Parsed command line arguments: Namespace(log_base=None, log_level=None, verb_name='build', build_base='build', install_base='install', merge_install=False, symlink_install=False, test_result_base=None, continue_on_error=False, executor='parallel', parallel_workers=6, event_handlers=None, ignore_user_meta=False, metas=['./colcon.meta'], base_paths=['.'], packages_ignore=None, packages_ignore_regex=None, paths=None, packages_up_to=None, packages_up_to_regex=None, packages_above=None, packages_above_and_dependencies=None, packages_above_depth=None, packages_select_by_dep=None, packages_skip_by_dep=None, packages_skip_up_to=None, packages_select_build_failed=False, packages_skip_build_finished=False, packages_select_test_failures=False, packages_skip_test_passed=False, packages_select=None, packages_skip=None, packages_select_regex=None, packages_skip_regex=None, packages_start=None, packages_end=None, allow_overriding=[], cmake_args=None, cmake_target=None, cmake_target_skip_unavailable=False, cmake_clean_cache=False, cmake_clean_first=False, cmake_force_configure=False, ament_cmake_args=None, catkin_cmake_args=None, catkin_skip_building_tests=False, verb_parser=<colcon_defaults.argument_parser.defaults.DefaultArgumentsDecorator object at 0x73c640cfead0>, verb_extension=<colcon_core.verb.build.BuildVerb object at 0x73c640fbd120>, main=<bound method BuildVerb.main of <colcon_core.verb.build.BuildVerb object at 0x73c640fbd120>>)
[0.651s] Level 1:colcon.colcon_core.package_discovery:discover_packages(colcon_meta) check parameters
[0.651s] Level 1:colcon.colcon_core.package_discovery:discover_packages(recursive) check parameters
[0.651s] Level 1:colcon.colcon_core.package_discovery:discover_packages(ignore) check parameters
[0.651s] Level 1:colcon.colcon_core.package_discovery:discover_packages(path) check parameters
[0.651s] Level 1:colcon.colcon_core.package_discovery:discover_packages(colcon_meta) discover
[0.651s] Level 1:colcon.colcon_core.package_discovery:discover_packages(recursive) discover
[0.651s] INFO:colcon.colcon_core.package_discovery:Crawling recursively for packages in '/home/yahboom/camera_ws'
[0.651s] Level 1:colcon.colcon_core.package_identification:_identify(.) by extensions ['ignore', 'ignore_ament_install']
[0.652s] Level 1:colcon.colcon_core.package_identification:_identify(.) by extension 'ignore'
[0.652s] Level 1:colcon.colcon_core.package_identification:_identify(.) by extension 'ignore_ament_install'
[0.652s] Level 1:colcon.colcon_core.package_identification:_identify(.) by extensions ['colcon_pkg']
[0.652s] Level 1:colcon.colcon_core.package_identification:_identify(.) by extension 'colcon_pkg'
[0.652s] Level 1:colcon.colcon_core.package_identification:_identify(.) by extensions ['colcon_meta']
[0.652s] Level 1:colcon.colcon_core.package_identification:_identify(.) by extension 'colcon_meta'
[0.652s] Level 1:colcon.colcon_core.package_identification:_identify(.) by extensions ['ros']
[0.652s] Level 1:colcon.colcon_core.package_identification:_identify(.) by extension 'ros'
[0.660s] Level 1:colcon.colcon_core.package_identification:_identify(.) by extensions ['cmake', 'python']
[0.660s] Level 1:colcon.colcon_core.package_identification:_identify(.) by extension 'cmake'
[0.660s] Level 1:colcon.colcon_core.package_identification:_identify(.) by extension 'python'
[0.660s] Level 1:colcon.colcon_core.package_identification:_identify(.) by extensions ['python_setup_py']
[0.660s] Level 1:colcon.colcon_core.package_identification:_identify(.) by extension 'python_setup_py'
[0.660s] Level 1:colcon.colcon_core.package_identification:_identify(build) by extensions ['ignore', 'ignore_ament_install']
[0.660s] Level 1:colcon.colcon_core.package_identification:_identify(build) by extension 'ignore'
[0.660s] Level 1:colcon.colcon_core.package_identification:_identify(build) ignored
[0.660s] Level 1:colcon.colcon_core.package_identification:_identify(install) by extensions ['ignore', 'ignore_ament_install']
[0.660s] Level 1:colcon.colcon_core.package_identification:_identify(install) by extension 'ignore'
[0.660s] Level 1:colcon.colcon_core.package_identification:_identify(install) ignored
[0.660s] Level 1:colcon.colcon_core.package_identification:_identify(log) by extensions ['ignore', 'ignore_ament_install']
[0.660s] Level 1:colcon.colcon_core.package_identification:_identify(log) by extension 'ignore'
[0.661s] Level 1:colcon.colcon_core.package_identification:_identify(log) ignored
[0.661s] Level 1:colcon.colcon_core.package_identification:_identify(src) by extensions ['ignore', 'ignore_ament_install']
[0.661s] Level 1:colcon.colcon_core.package_identification:_identify(src) by extension 'ignore'
[0.661s] Level 1:colcon.colcon_core.package_identification:_identify(src) by extension 'ignore_ament_install'
[0.661s] Level 1:colcon.colcon_core.package_identification:_identify(src) by extensions ['colcon_pkg']
[0.661s] Level 1:colcon.colcon_core.package_identification:_identify(src) by extension 'colcon_pkg'
[0.661s] Level 1:colcon.colcon_core.package_identification:_identify(src) by extensions ['colcon_meta']
[0.661s] Level 1:colcon.colcon_core.package_identification:_identify(src) by extension 'colcon_meta'
[0.661s] Level 1:colcon.colcon_core.package_identification:_identify(src) by extensions ['ros']
[0.661s] Level 1:colcon.colcon_core.package_identification:_identify(src) by extension 'ros'
[0.661s] Level 1:colcon.colcon_core.package_identification:_identify(src) by extensions ['cmake', 'python']
[0.661s] Level 1:colcon.colcon_core.package_identification:_identify(src) by extension 'cmake'
[0.661s] Level 1:colcon.colcon_core.package_identification:_identify(src) by extension 'python'
[0.661s] Level 1:colcon.colcon_core.package_identification:_identify(src) by extensions ['python_setup_py']
[0.661s] Level 1:colcon.colcon_core.package_identification:_identify(src) by extension 'python_setup_py'
[0.661s] Level 1:colcon.colcon_core.package_identification:_identify(src/stereo_camera_pkg) by extensions ['ignore', 'ignore_ament_install']
[0.661s] Level 1:colcon.colcon_core.package_identification:_identify(src/stereo_camera_pkg) by extension 'ignore'
[0.661s] Level 1:colcon.colcon_core.package_identification:_identify(src/stereo_camera_pkg) by extension 'ignore_ament_install'
[0.661s] Level 1:colcon.colcon_core.package_identification:_identify(src/stereo_camera_pkg) by extensions ['colcon_pkg']
[0.661s] Level 1:colcon.colcon_core.package_identification:_identify(src/stereo_camera_pkg) by extension 'colcon_pkg'
[0.661s] Level 1:colcon.colcon_core.package_identification:_identify(src/stereo_camera_pkg) by extensions ['colcon_meta']
[0.661s] Level 1:colcon.colcon_core.package_identification:_identify(src/stereo_camera_pkg) by extension 'colcon_meta'
[0.661s] Level 1:colcon.colcon_core.package_identification:_identify(src/stereo_camera_pkg) by extensions ['ros']
[0.661s] Level 1:colcon.colcon_core.package_identification:_identify(src/stereo_camera_pkg) by extension 'ros'
[0.663s] DEBUG:colcon.colcon_core.package_identification:Package 'src/stereo_camera_pkg' with type 'ros.ament_cmake' and name 'stereo_camera_pkg'
[0.663s] Level 1:colcon.colcon_core.package_identification:_identify(src/stereo_camera_pkg_py) by extensions ['ignore', 'ignore_ament_install']
[0.664s] Level 1:colcon.colcon_core.package_identification:_identify(src/stereo_camera_pkg_py) by extension 'ignore'
[0.664s] Level 1:colcon.colcon_core.package_identification:_identify(src/stereo_camera_pkg_py) by extension 'ignore_ament_install'
[0.664s] Level 1:colcon.colcon_core.package_identification:_identify(src/stereo_camera_pkg_py) by extensions ['colcon_pkg']
[0.664s] Level 1:colcon.colcon_core.package_identification:_identify(src/stereo_camera_pkg_py) by extension 'colcon_pkg'
[0.664s] Level 1:colcon.colcon_core.package_identification:_identify(src/stereo_camera_pkg_py) by extensions ['colcon_meta']
[0.664s] Level 1:colcon.colcon_core.package_identification:_identify(src/stereo_camera_pkg_py) by extension 'colcon_meta'
[0.664s] Level 1:colcon.colcon_core.package_identification:_identify(src/stereo_camera_pkg_py) by extensions ['ros']
[0.664s] Level 1:colcon.colcon_core.package_identification:_identify(src/stereo_camera_pkg_py) by extension 'ros'
[0.664s] DEBUG:colcon.colcon_core.package_identification:Package 'src/stereo_camera_pkg_py' with type 'ros.ament_python' and name 'stereo_camera_pkg_py'
[0.664s] Level 1:colcon.colcon_core.package_discovery:discover_packages(recursive) using defaults
[0.664s] Level 1:colcon.colcon_core.package_discovery:discover_packages(ignore) discover
[0.664s] Level 1:colcon.colcon_core.package_discovery:discover_packages(ignore) using defaults
[0.664s] Level 1:colcon.colcon_core.package_discovery:discover_packages(path) discover
[0.664s] Level 1:colcon.colcon_core.package_discovery:discover_packages(path) using defaults
[0.721s] Level 1:colcon.colcon_core.package_discovery:discover_packages(prefix_path) check parameters
[0.721s] Level 1:colcon.colcon_core.package_discovery:discover_packages(prefix_path) discover
[0.738s] DEBUG:colcon.colcon_installed_package_information.package_discovery:Found 2 installed packages in /home/yahboom/camera_ws/install
[0.748s] DEBUG:colcon.colcon_installed_package_information.package_discovery:Found 356 installed packages in /opt/ros/humble
[0.749s] Level 1:colcon.colcon_core.package_discovery:discover_packages(prefix_path) using defaults
[0.811s] Level 5:colcon.colcon_core.verb:set package 'stereo_camera_pkg' build argument 'cmake_args' from command line to 'None'
[0.811s] Level 5:colcon.colcon_core.verb:set package 'stereo_camera_pkg' build argument 'cmake_target' from command line to 'None'
[0.812s] Level 5:colcon.colcon_core.verb:set package 'stereo_camera_pkg' build argument 'cmake_target_skip_unavailable' from command line to 'False'
[0.812s] Level 5:colcon.colcon_core.verb:set package 'stereo_camera_pkg' build argument 'cmake_clean_cache' from command line to 'False'
[0.812s] Level 5:colcon.colcon_core.verb:set package 'stereo_camera_pkg' build argument 'cmake_clean_first' from command line to 'False'
[0.812s] Level 5:colcon.colcon_core.verb:set package 'stereo_camera_pkg' build argument 'cmake_force_configure' from command line to 'False'
[0.812s] Level 5:colcon.colcon_core.verb:set package 'stereo_camera_pkg' build argument 'ament_cmake_args' from command line to 'None'
[0.812s] Level 5:colcon.colcon_core.verb:set package 'stereo_camera_pkg' build argument 'catkin_cmake_args' from command line to 'None'
[0.812s] Level 5:colcon.colcon_core.verb:set package 'stereo_camera_pkg' build argument 'catkin_skip_building_tests' from command line to 'False'
[0.812s] DEBUG:colcon.colcon_core.verb:Building package 'stereo_camera_pkg' with the following arguments: {'ament_cmake_args': None, 'build_base': '/home/yahboom/camera_ws/build/stereo_camera_pkg', 'catkin_cmake_args': None, 'catkin_skip_building_tests': False, 'cmake_args': None, 'cmake_clean_cache': False, 'cmake_clean_first': False, 'cmake_force_configure': False, 'cmake_target': None, 'cmake_target_skip_unavailable': False, 'install_base': '/home/yahboom/camera_ws/install/stereo_camera_pkg', 'merge_install': False, 'path': '/home/yahboom/camera_ws/src/stereo_camera_pkg', 'symlink_install': False, 'test_result_base': None}
[0.820s] Level 5:colcon.colcon_core.verb:set package 'stereo_camera_pkg_py' build argument 'cmake_args' from command line to 'None'
[0.820s] Level 5:colcon.colcon_core.verb:set package 'stereo_camera_pkg_py' build argument 'cmake_target' from command line to 'None'
[0.820s] Level 5:colcon.colcon_core.verb:set package 'stereo_camera_pkg_py' build argument 'cmake_target_skip_unavailable' from command line to 'False'
[0.820s] Level 5:colcon.colcon_core.verb:set package 'stereo_camera_pkg_py' build argument 'cmake_clean_cache' from command line to 'False'
[0.820s] Level 5:colcon.colcon_core.verb:set package 'stereo_camera_pkg_py' build argument 'cmake_clean_first' from command line to 'False'
[0.820s] Level 5:colcon.colcon_core.verb:set package 'stereo_camera_pkg_py' build argument 'cmake_force_configure' from command line to 'False'
[0.820s] Level 5:colcon.colcon_core.verb:set package 'stereo_camera_pkg_py' build argument 'ament_cmake_args' from command line to 'None'
[0.820s] Level 5:colcon.colcon_core.verb:set package 'stereo_camera_pkg_py' build argument 'catkin_cmake_args' from command line to 'None'
[0.820s] Level 5:colcon.colcon_core.verb:set package 'stereo_camera_pkg_py' build argument 'catkin_skip_building_tests' from command line to 'False'
[0.820s] DEBUG:colcon.colcon_core.verb:Building package 'stereo_camera_pkg_py' with the following arguments: {'ament_cmake_args': None, 'build_base': '/home/yahboom/camera_ws/build/stereo_camera_pkg_py', 'catkin_cmake_args': None, 'catkin_skip_building_tests': False, 'cmake_args': None, 'cmake_clean_cache': False, 'cmake_clean_first': False, 'cmake_force_configure': False, 'cmake_target': None, 'cmake_target_skip_unavailable': False, 'install_base': '/home/yahboom/camera_ws/install/stereo_camera_pkg_py', 'merge_install': False, 'path': '/home/yahboom/camera_ws/src/stereo_camera_pkg_py', 'symlink_install': False, 'test_result_base': None}
[0.828s] INFO:colcon.colcon_core.executor:Executing jobs using 'parallel' executor
[0.837s] DEBUG:colcon.colcon_parallel_executor.executor.parallel:run_until_complete
[0.837s] INFO:colcon.colcon_ros.task.ament_cmake.build:Building ROS package in '/home/yahboom/camera_ws/src/stereo_camera_pkg' with build type 'ament_cmake'
[0.837s] INFO:colcon.colcon_cmake.task.cmake.build:Building CMake package in '/home/yahboom/camera_ws/src/stereo_camera_pkg'
[0.848s] INFO:colcon.colcon_core.plugin_system:Skipping extension 'colcon_core.shell.bat': Not used on non-Windows systems
[0.848s] INFO:colcon.colcon_core.shell:Skip shell extension 'powershell' for command environment: Not usable outside of PowerShell
[0.848s] DEBUG:colcon.colcon_core.shell:Skip shell extension 'dsv' for command environment
[0.881s] INFO:colcon.colcon_ros.task.ament_python.build:Building ROS package in '/home/yahboom/camera_ws/src/stereo_camera_pkg_py' with build type 'ament_python'
[0.881s] Level 1:colcon.colcon_core.shell:create_environment_hook('stereo_camera_pkg_py', 'ament_prefix_path')
[0.891s] INFO:colcon.colcon_core.shell:Creating environment hook '/home/yahboom/camera_ws/install/stereo_camera_pkg_py/share/stereo_camera_pkg_py/hook/ament_prefix_path.ps1'
[0.891s] INFO:colcon.colcon_core.shell:Creating environment descriptor '/home/yahboom/camera_ws/install/stereo_camera_pkg_py/share/stereo_camera_pkg_py/hook/ament_prefix_path.dsv'
[0.892s] INFO:colcon.colcon_core.shell:Creating environment hook '/home/yahboom/camera_ws/install/stereo_camera_pkg_py/share/stereo_camera_pkg_py/hook/ament_prefix_path.sh'
[0.902s] INFO:colcon.colcon_core.shell:Skip shell extension 'powershell' for command environment: Not usable outside of PowerShell
[0.902s] DEBUG:colcon.colcon_core.shell:Skip shell extension 'dsv' for command environment
[0.940s] DEBUG:colcon.colcon_core.event_handler.log_command:Invoking command in '/home/yahboom/camera_ws/build/stereo_camera_pkg': CMAKE_PREFIX_PATH=${CMAKE_PREFIX_PATH}:/home/yahboom/camera_ws/install/stereo_camera_pkg_py:/opt/ros/humble /usr/bin/cmake --build /home/yahboom/camera_ws/build/stereo_camera_pkg -- -j6 -l6
[1.147s] INFO:colcon.colcon_core.task.python.build:Building Python package in '/home/yahboom/camera_ws/src/stereo_camera_pkg_py'
[1.155s] INFO:colcon.colcon_core.shell:Skip shell extension 'powershell' for command environment: Not usable outside of PowerShell
[1.156s] DEBUG:colcon.colcon_core.shell:Skip shell extension 'dsv' for command environment
[1.186s] DEBUG:colcon.colcon_core.event_handler.log_command:Invoked command in '/home/yahboom/camera_ws/build/stereo_camera_pkg' returned '0': CMAKE_PREFIX_PATH=${CMAKE_PREFIX_PATH}:/home/yahboom/camera_ws/install/stereo_camera_pkg_py:/opt/ros/humble /usr/bin/cmake --build /home/yahboom/camera_ws/build/stereo_camera_pkg -- -j6 -l6
[1.256s] DEBUG:colcon.colcon_core.event_handler.log_command:Invoking command in '/home/yahboom/camera_ws/build/stereo_camera_pkg': CMAKE_PREFIX_PATH=${CMAKE_PREFIX_PATH}:/home/yahboom/camera_ws/install/stereo_camera_pkg_py:/opt/ros/humble /usr/bin/cmake --install /home/yahboom/camera_ws/build/stereo_camera_pkg
[1.282s] Level 1:colcon.colcon_core.environment:create_environment_scripts_only(stereo_camera_pkg)
[1.282s] DEBUG:colcon.colcon_core.event_handler.log_command:Invoked command in '/home/yahboom/camera_ws/build/stereo_camera_pkg' returned '0': CMAKE_PREFIX_PATH=${CMAKE_PREFIX_PATH}:/home/yahboom/camera_ws/install/stereo_camera_pkg_py:/opt/ros/humble /usr/bin/cmake --install /home/yahboom/camera_ws/build/stereo_camera_pkg
[1.293s] Level 1:colcon.colcon_core.environment:checking '/home/yahboom/camera_ws/install/stereo_camera_pkg' for CMake module files
[1.293s] Level 1:colcon.colcon_core.environment:checking '/home/yahboom/camera_ws/install/stereo_camera_pkg' for CMake config files
[1.293s] Level 1:colcon.colcon_core.shell:create_environment_hook('stereo_camera_pkg', 'cmake_prefix_path')
[1.304s] INFO:colcon.colcon_core.shell:Creating environment hook '/home/yahboom/camera_ws/install/stereo_camera_pkg/share/stereo_camera_pkg/hook/cmake_prefix_path.ps1'
[1.304s] INFO:colcon.colcon_core.shell:Creating environment descriptor '/home/yahboom/camera_ws/install/stereo_camera_pkg/share/stereo_camera_pkg/hook/cmake_prefix_path.dsv'
[1.304s] INFO:colcon.colcon_core.shell:Creating environment hook '/home/yahboom/camera_ws/install/stereo_camera_pkg/share/stereo_camera_pkg/hook/cmake_prefix_path.sh'
[1.305s] Level 1:colcon.colcon_core.environment:checking '/home/yahboom/camera_ws/install/stereo_camera_pkg/lib'
[1.305s] Level 1:colcon.colcon_core.environment:checking '/home/yahboom/camera_ws/install/stereo_camera_pkg/bin'
[1.305s] Level 1:colcon.colcon_core.environment:checking '/home/yahboom/camera_ws/install/stereo_camera_pkg/lib/pkgconfig/stereo_camera_pkg.pc'
[1.306s] Level 1:colcon.colcon_core.environment:checking '/home/yahboom/camera_ws/install/stereo_camera_pkg/lib/python3.10/site-packages'
[1.306s] Level 1:colcon.colcon_core.environment:checking '/home/yahboom/camera_ws/install/stereo_camera_pkg/bin'
[1.315s] INFO:colcon.colcon_core.shell:Creating package script '/home/yahboom/camera_ws/install/stereo_camera_pkg/share/stereo_camera_pkg/package.ps1'
[1.316s] INFO:colcon.colcon_core.shell:Creating package descriptor '/home/yahboom/camera_ws/install/stereo_camera_pkg/share/stereo_camera_pkg/package.dsv'
[1.316s] INFO:colcon.colcon_core.shell:Creating package script '/home/yahboom/camera_ws/install/stereo_camera_pkg/share/stereo_camera_pkg/package.sh'
[1.317s] INFO:colcon.colcon_core.shell:Creating package script '/home/yahboom/camera_ws/install/stereo_camera_pkg/share/stereo_camera_pkg/package.bash'
[1.317s] INFO:colcon.colcon_core.shell:Creating package script '/home/yahboom/camera_ws/install/stereo_camera_pkg/share/stereo_camera_pkg/package.zsh'
[1.318s] Level 1:colcon.colcon_core.environment:create_file_with_runtime_dependencies(/home/yahboom/camera_ws/install/stereo_camera_pkg/share/colcon-core/packages/stereo_camera_pkg)
[1.384s] Level 1:colcon.colcon_core.environment:create_environment_scripts_only(stereo_camera_pkg)
[1.394s] Level 1:colcon.colcon_core.environment:checking '/home/yahboom/camera_ws/install/stereo_camera_pkg' for CMake module files
[1.394s] Level 1:colcon.colcon_core.environment:checking '/home/yahboom/camera_ws/install/stereo_camera_pkg' for CMake config files
[1.394s] Level 1:colcon.colcon_core.shell:create_environment_hook('stereo_camera_pkg', 'cmake_prefix_path')
[1.403s] INFO:colcon.colcon_core.shell:Creating environment hook '/home/yahboom/camera_ws/install/stereo_camera_pkg/share/stereo_camera_pkg/hook/cmake_prefix_path.ps1'
[1.404s] INFO:colcon.colcon_core.shell:Creating environment descriptor '/home/yahboom/camera_ws/install/stereo_camera_pkg/share/stereo_camera_pkg/hook/cmake_prefix_path.dsv'
[1.404s] INFO:colcon.colcon_core.shell:Creating environment hook '/home/yahboom/camera_ws/install/stereo_camera_pkg/share/stereo_camera_pkg/hook/cmake_prefix_path.sh'
[1.404s] Level 1:colcon.colcon_core.environment:checking '/home/yahboom/camera_ws/install/stereo_camera_pkg/lib'
[1.405s] Level 1:colcon.colcon_core.environment:checking '/home/yahboom/camera_ws/install/stereo_camera_pkg/bin'
[1.405s] Level 1:colcon.colcon_core.environment:checking '/home/yahboom/camera_ws/install/stereo_camera_pkg/lib/pkgconfig/stereo_camera_pkg.pc'
[1.405s] Level 1:colcon.colcon_core.environment:checking '/home/yahboom/camera_ws/install/stereo_camera_pkg/lib/python3.10/site-packages'
[1.405s] Level 1:colcon.colcon_core.environment:checking '/home/yahboom/camera_ws/install/stereo_camera_pkg/bin'
[1.414s] INFO:colcon.colcon_core.shell:Creating package script '/home/yahboom/camera_ws/install/stereo_camera_pkg/share/stereo_camera_pkg/package.ps1'
[1.415s] INFO:colcon.colcon_core.shell:Creating package descriptor '/home/yahboom/camera_ws/install/stereo_camera_pkg/share/stereo_camera_pkg/package.dsv'
[1.415s] INFO:colcon.colcon_core.shell:Creating package script '/home/yahboom/camera_ws/install/stereo_camera_pkg/share/stereo_camera_pkg/package.sh'
[1.416s] INFO:colcon.colcon_core.shell:Creating package script '/home/yahboom/camera_ws/install/stereo_camera_pkg/share/stereo_camera_pkg/package.bash'
[1.416s] INFO:colcon.colcon_core.shell:Creating package script '/home/yahboom/camera_ws/install/stereo_camera_pkg/share/stereo_camera_pkg/package.zsh'
[1.416s] Level 1:colcon.colcon_core.environment:create_file_with_runtime_dependencies(/home/yahboom/camera_ws/install/stereo_camera_pkg/share/colcon-core/packages/stereo_camera_pkg)
[1.445s] DEBUG:colcon.colcon_core.event_handler.log_command:Invoking command in '/home/yahboom/camera_ws/src/stereo_camera_pkg_py': PYTHONPATH=/home/yahboom/camera_ws/build/stereo_camera_pkg_py/prefix_override:/home/yahboom/camera_ws/install/stereo_camera_pkg_py/lib/python3.10/site-packages:${PYTHONPATH} /usr/bin/python3 setup.py egg_info --egg-base ../../build/stereo_camera_pkg_py build --build-base /home/yahboom/camera_ws/build/stereo_camera_pkg_py/build install --record /home/yahboom/camera_ws/build/stereo_camera_pkg_py/install.log --single-version-externally-managed
[1.664s] DEBUG:colcon.colcon_core.event_handler.log_command:Invoked command in '/home/yahboom/camera_ws/src/stereo_camera_pkg_py' returned '0': PYTHONPATH=/home/yahboom/camera_ws/build/stereo_camera_pkg_py/prefix_override:/home/yahboom/camera_ws/install/stereo_camera_pkg_py/lib/python3.10/site-packages:${PYTHONPATH} /usr/bin/python3 setup.py egg_info --egg-base ../../build/stereo_camera_pkg_py build --build-base /home/yahboom/camera_ws/build/stereo_camera_pkg_py/build install --record /home/yahboom/camera_ws/build/stereo_camera_pkg_py/install.log --single-version-externally-managed
[1.673s] Level 1:colcon.colcon_core.environment:checking '/home/yahboom/camera_ws/install/stereo_camera_pkg_py' for CMake module files
[1.673s] Level 1:colcon.colcon_core.environment:checking '/home/yahboom/camera_ws/install/stereo_camera_pkg_py' for CMake config files
[1.674s] Level 1:colcon.colcon_core.environment:checking '/home/yahboom/camera_ws/install/stereo_camera_pkg_py/lib'
[1.674s] Level 1:colcon.colcon_core.environment:checking '/home/yahboom/camera_ws/install/stereo_camera_pkg_py/bin'
[1.674s] Level 1:colcon.colcon_core.environment:checking '/home/yahboom/camera_ws/install/stereo_camera_pkg_py/lib/pkgconfig/stereo_camera_pkg_py.pc'
[1.674s] Level 1:colcon.colcon_core.environment:checking '/home/yahboom/camera_ws/install/stereo_camera_pkg_py/lib/python3.10/site-packages'
[1.674s] Level 1:colcon.colcon_core.shell:create_environment_hook('stereo_camera_pkg_py', 'pythonpath')
[1.683s] INFO:colcon.colcon_core.shell:Creating environment hook '/home/yahboom/camera_ws/install/stereo_camera_pkg_py/share/stereo_camera_pkg_py/hook/pythonpath.ps1'
[1.684s] INFO:colcon.colcon_core.shell:Creating environment descriptor '/home/yahboom/camera_ws/install/stereo_camera_pkg_py/share/stereo_camera_pkg_py/hook/pythonpath.dsv'
[1.684s] INFO:colcon.colcon_core.shell:Creating environment hook '/home/yahboom/camera_ws/install/stereo_camera_pkg_py/share/stereo_camera_pkg_py/hook/pythonpath.sh'
[1.685s] Level 1:colcon.colcon_core.environment:checking '/home/yahboom/camera_ws/install/stereo_camera_pkg_py/bin'
[1.685s] Level 1:colcon.colcon_core.environment:create_environment_scripts_only(stereo_camera_pkg_py)
[1.694s] INFO:colcon.colcon_core.shell:Creating package script '/home/yahboom/camera_ws/install/stereo_camera_pkg_py/share/stereo_camera_pkg_py/package.ps1'
[1.694s] INFO:colcon.colcon_core.shell:Creating package descriptor '/home/yahboom/camera_ws/install/stereo_camera_pkg_py/share/stereo_camera_pkg_py/package.dsv'
[1.695s] INFO:colcon.colcon_core.shell:Creating package script '/home/yahboom/camera_ws/install/stereo_camera_pkg_py/share/stereo_camera_pkg_py/package.sh'
[1.695s] INFO:colcon.colcon_core.shell:Creating package script '/home/yahboom/camera_ws/install/stereo_camera_pkg_py/share/stereo_camera_pkg_py/package.bash'
[1.695s] INFO:colcon.colcon_core.shell:Creating package script '/home/yahboom/camera_ws/install/stereo_camera_pkg_py/share/stereo_camera_pkg_py/package.zsh'
[1.696s] Level 1:colcon.colcon_core.environment:create_file_with_runtime_dependencies(/home/yahboom/camera_ws/install/stereo_camera_pkg_py/share/colcon-core/packages/stereo_camera_pkg_py)
[1.696s] DEBUG:colcon.colcon_parallel_executor.executor.parallel:closing loop
[1.697s] DEBUG:colcon.colcon_parallel_executor.executor.parallel:loop closed
[1.697s] DEBUG:colcon.colcon_parallel_executor.executor.parallel:run_until_complete finished with '0'
[1.697s] DEBUG:colcon.colcon_core.event_reactor:joining thread
[1.710s] INFO:colcon.colcon_core.plugin_system:Skipping extension 'colcon_notification.desktop_notification.terminal_notifier': Not used on non-Darwin systems
[1.711s] INFO:colcon.colcon_core.plugin_system:Skipping extension 'colcon_notification.desktop_notification.win32': Not used on non-Windows systems
[1.711s] INFO:colcon.colcon_notification.desktop_notification:Sending desktop notification using 'notify2'
[1.722s] DEBUG:colcon.colcon_core.event_reactor:joined thread
[1.732s] INFO:colcon.colcon_core.shell:Creating prefix script '/home/yahboom/camera_ws/install/local_setup.ps1'
[1.733s] INFO:colcon.colcon_core.shell:Creating prefix util module '/home/yahboom/camera_ws/install/_local_setup_util_ps1.py'
[1.735s] INFO:colcon.colcon_core.shell:Creating prefix chain script '/home/yahboom/camera_ws/install/setup.ps1'
[1.745s] INFO:colcon.colcon_core.shell:Creating prefix script '/home/yahboom/camera_ws/install/local_setup.sh'
[1.745s] INFO:colcon.colcon_core.shell:Creating prefix util module '/home/yahboom/camera_ws/install/_local_setup_util_sh.py'
[1.746s] INFO:colcon.colcon_core.shell:Creating prefix chain script '/home/yahboom/camera_ws/install/setup.sh'
[1.758s] INFO:colcon.colcon_core.shell:Creating prefix script '/home/yahboom/camera_ws/install/local_setup.bash'
[1.758s] INFO:colcon.colcon_core.shell:Creating prefix chain script '/home/yahboom/camera_ws/install/setup.bash'
[1.767s] INFO:colcon.colcon_core.shell:Creating prefix script '/home/yahboom/camera_ws/install/local_setup.zsh'
[1.768s] INFO:colcon.colcon_core.shell:Creating prefix chain script '/home/yahboom/camera_ws/install/setup.zsh'
