[0.094s] Invoking command in '/home/yahboom/camera_ws/build/stereo_camera_pkg': CMAKE_PREFIX_PATH=${CMAKE_PREFIX_PATH}:/home/yahboom/yahboomcar_ws/install/yahboomcar_nav:/home/yahboom/yahboomcar_ws/install/yahboomcar_multi:/home/yahboom/yahboomcar_ws/install/yahboomcar_laser:/home/yahboom/yahboomcar_ws/install/yahboomcar_description:/home/yahboom/yahboomcar_ws/install/yahboomcar_ctrl:/home/yahboom/yahboomcar_ws/install/yahboomcar_bringup:/home/yahboom/yahboomcar_ws/install/yahboom_app_save_map:/home/yahboom/yahboomcar_ws/install/laserscan_to_point_publisher:/home/yahboom/yahboomcar_ros2_ws/yahboomcar_ws/install/pkg_topic:/home/yahboom/yahboomcar_ros2_ws/yahboomcar_ws/install/pkg_tf:/home/yahboom/yahboomcar_ros2_ws/yahboomcar_ws/install/pkg_service:/home/yahboom/yahboomcar_ros2_ws/yahboomcar_ws/install/pkg_param:/home/yahboom/yahboomcar_ros2_ws/yahboomcar_ws/install/pkg_action:/home/yahboom/yahboomcar_ros2_ws/yahboomcar_ws/install/pkg_helloworld_py:/opt/ros/humble /usr/bin/cmake --build /home/yahboom/camera_ws/build/stereo_camera_pkg -- -j4 -l4
[0.123s] -- Found ament_cmake: 1.3.6 (/opt/ros/humble/share/ament_cmake/cmake)
[0.275s] -- Found rclcpp: 16.0.7 (/opt/ros/humble/share/rclcpp/cmake)
[0.297s] -- Found rosidl_generator_c: 3.1.5 (/opt/ros/humble/share/rosidl_generator_c/cmake)
[0.300s] -- Found rosidl_adapter: 3.1.5 (/opt/ros/humble/share/rosidl_adapter/cmake)
[0.304s] -- Found rosidl_generator_cpp: 3.1.5 (/opt/ros/humble/share/rosidl_generator_cpp/cmake)
[0.313s] -- Using all available rosidl_typesupport_c: rosidl_typesupport_fastrtps_c;rosidl_typesupport_introspection_c
[0.326s] -- Using all available rosidl_typesupport_cpp: rosidl_typesupport_fastrtps_cpp;rosidl_typesupport_introspection_cpp
[0.374s] -- Found rmw_implementation_cmake: 6.1.1 (/opt/ros/humble/share/rmw_implementation_cmake/cmake)
[0.375s] -- Found rmw_fastrtps_cpp: 6.2.5 (/opt/ros/humble/share/rmw_fastrtps_cpp/cmake)
[0.470s] -- Using RMW implementation 'rmw_fastrtps_cpp' as default
[0.578s] -- Found sensor_msgs: 4.9.0 (/opt/ros/humble/share/sensor_msgs/cmake)
[0.661s] -- Found cv_bridge: 3.2.1 (/opt/ros/humble/share/cv_bridge/cmake)
[0.671s] -- Found image_transport: 3.1.12 (/opt/ros/humble/share/image_transport/cmake)
[0.696s] -- Found ament_lint_auto: 0.12.9 (/opt/ros/humble/share/ament_lint_auto/cmake)
[0.762s] -- Added test 'cppcheck' to perform static code analysis on C / C++ code
[0.762s] -- Configured cppcheck include dirs: $<BUILD_INTERFACE:/home/yahboom/camera_ws/src/stereo_camera_pkg/include>
[0.762s] -- Configured cppcheck exclude dirs and/or files: 
[0.763s] -- Added test 'flake8' to check Python code syntax and style conventions
[0.763s] -- Added test 'lint_cmake' to check CMake code style
[0.763s] -- Added test 'pep257' to check Python code against some of the docstring style conventions in PEP 257
[0.765s] -- Added test 'uncrustify' to check C / C++ code style
[0.765s] -- Configured uncrustify additional arguments: 
[0.766s] -- Added test 'xmllint' to check XML markup files
[0.766s] -- Configuring done
[0.798s] -- Generating done
[0.803s] -- Build files have been written to: /home/yahboom/camera_ws/build/stereo_camera_pkg
[0.839s] [35m[1mConsolidate compiler generated dependencies of target stereo_camera_node[0m
[0.839s] [35m[1mConsolidate compiler generated dependencies of target left_camera_node[0m
[0.841s] [35m[1mConsolidate compiler generated dependencies of target right_camera_node[0m
[0.863s] [ 50%] Built target left_camera_node
[0.863s] [ 50%] [32m[1mLinking CXX executable stereo_camera_node[0m
[0.869s] [ 83%] Built target right_camera_node
[1.286s] /usr/bin/ld: CMakeFiles/stereo_camera_node.dir/src/stereo_camera_node.cpp.o: warning: relocation against `_ZTVN4YAML11InvalidNodeE' in read-only section `.text._ZN4YAML11InvalidNodeC2ERKNSt7__cxx1112basic_stringIcSt11char_traitsIcESaIcEEE[_ZN4YAML11InvalidNodeC5ERKNSt7__cxx1112basic_stringIcSt11char_traitsIcESaIcEEE]'
[1.360s] /usr/bin/ld: CMakeFiles/stereo_camera_node.dir/src/stereo_camera_node.cpp.o: in function `YAML::Exception::Exception(YAML::Mark const&, std::__cxx11::basic_string<char, std::char_traits<char>, std::allocator<char> > const&)':
[1.361s] stereo_camera_node.cpp:(.text._ZN4YAML9ExceptionC2ERKNS_4MarkERKNSt7__cxx1112basic_stringIcSt11char_traitsIcESaIcEEE[_ZN4YAML9ExceptionC5ERKNS_4MarkERKNSt7__cxx1112basic_stringIcSt11char_traitsIcESaIcEEE]+0x61): undefined reference to `vtable for YAML::Exception'
[1.361s] /usr/bin/ld: CMakeFiles/stereo_camera_node.dir/src/stereo_camera_node.cpp.o: in function `YAML::RepresentationException::RepresentationException(YAML::Mark const&, std::__cxx11::basic_string<char, std::char_traits<char>, std::allocator<char> > const&)':
[1.361s] stereo_camera_node.cpp:(.text._ZN4YAML23RepresentationExceptionC2ERKNS_4MarkERKNSt7__cxx1112basic_stringIcSt11char_traitsIcESaIcEEE[_ZN4YAML23RepresentationExceptionC5ERKNS_4MarkERKNSt7__cxx1112basic_stringIcSt11char_traitsIcESaIcEEE]+0x32): undefined reference to `vtable for YAML::RepresentationException'
[1.362s] /usr/bin/ld: CMakeFiles/stereo_camera_node.dir/src/stereo_camera_node.cpp.o: in function `YAML::InvalidNode::InvalidNode(std::__cxx11::basic_string<char, std::char_traits<char>, std::allocator<char> > const&)':
[1.362s] stereo_camera_node.cpp:(.text._ZN4YAML11InvalidNodeC2ERKNSt7__cxx1112basic_stringIcSt11char_traitsIcESaIcEEE[_ZN4YAML11InvalidNodeC5ERKNSt7__cxx1112basic_stringIcSt11char_traitsIcESaIcEEE]+0x71): undefined reference to `vtable for YAML::InvalidNode'
[1.362s] /usr/bin/ld: CMakeFiles/stereo_camera_node.dir/src/stereo_camera_node.cpp.o: in function `YAML::BadConversion::BadConversion(YAML::Mark const&)':
[1.362s] stereo_camera_node.cpp:(.text._ZN4YAML13BadConversionC2ERKNS_4MarkE[_ZN4YAML13BadConversionC5ERKNS_4MarkE]+0x7c): undefined reference to `vtable for YAML::BadConversion'
[1.362s] /usr/bin/ld: CMakeFiles/stereo_camera_node.dir/src/stereo_camera_node.cpp.o: in function `YAML::detail::memory_holder::create_node()':
[1.362s] stereo_camera_node.cpp:(.text._ZN4YAML6detail13memory_holder11create_nodeEv[_ZN4YAML6detail13memory_holder11create_nodeEv]+0x20): undefined reference to `YAML::detail::memory::create_node()'
[1.362s] /usr/bin/ld: CMakeFiles/stereo_camera_node.dir/src/stereo_camera_node.cpp.o: in function `YAML::detail::node_ref::mark_defined()':
[1.362s] stereo_camera_node.cpp:(.text._ZN4YAML6detail8node_ref12mark_definedEv[_ZN4YAML6detail8node_ref12mark_definedEv]+0x20): undefined reference to `YAML::detail::node_data::mark_defined()'
[1.362s] /usr/bin/ld: CMakeFiles/stereo_camera_node.dir/src/stereo_camera_node.cpp.o: in function `YAML::detail::node_ref::set_null()':
[1.362s] stereo_camera_node.cpp:(.text._ZN4YAML6detail8node_ref8set_nullEv[_ZN4YAML6detail8node_ref8set_nullEv]+0x20): undefined reference to `YAML::detail::node_data::set_null()'
[1.362s] /usr/bin/ld: CMakeFiles/stereo_camera_node.dir/src/stereo_camera_node.cpp.o: in function `YAML::detail::node_ref::set_scalar(std::__cxx11::basic_string<char, std::char_traits<char>, std::allocator<char> > const&)':
[1.362s] stereo_camera_node.cpp:(.text._ZN4YAML6detail8node_ref10set_scalarERKNSt7__cxx1112basic_stringIcSt11char_traitsIcESaIcEEE[_ZN4YAML6detail8node_ref10set_scalarERKNSt7__cxx1112basic_stringIcSt11char_traitsIcESaIcEEE]+0x2e): undefined reference to `YAML::detail::node_data::set_scalar(std::__cxx11::basic_string<char, std::char_traits<char>, std::allocator<char> > const&)'
[1.362s] /usr/bin/ld: CMakeFiles/stereo_camera_node.dir/src/stereo_camera_node.cpp.o: in function `YAML::detail::node_ref::begin()':
[1.362s] stereo_camera_node.cpp:(.text._ZN4YAML6detail8node_ref5beginEv[_ZN4YAML6detail8node_ref5beginEv]+0x3d): undefined reference to `YAML::detail::node_data::begin()'
[1.365s] /usr/bin/ld: CMakeFiles/stereo_camera_node.dir/src/stereo_camera_node.cpp.o: in function `YAML::detail::node_ref::end()':
[1.365s] stereo_camera_node.cpp:(.text._ZN4YAML6detail8node_ref3endEv[_ZN4YAML6detail8node_ref3endEv]+0x3d): undefined reference to `YAML::detail::node_data::end()'
[1.365s] /usr/bin/ld: CMakeFiles/stereo_camera_node.dir/src/stereo_camera_node.cpp.o: in function `YAML::Node::EnsureNodeExists() const':
[1.365s] stereo_camera_node.cpp:(.text._ZNK4YAML4Node16EnsureNodeExistsEv[_ZNK4YAML4Node16EnsureNodeExistsEv]+0x44): undefined reference to `YAML::InvalidNode::~InvalidNode()'
[1.365s] /usr/bin/ld: stereo_camera_node.cpp:(.text._ZNK4YAML4Node16EnsureNodeExistsEv[_ZNK4YAML4Node16EnsureNodeExistsEv]+0x4e): undefined reference to `typeinfo for YAML::InvalidNode'
[1.365s] /usr/bin/ld: CMakeFiles/stereo_camera_node.dir/src/stereo_camera_node.cpp.o: in function `YAML::Node::Mark() const':
[1.365s] stereo_camera_node.cpp:(.text._ZNK4YAML4Node4MarkEv[_ZNK4YAML4Node4MarkEv]+0x44): undefined reference to `YAML::InvalidNode::~InvalidNode()'
[1.365s] /usr/bin/ld: stereo_camera_node.cpp:(.text._ZNK4YAML4Node4MarkEv[_ZNK4YAML4Node4MarkEv]+0x4e): undefined reference to `typeinfo for YAML::InvalidNode'
[1.365s] /usr/bin/ld: CMakeFiles/stereo_camera_node.dir/src/stereo_camera_node.cpp.o: in function `YAML::Node::Type() const':
[1.365s] stereo_camera_node.cpp:(.text._ZNK4YAML4Node4TypeEv[_ZNK4YAML4Node4TypeEv]+0x44): undefined reference to `YAML::InvalidNode::~InvalidNode()'
[1.365s] /usr/bin/ld: stereo_camera_node.cpp:(.text._ZNK4YAML4Node4TypeEv[_ZNK4YAML4Node4TypeEv]+0x4e): undefined reference to `typeinfo for YAML::InvalidNode'
[1.366s] /usr/bin/ld: CMakeFiles/stereo_camera_node.dir/src/stereo_camera_node.cpp.o: in function `YAML::Node::Scalar[abi:cxx11]() const':
[1.366s] stereo_camera_node.cpp:(.text._ZNK4YAML4Node6ScalarB5cxx11Ev[_ZNK4YAML4Node6ScalarB5cxx11Ev]+0x44): undefined reference to `YAML::InvalidNode::~InvalidNode()'
[1.366s] /usr/bin/ld: stereo_camera_node.cpp:(.text._ZNK4YAML4Node6ScalarB5cxx11Ev[_ZNK4YAML4Node6ScalarB5cxx11Ev]+0x4e): undefined reference to `typeinfo for YAML::InvalidNode'
[1.366s] /usr/bin/ld: stereo_camera_node.cpp:(.text._ZNK4YAML4Node6ScalarB5cxx11Ev[_ZNK4YAML4Node6ScalarB5cxx11Ev]+0x7d): undefined reference to `YAML::detail::node_data::empty_scalar[abi:cxx11]()'
[1.366s] /usr/bin/ld: CMakeFiles/stereo_camera_node.dir/src/stereo_camera_node.cpp.o: in function `StereoCameraNode::load_camera_info(std::__cxx11::basic_string<char, std::char_traits<char>, std::allocator<char> > const&, int, int)':
[1.367s] stereo_camera_node.cpp:(.text._ZN16StereoCameraNode16load_camera_infoERKNSt7__cxx1112basic_stringIcSt11char_traitsIcESaIcEEEii[_ZN16StereoCameraNode16load_camera_infoERKNSt7__cxx1112basic_stringIcSt11char_traitsIcESaIcEEEii]+0x6c): undefined reference to `YAML::LoadFile(std::__cxx11::basic_string<char, std::char_traits<char>, std::allocator<char> > const&)'
[1.367s] /usr/bin/ld: CMakeFiles/stereo_camera_node.dir/src/stereo_camera_node.cpp.o: in function `std::__cxx11::basic_string<char, std::char_traits<char>, std::allocator<char> > YAML::Node::as<std::__cxx11::basic_string<char, std::char_traits<char>, std::allocator<char> > >() const':
[1.367s] stereo_camera_node.cpp:(.text._ZNK4YAML4Node2asINSt7__cxx1112basic_stringIcSt11char_traitsIcESaIcEEEEET_v[_ZNK4YAML4Node2asINSt7__cxx1112basic_stringIcSt11char_traitsIcESaIcEEEEET_v]+0x57): undefined reference to `YAML::InvalidNode::~InvalidNode()'
[1.367s] /usr/bin/ld: stereo_camera_node.cpp:(.text._ZNK4YAML4Node2asINSt7__cxx1112basic_stringIcSt11char_traitsIcESaIcEEEEET_v[_ZNK4YAML4Node2asINSt7__cxx1112basic_stringIcSt11char_traitsIcESaIcEEEEET_v]+0x61): undefined reference to `typeinfo for YAML::InvalidNode'
[1.367s] /usr/bin/ld: CMakeFiles/stereo_camera_node.dir/src/stereo_camera_node.cpp.o: in function `std::vector<double, std::allocator<double> > YAML::Node::as<std::vector<double, std::allocator<double> > >() const':
[1.367s] stereo_camera_node.cpp:(.text._ZNK4YAML4Node2asISt6vectorIdSaIdEEEET_v[_ZNK4YAML4Node2asISt6vectorIdSaIdEEEET_v]+0x57): undefined reference to `YAML::InvalidNode::~InvalidNode()'
[1.367s] /usr/bin/ld: stereo_camera_node.cpp:(.text._ZNK4YAML4Node2asISt6vectorIdSaIdEEEET_v[_ZNK4YAML4Node2asISt6vectorIdSaIdEEEET_v]+0x61): undefined reference to `typeinfo for YAML::InvalidNode'
[1.369s] /usr/bin/ld: CMakeFiles/stereo_camera_node.dir/src/stereo_camera_node.cpp.o: in function `YAML::TypedBadConversion<std::vector<double, std::allocator<double> > >::~TypedBadConversion()':
[1.369s] stereo_camera_node.cpp:(.text._ZN4YAML18TypedBadConversionISt6vectorIdSaIdEEED2Ev[_ZN4YAML18TypedBadConversionISt6vectorIdSaIdEEED5Ev]+0x26): undefined reference to `YAML::BadConversion::~BadConversion()'
[1.369s] /usr/bin/ld: CMakeFiles/stereo_camera_node.dir/src/stereo_camera_node.cpp.o: in function `YAML::detail::node& YAML::detail::node_data::get<char [17]>(char const (&) [17], std::shared_ptr<YAML::detail::memory_holder>)':
[1.369s] stereo_camera_node.cpp:(.text._ZN4YAML6detail9node_data3getIA17_cEERNS0_4nodeERKT_St10shared_ptrINS0_13memory_holderEE[_ZN4YAML6detail9node_data3getIA17_cEERNS0_4nodeERKT_St10shared_ptrINS0_13memory_holderEE]+0xd3): undefined reference to `YAML::detail::node_data::convert_to_map(std::shared_ptr<YAML::detail::memory_holder> const&)'
[1.369s] /usr/bin/ld: stereo_camera_node.cpp:(.text._ZN4YAML6detail9node_data3getIA17_cEERNS0_4nodeERKT_St10shared_ptrINS0_13memory_holderEE[_ZN4YAML6detail9node_data3getIA17_cEERNS0_4nodeERKT_St10shared_ptrINS0_13memory_holderEE]+0x103): undefined reference to `YAML::BadSubscript::~BadSubscript()'
[1.370s] /usr/bin/ld: stereo_camera_node.cpp:(.text._ZN4YAML6detail9node_data3getIA17_cEERNS0_4nodeERKT_St10shared_ptrINS0_13memory_holderEE[_ZN4YAML6detail9node_data3getIA17_cEERNS0_4nodeERKT_St10shared_ptrINS0_13memory_holderEE]+0x10d): undefined reference to `typeinfo for YAML::BadSubscript'
[1.370s] /usr/bin/ld: stereo_camera_node.cpp:(.text._ZN4YAML6detail9node_data3getIA17_cEERNS0_4nodeERKT_St10shared_ptrINS0_13memory_holderEE[_ZN4YAML6detail9node_data3getIA17_cEERNS0_4nodeERKT_St10shared_ptrINS0_13memory_holderEE]+0x1fb): undefined reference to `YAML::detail::node_data::insert_map_pair(YAML::detail::node&, YAML::detail::node&)'
[1.370s] /usr/bin/ld: CMakeFiles/stereo_camera_node.dir/src/stereo_camera_node.cpp.o: in function `YAML::detail::node& YAML::detail::node_data::get<char [24]>(char const (&) [24], std::shared_ptr<YAML::detail::memory_holder>)':
[1.370s] stereo_camera_node.cpp:(.text._ZN4YAML6detail9node_data3getIA24_cEERNS0_4nodeERKT_St10shared_ptrINS0_13memory_holderEE[_ZN4YAML6detail9node_data3getIA24_cEERNS0_4nodeERKT_St10shared_ptrINS0_13memory_holderEE]+0xd3): undefined reference to `YAML::detail::node_data::convert_to_map(std::shared_ptr<YAML::detail::memory_holder> const&)'
[1.370s] /usr/bin/ld: stereo_camera_node.cpp:(.text._ZN4YAML6detail9node_data3getIA24_cEERNS0_4nodeERKT_St10shared_ptrINS0_13memory_holderEE[_ZN4YAML6detail9node_data3getIA24_cEERNS0_4nodeERKT_St10shared_ptrINS0_13memory_holderEE]+0x103): undefined reference to `YAML::BadSubscript::~BadSubscript()'
[1.370s] /usr/bin/ld: stereo_camera_node.cpp:(.text._ZN4YAML6detail9node_data3getIA24_cEERNS0_4nodeERKT_St10shared_ptrINS0_13memory_holderEE[_ZN4YAML6detail9node_data3getIA24_cEERNS0_4nodeERKT_St10shared_ptrINS0_13memory_holderEE]+0x10d): undefined reference to `typeinfo for YAML::BadSubscript'
[1.370s] /usr/bin/ld: stereo_camera_node.cpp:(.text._ZN4YAML6detail9node_data3getIA24_cEERNS0_4nodeERKT_St10shared_ptrINS0_13memory_holderEE[_ZN4YAML6detail9node_data3getIA24_cEERNS0_4nodeERKT_St10shared_ptrINS0_13memory_holderEE]+0x1fb): undefined reference to `YAML::detail::node_data::insert_map_pair(YAML::detail::node&, YAML::detail::node&)'
[1.370s] /usr/bin/ld: CMakeFiles/stereo_camera_node.dir/src/stereo_camera_node.cpp.o: in function `YAML::detail::node& YAML::detail::node_data::get<char [5]>(char const (&) [5], std::shared_ptr<YAML::detail::memory_holder>)':
[1.370s] stereo_camera_node.cpp:(.text._ZN4YAML6detail9node_data3getIA5_cEERNS0_4nodeERKT_St10shared_ptrINS0_13memory_holderEE[_ZN4YAML6detail9node_data3getIA5_cEERNS0_4nodeERKT_St10shared_ptrINS0_13memory_holderEE]+0xd3): undefined reference to `YAML::detail::node_data::convert_to_map(std::shared_ptr<YAML::detail::memory_holder> const&)'
[1.370s] /usr/bin/ld: stereo_camera_node.cpp:(.text._ZN4YAML6detail9node_data3getIA5_cEERNS0_4nodeERKT_St10shared_ptrINS0_13memory_holderEE[_ZN4YAML6detail9node_data3getIA5_cEERNS0_4nodeERKT_St10shared_ptrINS0_13memory_holderEE]+0x103): undefined reference to `YAML::BadSubscript::~BadSubscript()'
[1.370s] /usr/bin/ld: stereo_camera_node.cpp:(.text._ZN4YAML6detail9node_data3getIA5_cEERNS0_4nodeERKT_St10shared_ptrINS0_13memory_holderEE[_ZN4YAML6detail9node_data3getIA5_cEERNS0_4nodeERKT_St10shared_ptrINS0_13memory_holderEE]+0x10d): undefined reference to `typeinfo for YAML::BadSubscript'
[1.370s] /usr/bin/ld: stereo_camera_node.cpp:(.text._ZN4YAML6detail9node_data3getIA5_cEERNS0_4nodeERKT_St10shared_ptrINS0_13memory_holderEE[_ZN4YAML6detail9node_data3getIA5_cEERNS0_4nodeERKT_St10shared_ptrINS0_13memory_holderEE]+0x1fb): undefined reference to `YAML::detail::node_data::insert_map_pair(YAML::detail::node&, YAML::detail::node&)'
[1.371s] /usr/bin/ld: CMakeFiles/stereo_camera_node.dir/src/stereo_camera_node.cpp.o: in function `double YAML::Node::as<double>() const':
[1.371s] stereo_camera_node.cpp:(.text._ZNK4YAML4Node2asIdEET_v[_ZNK4YAML4Node2asIdEET_v]+0x53): undefined reference to `YAML::InvalidNode::~InvalidNode()'
[1.371s] /usr/bin/ld: stereo_camera_node.cpp:(.text._ZNK4YAML4Node2asIdEET_v[_ZNK4YAML4Node2asIdEET_v]+0x5d): undefined reference to `typeinfo for YAML::InvalidNode'
[1.371s] /usr/bin/ld: CMakeFiles/stereo_camera_node.dir/src/stereo_camera_node.cpp.o: in function `YAML::detail::node& YAML::detail::node_data::get<char [14]>(char const (&) [14], std::shared_ptr<YAML::detail::memory_holder>)':
[1.371s] stereo_camera_node.cpp:(.text._ZN4YAML6detail9node_data3getIA14_cEERNS0_4nodeERKT_St10shared_ptrINS0_13memory_holderEE[_ZN4YAML6detail9node_data3getIA14_cEERNS0_4nodeERKT_St10shared_ptrINS0_13memory_holderEE]+0xd3): undefined reference to `YAML::detail::node_data::convert_to_map(std::shared_ptr<YAML::detail::memory_holder> const&)'
[1.371s] /usr/bin/ld: stereo_camera_node.cpp:(.text._ZN4YAML6detail9node_data3getIA14_cEERNS0_4nodeERKT_St10shared_ptrINS0_13memory_holderEE[_ZN4YAML6detail9node_data3getIA14_cEERNS0_4nodeERKT_St10shared_ptrINS0_13memory_holderEE]+0x103): undefined reference to `YAML::BadSubscript::~BadSubscript()'
[1.371s] /usr/bin/ld: stereo_camera_node.cpp:(.text._ZN4YAML6detail9node_data3getIA14_cEERNS0_4nodeERKT_St10shared_ptrINS0_13memory_holderEE[_ZN4YAML6detail9node_data3getIA14_cEERNS0_4nodeERKT_St10shared_ptrINS0_13memory_holderEE]+0x10d): undefined reference to `typeinfo for YAML::BadSubscript'
[1.371s] /usr/bin/ld: stereo_camera_node.cpp:(.text._ZN4YAML6detail9node_data3getIA14_cEERNS0_4nodeERKT_St10shared_ptrINS0_13memory_holderEE[_ZN4YAML6detail9node_data3getIA14_cEERNS0_4nodeERKT_St10shared_ptrINS0_13memory_holderEE]+0x1fb): undefined reference to `YAML::detail::node_data::insert_map_pair(YAML::detail::node&, YAML::detail::node&)'
[1.371s] /usr/bin/ld: CMakeFiles/stereo_camera_node.dir/src/stereo_camera_node.cpp.o: in function `YAML::detail::node& YAML::detail::node_data::get<char [21]>(char const (&) [21], std::shared_ptr<YAML::detail::memory_holder>)':
[1.371s] stereo_camera_node.cpp:(.text._ZN4YAML6detail9node_data3getIA21_cEERNS0_4nodeERKT_St10shared_ptrINS0_13memory_holderEE[_ZN4YAML6detail9node_data3getIA21_cEERNS0_4nodeERKT_St10shared_ptrINS0_13memory_holderEE]+0xd3): undefined reference to `YAML::detail::node_data::convert_to_map(std::shared_ptr<YAML::detail::memory_holder> const&)'
[1.371s] /usr/bin/ld: stereo_camera_node.cpp:(.text._ZN4YAML6detail9node_data3getIA21_cEERNS0_4nodeERKT_St10shared_ptrINS0_13memory_holderEE[_ZN4YAML6detail9node_data3getIA21_cEERNS0_4nodeERKT_St10shared_ptrINS0_13memory_holderEE]+0x103): undefined reference to `YAML::BadSubscript::~BadSubscript()'
[1.371s] /usr/bin/ld: stereo_camera_node.cpp:(.text._ZN4YAML6detail9node_data3getIA21_cEERNS0_4nodeERKT_St10shared_ptrINS0_13memory_holderEE[_ZN4YAML6detail9node_data3getIA21_cEERNS0_4nodeERKT_St10shared_ptrINS0_13memory_holderEE]+0x10d): undefined reference to `typeinfo for YAML::BadSubscript'
[1.371s] /usr/bin/ld: stereo_camera_node.cpp:(.text._ZN4YAML6detail9node_data3getIA21_cEERNS0_4nodeERKT_St10shared_ptrINS0_13memory_holderEE[_ZN4YAML6detail9node_data3getIA21_cEERNS0_4nodeERKT_St10shared_ptrINS0_13memory_holderEE]+0x1fb): undefined reference to `YAML::detail::node_data::insert_map_pair(YAML::detail::node&, YAML::detail::node&)'
[1.371s] /usr/bin/ld: CMakeFiles/stereo_camera_node.dir/src/stereo_camera_node.cpp.o: in function `YAML::detail::node& YAML::detail::node_data::get<char [18]>(char const (&) [18], std::shared_ptr<YAML::detail::memory_holder>)':
[1.371s] stereo_camera_node.cpp:(.text._ZN4YAML6detail9node_data3getIA18_cEERNS0_4nodeERKT_St10shared_ptrINS0_13memory_holderEE[_ZN4YAML6detail9node_data3getIA18_cEERNS0_4nodeERKT_St10shared_ptrINS0_13memory_holderEE]+0xd3): undefined reference to `YAML::detail::node_data::convert_to_map(std::shared_ptr<YAML::detail::memory_holder> const&)'
[1.371s] /usr/bin/ld: stereo_camera_node.cpp:(.text._ZN4YAML6detail9node_data3getIA18_cEERNS0_4nodeERKT_St10shared_ptrINS0_13memory_holderEE[_ZN4YAML6detail9node_data3getIA18_cEERNS0_4nodeERKT_St10shared_ptrINS0_13memory_holderEE]+0x103): undefined reference to `YAML::BadSubscript::~BadSubscript()'
[1.372s] /usr/bin/ld: stereo_camera_node.cpp:(.text._ZN4YAML6detail9node_data3getIA18_cEERNS0_4nodeERKT_St10shared_ptrINS0_13memory_holderEE[_ZN4YAML6detail9node_data3getIA18_cEERNS0_4nodeERKT_St10shared_ptrINS0_13memory_holderEE]+0x10d): undefined reference to `typeinfo for YAML::BadSubscript'
[1.372s] /usr/bin/ld: stereo_camera_node.cpp:(.text._ZN4YAML6detail9node_data3getIA18_cEERNS0_4nodeERKT_St10shared_ptrINS0_13memory_holderEE[_ZN4YAML6detail9node_data3getIA18_cEERNS0_4nodeERKT_St10shared_ptrINS0_13memory_holderEE]+0x1fb): undefined reference to `YAML::detail::node_data::insert_map_pair(YAML::detail::node&, YAML::detail::node&)'
[1.372s] /usr/bin/ld: CMakeFiles/stereo_camera_node.dir/src/stereo_camera_node.cpp.o: in function `YAML::BadSubscript::BadSubscript<char [17]>(YAML::Mark const&, char const (&) [17])':
[1.372s] stereo_camera_node.cpp:(.text._ZN4YAML12BadSubscriptC2IA17_cEERKNS_4MarkERKT_[_ZN4YAML12BadSubscriptC5IA17_cEERKNS_4MarkERKT_]+0x61): undefined reference to `vtable for YAML::BadSubscript'
[1.372s] /usr/bin/ld: CMakeFiles/stereo_camera_node.dir/src/stereo_camera_node.cpp.o: in function `YAML::detail::node& YAML::detail::node_data::convert_to_node<char [17]>(char const (&) [17], std::shared_ptr<YAML::detail::memory_holder>)':
[1.372s] stereo_camera_node.cpp:(.text._ZN4YAML6detail9node_data15convert_to_nodeIA17_cEERNS0_4nodeERKT_St10shared_ptrINS0_13memory_holderEE[_ZN4YAML6detail9node_data15convert_to_nodeIA17_cEERNS0_4nodeERKT_St10shared_ptrINS0_13memory_holderEE]+0x69): undefined reference to `YAML::detail::memory_holder::merge(YAML::detail::memory_holder&)'
[1.372s] /usr/bin/ld: CMakeFiles/stereo_camera_node.dir/src/stereo_camera_node.cpp.o: in function `YAML::BadSubscript::BadSubscript<char [24]>(YAML::Mark const&, char const (&) [24])':
[1.372s] stereo_camera_node.cpp:(.text._ZN4YAML12BadSubscriptC2IA24_cEERKNS_4MarkERKT_[_ZN4YAML12BadSubscriptC5IA24_cEERKNS_4MarkERKT_]+0x61): undefined reference to `vtable for YAML::BadSubscript'
[1.372s] /usr/bin/ld: CMakeFiles/stereo_camera_node.dir/src/stereo_camera_node.cpp.o: in function `YAML::detail::node& YAML::detail::node_data::convert_to_node<char [24]>(char const (&) [24], std::shared_ptr<YAML::detail::memory_holder>)':
[1.372s] stereo_camera_node.cpp:(.text._ZN4YAML6detail9node_data15convert_to_nodeIA24_cEERNS0_4nodeERKT_St10shared_ptrINS0_13memory_holderEE[_ZN4YAML6detail9node_data15convert_to_nodeIA24_cEERNS0_4nodeERKT_St10shared_ptrINS0_13memory_holderEE]+0x69): undefined reference to `YAML::detail::memory_holder::merge(YAML::detail::memory_holder&)'
[1.372s] /usr/bin/ld: CMakeFiles/stereo_camera_node.dir/src/stereo_camera_node.cpp.o: in function `YAML::BadSubscript::BadSubscript<char [5]>(YAML::Mark const&, char const (&) [5])':
[1.372s] stereo_camera_node.cpp:(.text._ZN4YAML12BadSubscriptC2IA5_cEERKNS_4MarkERKT_[_ZN4YAML12BadSubscriptC5IA5_cEERKNS_4MarkERKT_]+0x61): undefined reference to `vtable for YAML::BadSubscript'
[1.372s] /usr/bin/ld: CMakeFiles/stereo_camera_node.dir/src/stereo_camera_node.cpp.o: in function `YAML::detail::node& YAML::detail::node_data::convert_to_node<char [5]>(char const (&) [5], std::shared_ptr<YAML::detail::memory_holder>)':
[1.372s] stereo_camera_node.cpp:(.text._ZN4YAML6detail9node_data15convert_to_nodeIA5_cEERNS0_4nodeERKT_St10shared_ptrINS0_13memory_holderEE[_ZN4YAML6detail9node_data15convert_to_nodeIA5_cEERNS0_4nodeERKT_St10shared_ptrINS0_13memory_holderEE]+0x69): undefined reference to `YAML::detail::memory_holder::merge(YAML::detail::memory_holder&)'
[1.372s] /usr/bin/ld: CMakeFiles/stereo_camera_node.dir/src/stereo_camera_node.cpp.o: in function `YAML::TypedBadConversion<double>::~TypedBadConversion()':
[1.372s] stereo_camera_node.cpp:(.text._ZN4YAML18TypedBadConversionIdED2Ev[_ZN4YAML18TypedBadConversionIdED5Ev]+0x26): undefined reference to `YAML::BadConversion::~BadConversion()'
[1.372s] /usr/bin/ld: CMakeFiles/stereo_camera_node.dir/src/stereo_camera_node.cpp.o: in function `YAML::BadSubscript::BadSubscript<char [14]>(YAML::Mark const&, char const (&) [14])':
[1.372s] stereo_camera_node.cpp:(.text._ZN4YAML12BadSubscriptC2IA14_cEERKNS_4MarkERKT_[_ZN4YAML12BadSubscriptC5IA14_cEERKNS_4MarkERKT_]+0x61): undefined reference to `vtable for YAML::BadSubscript'
[1.372s] /usr/bin/ld: CMakeFiles/stereo_camera_node.dir/src/stereo_camera_node.cpp.o: in function `YAML::detail::node& YAML::detail::node_data::convert_to_node<char [14]>(char const (&) [14], std::shared_ptr<YAML::detail::memory_holder>)':
[1.372s] stereo_camera_node.cpp:(.text._ZN4YAML6detail9node_data15convert_to_nodeIA14_cEERNS0_4nodeERKT_St10shared_ptrINS0_13memory_holderEE[_ZN4YAML6detail9node_data15convert_to_nodeIA14_cEERNS0_4nodeERKT_St10shared_ptrINS0_13memory_holderEE]+0x69): undefined reference to `YAML::detail::memory_holder::merge(YAML::detail::memory_holder&)'
[1.372s] /usr/bin/ld: CMakeFiles/stereo_camera_node.dir/src/stereo_camera_node.cpp.o: in function `YAML::BadSubscript::BadSubscript<char [21]>(YAML::Mark const&, char const (&) [21])':
[1.372s] stereo_camera_node.cpp:(.text._ZN4YAML12BadSubscriptC2IA21_cEERKNS_4MarkERKT_[_ZN4YAML12BadSubscriptC5IA21_cEERKNS_4MarkERKT_]+0x61): undefined reference to `vtable for YAML::BadSubscript'
[1.373s] /usr/bin/ld: CMakeFiles/stereo_camera_node.dir/src/stereo_camera_node.cpp.o: in function `YAML::detail::node& YAML::detail::node_data::convert_to_node<char [21]>(char const (&) [21], std::shared_ptr<YAML::detail::memory_holder>)':
[1.373s] stereo_camera_node.cpp:(.text._ZN4YAML6detail9node_data15convert_to_nodeIA21_cEERNS0_4nodeERKT_St10shared_ptrINS0_13memory_holderEE[_ZN4YAML6detail9node_data15convert_to_nodeIA21_cEERNS0_4nodeERKT_St10shared_ptrINS0_13memory_holderEE]+0x69): undefined reference to `YAML::detail::memory_holder::merge(YAML::detail::memory_holder&)'
[1.373s] /usr/bin/ld: CMakeFiles/stereo_camera_node.dir/src/stereo_camera_node.cpp.o: in function `YAML::BadSubscript::BadSubscript<char [18]>(YAML::Mark const&, char const (&) [18])':
[1.373s] stereo_camera_node.cpp:(.text._ZN4YAML12BadSubscriptC2IA18_cEERKNS_4MarkERKT_[_ZN4YAML12BadSubscriptC5IA18_cEERKNS_4MarkERKT_]+0x61): undefined reference to `vtable for YAML::BadSubscript'
[1.373s] /usr/bin/ld: CMakeFiles/stereo_camera_node.dir/src/stereo_camera_node.cpp.o: in function `YAML::detail::node& YAML::detail::node_data::convert_to_node<char [18]>(char const (&) [18], std::shared_ptr<YAML::detail::memory_holder>)':
[1.373s] stereo_camera_node.cpp:(.text._ZN4YAML6detail9node_data15convert_to_nodeIA18_cEERNS0_4nodeERKT_St10shared_ptrINS0_13memory_holderEE[_ZN4YAML6detail9node_data15convert_to_nodeIA18_cEERNS0_4nodeERKT_St10shared_ptrINS0_13memory_holderEE]+0x69): undefined reference to `YAML::detail::memory_holder::merge(YAML::detail::memory_holder&)'
[1.375s] /usr/bin/ld: CMakeFiles/stereo_camera_node.dir/src/stereo_camera_node.cpp.o: in function `YAML::TypedBadConversion<std::__cxx11::basic_string<char, std::char_traits<char>, std::allocator<char> > >::~TypedBadConversion()':
[1.375s] stereo_camera_node.cpp:(.text._ZN4YAML18TypedBadConversionINSt7__cxx1112basic_stringIcSt11char_traitsIcESaIcEEEED2Ev[_ZN4YAML18TypedBadConversionINSt7__cxx1112basic_stringIcSt11char_traitsIcESaIcEEEED5Ev]+0x26): undefined reference to `YAML::BadConversion::~BadConversion()'
[1.376s] /usr/bin/ld: CMakeFiles/stereo_camera_node.dir/src/stereo_camera_node.cpp.o:(.data.rel.ro._ZTIN4YAML18TypedBadConversionIdEE[_ZTIN4YAML18TypedBadConversionIdEE]+0x10): undefined reference to `typeinfo for YAML::BadConversion'
[1.376s] /usr/bin/ld: CMakeFiles/stereo_camera_node.dir/src/stereo_camera_node.cpp.o:(.data.rel.ro._ZTIN4YAML18TypedBadConversionISt6vectorIdSaIdEEEE[_ZTIN4YAML18TypedBadConversionISt6vectorIdSaIdEEEE]+0x10): undefined reference to `typeinfo for YAML::BadConversion'
[1.376s] /usr/bin/ld: CMakeFiles/stereo_camera_node.dir/src/stereo_camera_node.cpp.o:(.data.rel.ro._ZTIN4YAML18TypedBadConversionINSt7__cxx1112basic_stringIcSt11char_traitsIcESaIcEEEEE[_ZTIN4YAML18TypedBadConversionINSt7__cxx1112basic_stringIcSt11char_traitsIcESaIcEEEEE]+0x10): undefined reference to `typeinfo for YAML::BadConversion'
[1.377s] /usr/bin/ld: CMakeFiles/stereo_camera_node.dir/src/stereo_camera_node.cpp.o:(.data.rel.local.DW.ref._ZTIN4YAML9ExceptionE[DW.ref._ZTIN4YAML9ExceptionE]+0x0): undefined reference to `typeinfo for YAML::Exception'
[1.412s] /usr/bin/ld: warning: creating DT_TEXTREL in a PIE
[1.422s] collect2: error: ld returned 1 exit status
[1.426s] gmake[2]: *** [CMakeFiles/stereo_camera_node.dir/build.make:232: stereo_camera_node] Error 1
[1.427s] gmake[1]: *** [CMakeFiles/Makefile2:141: CMakeFiles/stereo_camera_node.dir/all] Error 2
[1.428s] gmake: *** [Makefile:146: all] Error 2
[1.431s] Invoked command in '/home/yahboom/camera_ws/build/stereo_camera_pkg' returned '2': CMAKE_PREFIX_PATH=${CMAKE_PREFIX_PATH}:/home/yahboom/yahboomcar_ws/install/yahboomcar_nav:/home/yahboom/yahboomcar_ws/install/yahboomcar_multi:/home/yahboom/yahboomcar_ws/install/yahboomcar_laser:/home/yahboom/yahboomcar_ws/install/yahboomcar_description:/home/yahboom/yahboomcar_ws/install/yahboomcar_ctrl:/home/yahboom/yahboomcar_ws/install/yahboomcar_bringup:/home/yahboom/yahboomcar_ws/install/yahboom_app_save_map:/home/yahboom/yahboomcar_ws/install/laserscan_to_point_publisher:/home/yahboom/yahboomcar_ros2_ws/yahboomcar_ws/install/pkg_topic:/home/yahboom/yahboomcar_ros2_ws/yahboomcar_ws/install/pkg_tf:/home/yahboom/yahboomcar_ros2_ws/yahboomcar_ws/install/pkg_service:/home/yahboom/yahboomcar_ros2_ws/yahboomcar_ws/install/pkg_param:/home/yahboom/yahboomcar_ros2_ws/yahboomcar_ws/install/pkg_action:/home/yahboom/yahboomcar_ros2_ws/yahboomcar_ws/install/pkg_helloworld_py:/opt/ros/humble /usr/bin/cmake --build /home/yahboom/camera_ws/build/stereo_camera_pkg -- -j4 -l4
