[0.060s] Invoking command in '/home/yahboom/camera_ws/build/stereo_camera_pkg': CMAKE_PREFIX_PATH=${CMAKE_PREFIX_PATH}:/opt/ros/humble /usr/bin/cmake /home/yahboom/camera_ws/src/stereo_camera_pkg -DCMAKE_INSTALL_PREFIX=/home/yahboom/camera_ws/install/stereo_camera_pkg
[0.123s] -- Found ament_cmake: 1.3.6 (/opt/ros/humble/share/ament_cmake/cmake)
[0.270s] -- Override CMake install command with custom implementation using symlinks instead of copying resources
[0.318s] -- Found rclcpp: 16.0.7 (/opt/ros/humble/share/rclcpp/cmake)
[0.406s] -- Found rosidl_generator_c: 3.1.5 (/opt/ros/humble/share/rosidl_generator_c/cmake)
[0.412s] -- Found rosidl_adapter: 3.1.5 (/opt/ros/humble/share/rosidl_adapter/cmake)
[0.427s] -- Found rosidl_generator_cpp: 3.1.5 (/opt/ros/humble/share/rosidl_generator_cpp/cmake)
[0.451s] -- Using all available rosidl_typesupport_c: rosidl_typesupport_fastrtps_c;rosidl_typesupport_introspection_c
[0.475s] -- Using all available rosidl_typesupport_cpp: rosidl_typesupport_fastrtps_cpp;rosidl_typesupport_introspection_cpp
[0.562s] -- Found rmw_implementation_cmake: 6.1.1 (/opt/ros/humble/share/rmw_implementation_cmake/cmake)
[0.567s] -- Found rmw_fastrtps_cpp: 6.2.5 (/opt/ros/humble/share/rmw_fastrtps_cpp/cmake)
[0.676s] -- Using RMW implementation 'rmw_fastrtps_cpp' as default
[0.851s] -- Found sensor_msgs: 4.9.0 (/opt/ros/humble/share/sensor_msgs/cmake)
[0.965s] -- Found cv_bridge: 3.2.1 (/opt/ros/humble/share/cv_bridge/cmake)
[0.981s] -- Found image_transport: 3.1.12 (/opt/ros/humble/share/image_transport/cmake)
[1.027s] -- Found ament_lint_auto: 0.12.9 (/opt/ros/humble/share/ament_lint_auto/cmake)
[1.108s] -- Added test 'cppcheck' to perform static code analysis on C / C++ code
[1.109s] -- Configured cppcheck include dirs: $<BUILD_INTERFACE:/home/yahboom/camera_ws/src/stereo_camera_pkg/include>
[1.109s] -- Configured cppcheck exclude dirs and/or files: 
[1.110s] -- Added test 'flake8' to check Python code syntax and style conventions
[1.111s] -- Added test 'lint_cmake' to check CMake code style
[1.112s] -- Added test 'pep257' to check Python code against some of the docstring style conventions in PEP 257
[1.113s] -- Added test 'uncrustify' to check C / C++ code style
[1.114s] -- Configured uncrustify additional arguments: 
[1.114s] -- Added test 'xmllint' to check XML markup files
[1.118s] -- Configuring done
[1.175s] -- Generating done
[1.179s] -- Build files have been written to: /home/yahboom/camera_ws/build/stereo_camera_pkg
[1.190s] Invoked command in '/home/yahboom/camera_ws/build/stereo_camera_pkg' returned '0': CMAKE_PREFIX_PATH=${CMAKE_PREFIX_PATH}:/opt/ros/humble /usr/bin/cmake /home/yahboom/camera_ws/src/stereo_camera_pkg -DCMAKE_INSTALL_PREFIX=/home/yahboom/camera_ws/install/stereo_camera_pkg
[1.191s] Invoking command in '/home/yahboom/camera_ws/build/stereo_camera_pkg': CMAKE_PREFIX_PATH=${CMAKE_PREFIX_PATH}:/opt/ros/humble /usr/bin/cmake --build /home/yahboom/camera_ws/build/stereo_camera_pkg -- -j6 -l6
[1.243s] [35m[1mConsolidate compiler generated dependencies of target right_camera_node[0m
[1.243s] [35m[1mConsolidate compiler generated dependencies of target left_camera_node[0m
[1.243s] [35m[1mConsolidate compiler generated dependencies of target stereo_node[0m
[1.243s] [35m[1mConsolidate compiler generated dependencies of target stereo_camera_node[0m
[1.243s] [35m[1mConsolidate compiler generated dependencies of target camera_info[0m
[1.364s] [ 20%] [32mBuilding CXX object CMakeFiles/left_camera_node.dir/src/left_camera_node.cpp.o[0m
[1.364s] [ 20%] [32mBuilding CXX object CMakeFiles/stereo_node.dir/src/stereo_node.cpp.o[0m
[1.365s] [ 40%] [32mBuilding CXX object CMakeFiles/right_camera_node.dir/src/right_camera_node.cpp.o[0m
[1.365s] [ 50%] [32mBuilding CXX object CMakeFiles/stereo_camera_node.dir/src/stereo_camera_node.cpp.o[0m
[1.365s] [ 40%] [32mBuilding CXX object CMakeFiles/camera_info.dir/src/camera_info.cpp.o[0m
[13.274s] [ 60%] [32m[1mLinking CXX executable stereo_node[0m
[13.305s] [ 70%] [32m[1mLinking CXX executable left_camera_node[0m
[13.392s] [ 80%] [32m[1mLinking CXX executable right_camera_node[0m
[13.919s] [ 80%] Built target stereo_node
[13.921s] [ 80%] Built target right_camera_node
[13.923s] [ 80%] Built target left_camera_node
[14.181s] [ 90%] [32m[1mLinking CXX executable camera_info[0m
[14.202s] [100%] [32m[1mLinking CXX executable stereo_camera_node[0m
[14.686s] [100%] Built target camera_info
[14.697s] [100%] Built target stereo_camera_node
[14.711s] Invoked command in '/home/yahboom/camera_ws/build/stereo_camera_pkg' returned '0': CMAKE_PREFIX_PATH=${CMAKE_PREFIX_PATH}:/opt/ros/humble /usr/bin/cmake --build /home/yahboom/camera_ws/build/stereo_camera_pkg -- -j6 -l6
[14.783s] Invoking command in '/home/yahboom/camera_ws/build/stereo_camera_pkg': CMAKE_PREFIX_PATH=${CMAKE_PREFIX_PATH}:/opt/ros/humble /usr/bin/cmake --install /home/yahboom/camera_ws/build/stereo_camera_pkg
[14.791s] -- Install configuration: ""
[14.791s] -- Execute custom install script
[14.792s] -- Up-to-date symlink: /home/yahboom/camera_ws/install/stereo_camera_pkg/lib/stereo_camera_pkg/stereo_camera_node
[14.793s] -- Up-to-date symlink: /home/yahboom/camera_ws/install/stereo_camera_pkg/lib/stereo_camera_pkg/left_camera_node
[14.793s] -- Up-to-date symlink: /home/yahboom/camera_ws/install/stereo_camera_pkg/lib/stereo_camera_pkg/right_camera_node
[14.793s] -- Up-to-date symlink: /home/yahboom/camera_ws/install/stereo_camera_pkg/lib/stereo_camera_pkg/stereo_node
[14.794s] -- Up-to-date symlink: /home/yahboom/camera_ws/install/stereo_camera_pkg/lib/stereo_camera_pkg/camera_info
[14.795s] -- Up-to-date symlink: /home/yahboom/camera_ws/install/stereo_camera_pkg/share/stereo_camera_pkg/apt_rtabmap.launch.py
[14.795s] -- Up-to-date symlink: /home/yahboom/camera_ws/install/stereo_camera_pkg/share/stereo_camera_pkg/calib.launch.py
[14.796s] -- Up-to-date symlink: /home/yahboom/camera_ws/install/stereo_camera_pkg/share/stereo_camera_pkg/left_calibration.launch.py
[14.796s] -- Up-to-date symlink: /home/yahboom/camera_ws/install/stereo_camera_pkg/share/stereo_camera_pkg/prtabmap.launch.py
[14.797s] -- Up-to-date symlink: /home/yahboom/camera_ws/install/stereo_camera_pkg/share/stereo_camera_pkg/rtabmap.launch.py
[14.797s] -- Up-to-date symlink: /home/yahboom/camera_ws/install/stereo_camera_pkg/share/stereo_camera_pkg/stereo_calibration.launch.py
[14.798s] -- Up-to-date symlink: /home/yahboom/camera_ws/install/stereo_camera_pkg/share/stereo_camera_pkg/stereo_camera.launch.py
[14.798s] -- Up-to-date symlink: /home/yahboom/camera_ws/install/stereo_camera_pkg/share/stereo_camera_pkg/stereo_rgbd.launch.py
[14.799s] -- Up-to-date symlink: /home/yahboom/camera_ws/install/stereo_camera_pkg/share/stereo_camera_pkg/stereo_rtabmap.launch.py
[14.799s] -- Up-to-date symlink: /home/yahboom/camera_ws/install/stereo_camera_pkg/share/stereo_camera_pkg/usb.launch.py
[14.800s] -- Up-to-date symlink: /home/yahboom/camera_ws/install/stereo_camera_pkg/share/stereo_camera_pkg/config/left.yaml
[14.801s] -- Up-to-date symlink: /home/yahboom/camera_ws/install/stereo_camera_pkg/share/stereo_camera_pkg/config/left2.yaml
[14.801s] -- Up-to-date symlink: /home/yahboom/camera_ws/install/stereo_camera_pkg/share/stereo_camera_pkg/config/left_raw.yaml
[14.802s] -- Up-to-date symlink: /home/yahboom/camera_ws/install/stereo_camera_pkg/share/stereo_camera_pkg/config/right.yaml
[14.803s] -- Up-to-date symlink: /home/yahboom/camera_ws/install/stereo_camera_pkg/share/stereo_camera_pkg/config/right2.yaml
[14.804s] -- Up-to-date symlink: /home/yahboom/camera_ws/install/stereo_camera_pkg/share/stereo_camera_pkg/config/right_raw.yaml
[14.804s] -- Up-to-date symlink: /home/yahboom/camera_ws/install/stereo_camera_pkg/share/ament_index/resource_index/package_run_dependencies/stereo_camera_pkg
[14.805s] -- Up-to-date symlink: /home/yahboom/camera_ws/install/stereo_camera_pkg/share/ament_index/resource_index/parent_prefix_path/stereo_camera_pkg
[14.806s] -- Up-to-date symlink: /home/yahboom/camera_ws/install/stereo_camera_pkg/share/stereo_camera_pkg/environment/ament_prefix_path.sh
[14.806s] -- Up-to-date symlink: /home/yahboom/camera_ws/install/stereo_camera_pkg/share/stereo_camera_pkg/environment/ament_prefix_path.dsv
[14.806s] -- Up-to-date symlink: /home/yahboom/camera_ws/install/stereo_camera_pkg/share/stereo_camera_pkg/environment/path.sh
[14.806s] -- Up-to-date symlink: /home/yahboom/camera_ws/install/stereo_camera_pkg/share/stereo_camera_pkg/environment/path.dsv
[14.807s] -- Up-to-date symlink: /home/yahboom/camera_ws/install/stereo_camera_pkg/share/stereo_camera_pkg/local_setup.bash
[14.808s] -- Up-to-date symlink: /home/yahboom/camera_ws/install/stereo_camera_pkg/share/stereo_camera_pkg/local_setup.sh
[14.808s] -- Up-to-date symlink: /home/yahboom/camera_ws/install/stereo_camera_pkg/share/stereo_camera_pkg/local_setup.zsh
[14.808s] -- Up-to-date symlink: /home/yahboom/camera_ws/install/stereo_camera_pkg/share/stereo_camera_pkg/local_setup.dsv
[14.808s] -- Symlinking: /home/yahboom/camera_ws/install/stereo_camera_pkg/share/stereo_camera_pkg/package.dsv
[14.819s] -- Up-to-date symlink: /home/yahboom/camera_ws/install/stereo_camera_pkg/share/ament_index/resource_index/packages/stereo_camera_pkg
[14.820s] -- Up-to-date symlink: /home/yahboom/camera_ws/install/stereo_camera_pkg/share/stereo_camera_pkg/cmake/stereo_camera_pkgConfig.cmake
[14.820s] -- Up-to-date symlink: /home/yahboom/camera_ws/install/stereo_camera_pkg/share/stereo_camera_pkg/cmake/stereo_camera_pkgConfig-version.cmake
[14.820s] -- Up-to-date symlink: /home/yahboom/camera_ws/install/stereo_camera_pkg/share/stereo_camera_pkg/package.xml
[14.823s] Invoked command in '/home/yahboom/camera_ws/build/stereo_camera_pkg' returned '0': CMAKE_PREFIX_PATH=${CMAKE_PREFIX_PATH}:/opt/ros/humble /usr/bin/cmake --install /home/yahboom/camera_ws/build/stereo_camera_pkg
