[0.624s] Invoking command in '/home/yahboom/camera_ws/src/stereo_camera_pkg_py': PYTHONPATH=/home/yahboom/camera_ws/build/stereo_camera_pkg_py/prefix_override:/home/yahboom/camera_ws/install/stereo_camera_pkg_py/lib/python3.10/site-packages:${PYTHONPATH} /usr/bin/python3 setup.py egg_info --egg-base ../../build/stereo_camera_pkg_py build --build-base /home/yahboom/camera_ws/build/stereo_camera_pkg_py/build install --record /home/yahboom/camera_ws/build/stereo_camera_pkg_py/install.log --single-version-externally-managed
[0.820s] running egg_info
[0.820s] writing ../../build/stereo_camera_pkg_py/stereo_camera_pkg_py.egg-info/PKG-INFO
[0.821s] writing dependency_links to ../../build/stereo_camera_pkg_py/stereo_camera_pkg_py.egg-info/dependency_links.txt
[0.821s] writing entry points to ../../build/stereo_camera_pkg_py/stereo_camera_pkg_py.egg-info/entry_points.txt
[0.821s] writing requirements to ../../build/stereo_camera_pkg_py/stereo_camera_pkg_py.egg-info/requires.txt
[0.822s] writing top-level names to ../../build/stereo_camera_pkg_py/stereo_camera_pkg_py.egg-info/top_level.txt
[0.823s] reading manifest file '../../build/stereo_camera_pkg_py/stereo_camera_pkg_py.egg-info/SOURCES.txt'
[0.824s] writing manifest file '../../build/stereo_camera_pkg_py/stereo_camera_pkg_py.egg-info/SOURCES.txt'
[0.824s] running build
[0.824s] running build_py
[0.825s] copying stereo_camera_pkg_py/stereo_info.py -> /home/yahboom/camera_ws/build/stereo_camera_pkg_py/build/lib/stereo_camera_pkg_py
[0.825s] running install
[0.826s] running install_lib
[0.826s] copying /home/yahboom/camera_ws/build/stereo_camera_pkg_py/build/lib/stereo_camera_pkg_py/stereo_info.py -> /home/yahboom/camera_ws/install/stereo_camera_pkg_py/lib/python3.10/site-packages/stereo_camera_pkg_py
[0.828s] byte-compiling /home/yahboom/camera_ws/install/stereo_camera_pkg_py/lib/python3.10/site-packages/stereo_camera_pkg_py/stereo_info.py to stereo_info.cpython-310.pyc
[0.830s] running install_data
[0.830s] copying launch/stereo.launch.py -> /home/yahboom/camera_ws/install/stereo_camera_pkg_py/share/stereo_camera_pkg_py/launch
[0.831s] running install_egg_info
[0.834s] removing '/home/yahboom/camera_ws/install/stereo_camera_pkg_py/lib/python3.10/site-packages/stereo_camera_pkg_py-0.0.0-py3.10.egg-info' (and everything under it)
[0.835s] Copying ../../build/stereo_camera_pkg_py/stereo_camera_pkg_py.egg-info to /home/yahboom/camera_ws/install/stereo_camera_pkg_py/lib/python3.10/site-packages/stereo_camera_pkg_py-0.0.0-py3.10.egg-info
[0.836s] running install_scripts
[0.856s] Installing v4l2 script to /home/yahboom/camera_ws/install/stereo_camera_pkg_py/lib/stereo_camera_pkg_py
[0.856s] writing list of installed files to '/home/yahboom/camera_ws/build/stereo_camera_pkg_py/install.log'
[0.909s] Invoked command in '/home/yahboom/camera_ws/src/stereo_camera_pkg_py' returned '0': PYTHONPATH=/home/yahboom/camera_ws/build/stereo_camera_pkg_py/prefix_override:/home/yahboom/camera_ws/install/stereo_camera_pkg_py/lib/python3.10/site-packages:${PYTHONPATH} /usr/bin/python3 setup.py egg_info --egg-base ../../build/stereo_camera_pkg_py build --build-base /home/yahboom/camera_ws/build/stereo_camera_pkg_py/build install --record /home/yahboom/camera_ws/build/stereo_camera_pkg_py/install.log --single-version-externally-managed
