[0.711s] DEBUG:colcon:Command line arguments: ['/usr/bin/colcon', 'build', '--packages-select', 'stereo_camera_pkg']
[0.712s] DEBUG:colcon:Parsed command line arguments: Namespace(log_base=None, log_level=None, verb_name='build', build_base='build', install_base='install', merge_install=False, symlink_install=False, test_result_base=None, continue_on_error=False, executor='parallel', parallel_workers=4, event_handlers=None, ignore_user_meta=False, metas=['./colcon.meta'], base_paths=['.'], packages_ignore=None, packages_ignore_regex=None, paths=None, packages_up_to=None, packages_up_to_regex=None, packages_above=None, packages_above_and_dependencies=None, packages_above_depth=None, packages_select_by_dep=None, packages_skip_by_dep=None, packages_skip_up_to=None, packages_select_build_failed=False, packages_skip_build_finished=False, packages_select_test_failures=False, packages_skip_test_passed=False, packages_select=['stereo_camera_pkg'], packages_skip=None, packages_select_regex=None, packages_skip_regex=None, packages_start=None, packages_end=None, allow_overriding=[], cmake_args=None, cmake_target=None, cmake_target_skip_unavailable=False, cmake_clean_cache=False, cmake_clean_first=False, cmake_force_configure=False, ament_cmake_args=None, catkin_cmake_args=None, catkin_skip_building_tests=False, verb_parser=<colcon_defaults.argument_parser.defaults.DefaultArgumentsDecorator object at 0x7243df0f7b20>, verb_extension=<colcon_core.verb.build.BuildVerb object at 0x7243df0a1300>, main=<bound method BuildVerb.main of <colcon_core.verb.build.BuildVerb object at 0x7243df0a1300>>)
[0.752s] Level 1:colcon.colcon_core.package_discovery:discover_packages(colcon_meta) check parameters
[0.752s] Level 1:colcon.colcon_core.package_discovery:discover_packages(recursive) check parameters
[0.752s] Level 1:colcon.colcon_core.package_discovery:discover_packages(ignore) check parameters
[0.752s] Level 1:colcon.colcon_core.package_discovery:discover_packages(path) check parameters
[0.752s] Level 1:colcon.colcon_core.package_discovery:discover_packages(colcon_meta) discover
[0.752s] Level 1:colcon.colcon_core.package_discovery:discover_packages(recursive) discover
[0.753s] INFO:colcon.colcon_core.package_discovery:Crawling recursively for packages in '/home/yahboom/camera_ws'
[0.753s] Level 1:colcon.colcon_core.package_identification:_identify(.) by extensions ['ignore', 'ignore_ament_install']
[0.753s] Level 1:colcon.colcon_core.package_identification:_identify(.) by extension 'ignore'
[0.753s] Level 1:colcon.colcon_core.package_identification:_identify(.) by extension 'ignore_ament_install'
[0.753s] Level 1:colcon.colcon_core.package_identification:_identify(.) by extensions ['colcon_pkg']
[0.753s] Level 1:colcon.colcon_core.package_identification:_identify(.) by extension 'colcon_pkg'
[0.753s] Level 1:colcon.colcon_core.package_identification:_identify(.) by extensions ['colcon_meta']
[0.753s] Level 1:colcon.colcon_core.package_identification:_identify(.) by extension 'colcon_meta'
[0.753s] Level 1:colcon.colcon_core.package_identification:_identify(.) by extensions ['ros']
[0.753s] Level 1:colcon.colcon_core.package_identification:_identify(.) by extension 'ros'
[0.764s] Level 1:colcon.colcon_core.package_identification:_identify(.) by extensions ['cmake', 'python']
[0.764s] Level 1:colcon.colcon_core.package_identification:_identify(.) by extension 'cmake'
[0.764s] Level 1:colcon.colcon_core.package_identification:_identify(.) by extension 'python'
[0.764s] Level 1:colcon.colcon_core.package_identification:_identify(.) by extensions ['python_setup_py']
[0.764s] Level 1:colcon.colcon_core.package_identification:_identify(.) by extension 'python_setup_py'
[0.764s] Level 1:colcon.colcon_core.package_identification:_identify(build) by extensions ['ignore', 'ignore_ament_install']
[0.764s] Level 1:colcon.colcon_core.package_identification:_identify(build) by extension 'ignore'
[0.764s] Level 1:colcon.colcon_core.package_identification:_identify(build) ignored
[0.764s] Level 1:colcon.colcon_core.package_identification:_identify(install) by extensions ['ignore', 'ignore_ament_install']
[0.764s] Level 1:colcon.colcon_core.package_identification:_identify(install) by extension 'ignore'
[0.764s] Level 1:colcon.colcon_core.package_identification:_identify(install) ignored
[0.764s] Level 1:colcon.colcon_core.package_identification:_identify(log) by extensions ['ignore', 'ignore_ament_install']
[0.765s] Level 1:colcon.colcon_core.package_identification:_identify(log) by extension 'ignore'
[0.765s] Level 1:colcon.colcon_core.package_identification:_identify(log) ignored
[0.765s] Level 1:colcon.colcon_core.package_identification:_identify(src) by extensions ['ignore', 'ignore_ament_install']
[0.765s] Level 1:colcon.colcon_core.package_identification:_identify(src) by extension 'ignore'
[0.765s] Level 1:colcon.colcon_core.package_identification:_identify(src) by extension 'ignore_ament_install'
[0.765s] Level 1:colcon.colcon_core.package_identification:_identify(src) by extensions ['colcon_pkg']
[0.765s] Level 1:colcon.colcon_core.package_identification:_identify(src) by extension 'colcon_pkg'
[0.765s] Level 1:colcon.colcon_core.package_identification:_identify(src) by extensions ['colcon_meta']
[0.765s] Level 1:colcon.colcon_core.package_identification:_identify(src) by extension 'colcon_meta'
[0.765s] Level 1:colcon.colcon_core.package_identification:_identify(src) by extensions ['ros']
[0.765s] Level 1:colcon.colcon_core.package_identification:_identify(src) by extension 'ros'
[0.765s] Level 1:colcon.colcon_core.package_identification:_identify(src) by extensions ['cmake', 'python']
[0.765s] Level 1:colcon.colcon_core.package_identification:_identify(src) by extension 'cmake'
[0.765s] Level 1:colcon.colcon_core.package_identification:_identify(src) by extension 'python'
[0.765s] Level 1:colcon.colcon_core.package_identification:_identify(src) by extensions ['python_setup_py']
[0.765s] Level 1:colcon.colcon_core.package_identification:_identify(src) by extension 'python_setup_py'
[0.765s] Level 1:colcon.colcon_core.package_identification:_identify(src/stereo_camera_pkg) by extensions ['ignore', 'ignore_ament_install']
[0.765s] Level 1:colcon.colcon_core.package_identification:_identify(src/stereo_camera_pkg) by extension 'ignore'
[0.765s] Level 1:colcon.colcon_core.package_identification:_identify(src/stereo_camera_pkg) by extension 'ignore_ament_install'
[0.765s] Level 1:colcon.colcon_core.package_identification:_identify(src/stereo_camera_pkg) by extensions ['colcon_pkg']
[0.765s] Level 1:colcon.colcon_core.package_identification:_identify(src/stereo_camera_pkg) by extension 'colcon_pkg'
[0.765s] Level 1:colcon.colcon_core.package_identification:_identify(src/stereo_camera_pkg) by extensions ['colcon_meta']
[0.765s] Level 1:colcon.colcon_core.package_identification:_identify(src/stereo_camera_pkg) by extension 'colcon_meta'
[0.765s] Level 1:colcon.colcon_core.package_identification:_identify(src/stereo_camera_pkg) by extensions ['ros']
[0.765s] Level 1:colcon.colcon_core.package_identification:_identify(src/stereo_camera_pkg) by extension 'ros'
[0.767s] DEBUG:colcon.colcon_core.package_identification:Package 'src/stereo_camera_pkg' with type 'ros.ament_cmake' and name 'stereo_camera_pkg'
[0.767s] Level 1:colcon.colcon_core.package_discovery:discover_packages(recursive) using defaults
[0.767s] Level 1:colcon.colcon_core.package_discovery:discover_packages(ignore) discover
[0.767s] Level 1:colcon.colcon_core.package_discovery:discover_packages(ignore) using defaults
[0.767s] Level 1:colcon.colcon_core.package_discovery:discover_packages(path) discover
[0.768s] Level 1:colcon.colcon_core.package_discovery:discover_packages(path) using defaults
[0.844s] Level 1:colcon.colcon_core.package_discovery:discover_packages(prefix_path) check parameters
[0.844s] Level 1:colcon.colcon_core.package_discovery:discover_packages(prefix_path) discover
[0.866s] DEBUG:colcon.colcon_installed_package_information.package_discovery:Found 1 installed packages in /home/yahboom/camera_ws/install
[0.876s] DEBUG:colcon.colcon_installed_package_information.package_discovery:Found 350 installed packages in /opt/ros/humble
[0.877s] Level 1:colcon.colcon_core.package_discovery:discover_packages(prefix_path) using defaults
[0.958s] Level 5:colcon.colcon_core.verb:set package 'stereo_camera_pkg' build argument 'cmake_args' from command line to 'None'
[0.958s] Level 5:colcon.colcon_core.verb:set package 'stereo_camera_pkg' build argument 'cmake_target' from command line to 'None'
[0.958s] Level 5:colcon.colcon_core.verb:set package 'stereo_camera_pkg' build argument 'cmake_target_skip_unavailable' from command line to 'False'
[0.958s] Level 5:colcon.colcon_core.verb:set package 'stereo_camera_pkg' build argument 'cmake_clean_cache' from command line to 'False'
[0.958s] Level 5:colcon.colcon_core.verb:set package 'stereo_camera_pkg' build argument 'cmake_clean_first' from command line to 'False'
[0.958s] Level 5:colcon.colcon_core.verb:set package 'stereo_camera_pkg' build argument 'cmake_force_configure' from command line to 'False'
[0.958s] Level 5:colcon.colcon_core.verb:set package 'stereo_camera_pkg' build argument 'ament_cmake_args' from command line to 'None'
[0.958s] Level 5:colcon.colcon_core.verb:set package 'stereo_camera_pkg' build argument 'catkin_cmake_args' from command line to 'None'
[0.958s] Level 5:colcon.colcon_core.verb:set package 'stereo_camera_pkg' build argument 'catkin_skip_building_tests' from command line to 'False'
[0.958s] DEBUG:colcon.colcon_core.verb:Building package 'stereo_camera_pkg' with the following arguments: {'ament_cmake_args': None, 'build_base': '/home/yahboom/camera_ws/build/stereo_camera_pkg', 'catkin_cmake_args': None, 'catkin_skip_building_tests': False, 'cmake_args': None, 'cmake_clean_cache': False, 'cmake_clean_first': False, 'cmake_force_configure': False, 'cmake_target': None, 'cmake_target_skip_unavailable': False, 'install_base': '/home/yahboom/camera_ws/install/stereo_camera_pkg', 'merge_install': False, 'path': '/home/yahboom/camera_ws/src/stereo_camera_pkg', 'symlink_install': False, 'test_result_base': None}
[0.969s] INFO:colcon.colcon_core.executor:Executing jobs using 'parallel' executor
[0.980s] DEBUG:colcon.colcon_parallel_executor.executor.parallel:run_until_complete
[0.981s] INFO:colcon.colcon_ros.task.ament_cmake.build:Building ROS package in '/home/yahboom/camera_ws/src/stereo_camera_pkg' with build type 'ament_cmake'
[0.981s] INFO:colcon.colcon_cmake.task.cmake.build:Building CMake package in '/home/yahboom/camera_ws/src/stereo_camera_pkg'
[0.994s] INFO:colcon.colcon_core.plugin_system:Skipping extension 'colcon_core.shell.bat': Not used on non-Windows systems
[0.995s] INFO:colcon.colcon_core.shell:Skip shell extension 'powershell' for command environment: Not usable outside of PowerShell
[0.995s] DEBUG:colcon.colcon_core.shell:Skip shell extension 'dsv' for command environment
[1.042s] DEBUG:colcon.colcon_core.event_handler.log_command:Invoking command in '/home/yahboom/camera_ws/build/stereo_camera_pkg': CMAKE_PREFIX_PATH=${CMAKE_PREFIX_PATH}:/opt/ros/humble /usr/bin/cmake --build /home/yahboom/camera_ws/build/stereo_camera_pkg -- -j4 -l4
[1.135s] DEBUG:colcon.colcon_core.event_handler.log_command:Invoked command in '/home/yahboom/camera_ws/build/stereo_camera_pkg' returned '0': CMAKE_PREFIX_PATH=${CMAKE_PREFIX_PATH}:/opt/ros/humble /usr/bin/cmake --build /home/yahboom/camera_ws/build/stereo_camera_pkg -- -j4 -l4
[1.207s] DEBUG:colcon.colcon_core.event_handler.log_command:Invoking command in '/home/yahboom/camera_ws/build/stereo_camera_pkg': CMAKE_PREFIX_PATH=${CMAKE_PREFIX_PATH}:/opt/ros/humble /usr/bin/cmake --install /home/yahboom/camera_ws/build/stereo_camera_pkg
[1.225s] Level 1:colcon.colcon_core.environment:create_environment_scripts_only(stereo_camera_pkg)
[1.226s] DEBUG:colcon.colcon_core.event_handler.log_command:Invoked command in '/home/yahboom/camera_ws/build/stereo_camera_pkg' returned '0': CMAKE_PREFIX_PATH=${CMAKE_PREFIX_PATH}:/opt/ros/humble /usr/bin/cmake --install /home/yahboom/camera_ws/build/stereo_camera_pkg
[1.239s] Level 1:colcon.colcon_core.environment:checking '/home/yahboom/camera_ws/install/stereo_camera_pkg' for CMake module files
[1.239s] Level 1:colcon.colcon_core.environment:checking '/home/yahboom/camera_ws/install/stereo_camera_pkg' for CMake config files
[1.240s] Level 1:colcon.colcon_core.shell:create_environment_hook('stereo_camera_pkg', 'cmake_prefix_path')
[1.251s] INFO:colcon.colcon_core.shell:Creating environment hook '/home/yahboom/camera_ws/install/stereo_camera_pkg/share/stereo_camera_pkg/hook/cmake_prefix_path.ps1'
[1.252s] INFO:colcon.colcon_core.shell:Creating environment descriptor '/home/yahboom/camera_ws/install/stereo_camera_pkg/share/stereo_camera_pkg/hook/cmake_prefix_path.dsv'
[1.253s] INFO:colcon.colcon_core.shell:Creating environment hook '/home/yahboom/camera_ws/install/stereo_camera_pkg/share/stereo_camera_pkg/hook/cmake_prefix_path.sh'
[1.253s] Level 1:colcon.colcon_core.environment:checking '/home/yahboom/camera_ws/install/stereo_camera_pkg/lib'
[1.254s] Level 1:colcon.colcon_core.environment:checking '/home/yahboom/camera_ws/install/stereo_camera_pkg/bin'
[1.254s] Level 1:colcon.colcon_core.environment:checking '/home/yahboom/camera_ws/install/stereo_camera_pkg/lib/pkgconfig/stereo_camera_pkg.pc'
[1.254s] Level 1:colcon.colcon_core.environment:checking '/home/yahboom/camera_ws/install/stereo_camera_pkg/lib/python3.10/site-packages'
[1.254s] Level 1:colcon.colcon_core.environment:checking '/home/yahboom/camera_ws/install/stereo_camera_pkg/bin'
[1.264s] INFO:colcon.colcon_core.shell:Creating package script '/home/yahboom/camera_ws/install/stereo_camera_pkg/share/stereo_camera_pkg/package.ps1'
[1.265s] INFO:colcon.colcon_core.shell:Creating package descriptor '/home/yahboom/camera_ws/install/stereo_camera_pkg/share/stereo_camera_pkg/package.dsv'
[1.266s] INFO:colcon.colcon_core.shell:Creating package script '/home/yahboom/camera_ws/install/stereo_camera_pkg/share/stereo_camera_pkg/package.sh'
[1.266s] INFO:colcon.colcon_core.shell:Creating package script '/home/yahboom/camera_ws/install/stereo_camera_pkg/share/stereo_camera_pkg/package.bash'
[1.267s] INFO:colcon.colcon_core.shell:Creating package script '/home/yahboom/camera_ws/install/stereo_camera_pkg/share/stereo_camera_pkg/package.zsh'
[1.268s] Level 1:colcon.colcon_core.environment:create_file_with_runtime_dependencies(/home/yahboom/camera_ws/install/stereo_camera_pkg/share/colcon-core/packages/stereo_camera_pkg)
[1.337s] Level 1:colcon.colcon_core.environment:create_environment_scripts_only(stereo_camera_pkg)
[1.349s] Level 1:colcon.colcon_core.environment:checking '/home/yahboom/camera_ws/install/stereo_camera_pkg' for CMake module files
[1.350s] Level 1:colcon.colcon_core.environment:checking '/home/yahboom/camera_ws/install/stereo_camera_pkg' for CMake config files
[1.350s] Level 1:colcon.colcon_core.shell:create_environment_hook('stereo_camera_pkg', 'cmake_prefix_path')
[1.362s] INFO:colcon.colcon_core.shell:Creating environment hook '/home/yahboom/camera_ws/install/stereo_camera_pkg/share/stereo_camera_pkg/hook/cmake_prefix_path.ps1'
[1.363s] INFO:colcon.colcon_core.shell:Creating environment descriptor '/home/yahboom/camera_ws/install/stereo_camera_pkg/share/stereo_camera_pkg/hook/cmake_prefix_path.dsv'
[1.363s] INFO:colcon.colcon_core.shell:Creating environment hook '/home/yahboom/camera_ws/install/stereo_camera_pkg/share/stereo_camera_pkg/hook/cmake_prefix_path.sh'
[1.364s] Level 1:colcon.colcon_core.environment:checking '/home/yahboom/camera_ws/install/stereo_camera_pkg/lib'
[1.364s] Level 1:colcon.colcon_core.environment:checking '/home/yahboom/camera_ws/install/stereo_camera_pkg/bin'
[1.364s] Level 1:colcon.colcon_core.environment:checking '/home/yahboom/camera_ws/install/stereo_camera_pkg/lib/pkgconfig/stereo_camera_pkg.pc'
[1.364s] Level 1:colcon.colcon_core.environment:checking '/home/yahboom/camera_ws/install/stereo_camera_pkg/lib/python3.10/site-packages'
[1.364s] Level 1:colcon.colcon_core.environment:checking '/home/yahboom/camera_ws/install/stereo_camera_pkg/bin'
[1.375s] INFO:colcon.colcon_core.shell:Creating package script '/home/yahboom/camera_ws/install/stereo_camera_pkg/share/stereo_camera_pkg/package.ps1'
[1.376s] INFO:colcon.colcon_core.shell:Creating package descriptor '/home/yahboom/camera_ws/install/stereo_camera_pkg/share/stereo_camera_pkg/package.dsv'
[1.377s] INFO:colcon.colcon_core.shell:Creating package script '/home/yahboom/camera_ws/install/stereo_camera_pkg/share/stereo_camera_pkg/package.sh'
[1.378s] INFO:colcon.colcon_core.shell:Creating package script '/home/yahboom/camera_ws/install/stereo_camera_pkg/share/stereo_camera_pkg/package.bash'
[1.378s] INFO:colcon.colcon_core.shell:Creating package script '/home/yahboom/camera_ws/install/stereo_camera_pkg/share/stereo_camera_pkg/package.zsh'
[1.379s] Level 1:colcon.colcon_core.environment:create_file_with_runtime_dependencies(/home/yahboom/camera_ws/install/stereo_camera_pkg/share/colcon-core/packages/stereo_camera_pkg)
[1.379s] DEBUG:colcon.colcon_parallel_executor.executor.parallel:closing loop
[1.380s] DEBUG:colcon.colcon_parallel_executor.executor.parallel:loop closed
[1.380s] DEBUG:colcon.colcon_parallel_executor.executor.parallel:run_until_complete finished with '0'
[1.380s] DEBUG:colcon.colcon_core.event_reactor:joining thread
[1.422s] INFO:colcon.colcon_core.plugin_system:Skipping extension 'colcon_notification.desktop_notification.terminal_notifier': Not used on non-Darwin systems
[1.423s] INFO:colcon.colcon_core.plugin_system:Skipping extension 'colcon_notification.desktop_notification.win32': Not used on non-Windows systems
[1.423s] INFO:colcon.colcon_notification.desktop_notification:Sending desktop notification using 'notify2'
[1.436s] DEBUG:colcon.colcon_core.event_reactor:joined thread
[1.449s] INFO:colcon.colcon_core.shell:Creating prefix script '/home/yahboom/camera_ws/install/local_setup.ps1'
[1.450s] INFO:colcon.colcon_core.shell:Creating prefix util module '/home/yahboom/camera_ws/install/_local_setup_util_ps1.py'
[1.452s] INFO:colcon.colcon_core.shell:Creating prefix chain script '/home/yahboom/camera_ws/install/setup.ps1'
[1.464s] INFO:colcon.colcon_core.shell:Creating prefix script '/home/yahboom/camera_ws/install/local_setup.sh'
[1.465s] INFO:colcon.colcon_core.shell:Creating prefix util module '/home/yahboom/camera_ws/install/_local_setup_util_sh.py'
[1.465s] INFO:colcon.colcon_core.shell:Creating prefix chain script '/home/yahboom/camera_ws/install/setup.sh'
[1.478s] INFO:colcon.colcon_core.shell:Creating prefix script '/home/yahboom/camera_ws/install/local_setup.bash'
[1.478s] INFO:colcon.colcon_core.shell:Creating prefix chain script '/home/yahboom/camera_ws/install/setup.bash'
[1.490s] INFO:colcon.colcon_core.shell:Creating prefix script '/home/yahboom/camera_ws/install/local_setup.zsh'
[1.490s] INFO:colcon.colcon_core.shell:Creating prefix chain script '/home/yahboom/camera_ws/install/setup.zsh'
