[0.061s] Invoking command in '/home/yahboom/camera_ws/build/stereo_camera_pkg': CMAKE_PREFIX_PATH=${CMAKE_PREFIX_PATH}:/opt/ros/humble /usr/bin/cmake --build /home/yahboom/camera_ws/build/stereo_camera_pkg -- -j6 -l6
[0.196s] [35m[1mConsolidate compiler generated dependencies of target camera_info[0m
[0.213s] [ 20%] Built target stereo_camera_node
[0.213s] [ 40%] Built target left_camera_node
[0.213s] [ 60%] Built target right_camera_node
[0.214s] [ 80%] Built target stereo_node
[0.220s] [ 90%] [32mBuilding CXX object CMakeFiles/camera_info.dir/src/camera_info.cpp.o[0m
[7.122s] [100%] [32m[1mLinking CXX executable camera_info[0m
[7.658s] [100%] Built target camera_info
[7.672s] Invoked command in '/home/yahboom/camera_ws/build/stereo_camera_pkg' returned '0': CMAKE_PREFIX_PATH=${CMAKE_PREFIX_PATH}:/opt/ros/humble /usr/bin/cmake --build /home/yahboom/camera_ws/build/stereo_camera_pkg -- -j6 -l6
[7.745s] Invoking command in '/home/yahboom/camera_ws/build/stereo_camera_pkg': CMAKE_PREFIX_PATH=${CMAKE_PREFIX_PATH}:/opt/ros/humble /usr/bin/cmake --install /home/yahboom/camera_ws/build/stereo_camera_pkg
[7.754s] -- Install configuration: ""
[7.756s] -- Up-to-date: /home/yahboom/camera_ws/install/stereo_camera_pkg/lib/stereo_camera_pkg/stereo_camera_node
[7.756s] -- Up-to-date: /home/yahboom/camera_ws/install/stereo_camera_pkg/lib/stereo_camera_pkg/left_camera_node
[7.757s] -- Up-to-date: /home/yahboom/camera_ws/install/stereo_camera_pkg/lib/stereo_camera_pkg/right_camera_node
[7.759s] -- Up-to-date: /home/yahboom/camera_ws/install/stereo_camera_pkg/lib/stereo_camera_pkg/stereo_node
[7.760s] -- Installing: /home/yahboom/camera_ws/install/stereo_camera_pkg/lib/stereo_camera_pkg/camera_info
[7.763s] -- Set runtime path of "/home/yahboom/camera_ws/install/stereo_camera_pkg/lib/stereo_camera_pkg/camera_info" to ""
[7.763s] -- Up-to-date: /home/yahboom/camera_ws/install/stereo_camera_pkg/share/stereo_camera_pkg
[7.763s] -- Up-to-date: /home/yahboom/camera_ws/install/stereo_camera_pkg/share/stereo_camera_pkg/stereo_calibration.launch.py
[7.763s] -- Up-to-date: /home/yahboom/camera_ws/install/stereo_camera_pkg/share/stereo_camera_pkg/usb.launch.py
[7.763s] -- Up-to-date: /home/yahboom/camera_ws/install/stereo_camera_pkg/share/stereo_camera_pkg/calib.launch.py
[7.763s] -- Up-to-date: /home/yahboom/camera_ws/install/stereo_camera_pkg/share/stereo_camera_pkg/prtabmap.launch.py
[7.763s] -- Up-to-date: /home/yahboom/camera_ws/install/stereo_camera_pkg/share/stereo_camera_pkg/stereo_camera.launch.py
[7.763s] -- Up-to-date: /home/yahboom/camera_ws/install/stereo_camera_pkg/share/stereo_camera_pkg/stereo_rtabmap.launch.py
[7.764s] -- Up-to-date: /home/yahboom/camera_ws/install/stereo_camera_pkg/share/stereo_camera_pkg/apt_rtabmap.launch.py
[7.764s] -- Up-to-date: /home/yahboom/camera_ws/install/stereo_camera_pkg/share/stereo_camera_pkg/left_calibration.launch.py
[7.764s] -- Up-to-date: /home/yahboom/camera_ws/install/stereo_camera_pkg/share/stereo_camera_pkg/rtabmap.launch.py
[7.764s] -- Up-to-date: /home/yahboom/camera_ws/install/stereo_camera_pkg/share/stereo_camera_pkg/config
[7.764s] -- Up-to-date: /home/yahboom/camera_ws/install/stereo_camera_pkg/share/stereo_camera_pkg/config/left.yaml
[7.764s] -- Installing: /home/yahboom/camera_ws/install/stereo_camera_pkg/share/stereo_camera_pkg/config/right1.yaml
[7.764s] -- Up-to-date: /home/yahboom/camera_ws/install/stereo_camera_pkg/share/stereo_camera_pkg/config/right_camera_info.yaml
[7.764s] -- Installing: /home/yahboom/camera_ws/install/stereo_camera_pkg/share/stereo_camera_pkg/config/left1.yaml
[7.764s] -- Up-to-date: /home/yahboom/camera_ws/install/stereo_camera_pkg/share/stereo_camera_pkg/config/right.yaml
[7.765s] -- Up-to-date: /home/yahboom/camera_ws/install/stereo_camera_pkg/share/stereo_camera_pkg/config/left_camera_info.yaml
[7.765s] -- Up-to-date: /home/yahboom/camera_ws/install/stereo_camera_pkg/share/ament_index/resource_index/package_run_dependencies/stereo_camera_pkg
[7.765s] -- Up-to-date: /home/yahboom/camera_ws/install/stereo_camera_pkg/share/ament_index/resource_index/parent_prefix_path/stereo_camera_pkg
[7.765s] -- Up-to-date: /home/yahboom/camera_ws/install/stereo_camera_pkg/share/stereo_camera_pkg/environment/ament_prefix_path.sh
[7.765s] -- Up-to-date: /home/yahboom/camera_ws/install/stereo_camera_pkg/share/stereo_camera_pkg/environment/ament_prefix_path.dsv
[7.765s] -- Up-to-date: /home/yahboom/camera_ws/install/stereo_camera_pkg/share/stereo_camera_pkg/environment/path.sh
[7.765s] -- Up-to-date: /home/yahboom/camera_ws/install/stereo_camera_pkg/share/stereo_camera_pkg/environment/path.dsv
[7.765s] -- Up-to-date: /home/yahboom/camera_ws/install/stereo_camera_pkg/share/stereo_camera_pkg/local_setup.bash
[7.765s] -- Up-to-date: /home/yahboom/camera_ws/install/stereo_camera_pkg/share/stereo_camera_pkg/local_setup.sh
[7.765s] -- Up-to-date: /home/yahboom/camera_ws/install/stereo_camera_pkg/share/stereo_camera_pkg/local_setup.zsh
[7.765s] -- Up-to-date: /home/yahboom/camera_ws/install/stereo_camera_pkg/share/stereo_camera_pkg/local_setup.dsv
[7.765s] -- Installing: /home/yahboom/camera_ws/install/stereo_camera_pkg/share/stereo_camera_pkg/package.dsv
[7.765s] -- Up-to-date: /home/yahboom/camera_ws/install/stereo_camera_pkg/share/ament_index/resource_index/packages/stereo_camera_pkg
[7.765s] -- Up-to-date: /home/yahboom/camera_ws/install/stereo_camera_pkg/share/stereo_camera_pkg/cmake/stereo_camera_pkgConfig.cmake
[7.765s] -- Up-to-date: /home/yahboom/camera_ws/install/stereo_camera_pkg/share/stereo_camera_pkg/cmake/stereo_camera_pkgConfig-version.cmake
[7.765s] -- Up-to-date: /home/yahboom/camera_ws/install/stereo_camera_pkg/share/stereo_camera_pkg/package.xml
[7.769s] Invoked command in '/home/yahboom/camera_ws/build/stereo_camera_pkg' returned '0': CMAKE_PREFIX_PATH=${CMAKE_PREFIX_PATH}:/opt/ros/humble /usr/bin/cmake --install /home/yahboom/camera_ws/build/stereo_camera_pkg
