[1.712s] Invoking command in '/home/elephant/agvpro_stereo/src/stereo_camera_pkg_py': PYTHONPATH=/home/elephant/agvpro_stereo/build/stereo_camera_pkg_py/prefix_override:/usr/lib/python3/dist-packages/colcon_core/task/python/colcon_distutils_commands:/home/elephant/agvpro_stereo/install/stereo_camera_pkg_py/lib/python3.10/site-packages:${PYTHONPATH} /usr/bin/python3 -W ignore:setup.py install is deprecated -W ignore:easy_install command is deprecated setup.py egg_info --egg-base ../../build/stereo_camera_pkg_py build --build-base /home/elephant/agvpro_stereo/build/stereo_camera_pkg_py/build install --record /home/elephant/agvpro_stereo/build/stereo_camera_pkg_py/install.log --single-version-externally-managed install_data
[2.273s] running egg_info
[2.275s] writing ../../build/stereo_camera_pkg_py/stereo_camera_pkg_py.egg-info/PKG-INFO
[2.275s] writing dependency_links to ../../build/stereo_camera_pkg_py/stereo_camera_pkg_py.egg-info/dependency_links.txt
[2.276s] writing entry points to ../../build/stereo_camera_pkg_py/stereo_camera_pkg_py.egg-info/entry_points.txt
[2.276s] writing requirements to ../../build/stereo_camera_pkg_py/stereo_camera_pkg_py.egg-info/requires.txt
[2.276s] writing top-level names to ../../build/stereo_camera_pkg_py/stereo_camera_pkg_py.egg-info/top_level.txt
[2.281s] reading manifest file '../../build/stereo_camera_pkg_py/stereo_camera_pkg_py.egg-info/SOURCES.txt'
[2.283s] writing manifest file '../../build/stereo_camera_pkg_py/stereo_camera_pkg_py.egg-info/SOURCES.txt'
[2.283s] running build
[2.283s] running build_py
[2.284s] running install
[2.284s] running install_lib
[2.289s] running install_data
[2.289s] copying launch/new_new_rtabmap.launch.py -> /home/elephant/agvpro_stereo/install/stereo_camera_pkg_py/share/stereo_camera_pkg_py/launch
[2.290s] running install_egg_info
[2.294s] removing '/home/elephant/agvpro_stereo/install/stereo_camera_pkg_py/lib/python3.10/site-packages/stereo_camera_pkg_py-0.0.0-py3.10.egg-info' (and everything under it)
[2.294s] Copying ../../build/stereo_camera_pkg_py/stereo_camera_pkg_py.egg-info to /home/elephant/agvpro_stereo/install/stereo_camera_pkg_py/lib/python3.10/site-packages/stereo_camera_pkg_py-0.0.0-py3.10.egg-info
[2.296s] running install_scripts
[2.336s] Installing v4l2 script to /home/elephant/agvpro_stereo/install/stereo_camera_pkg_py/lib/stereo_camera_pkg_py
[2.337s] writing list of installed files to '/home/elephant/agvpro_stereo/build/stereo_camera_pkg_py/install.log'
[2.393s] Invoked command in '/home/elephant/agvpro_stereo/src/stereo_camera_pkg_py' returned '0': PYTHONPATH=/home/elephant/agvpro_stereo/build/stereo_camera_pkg_py/prefix_override:/usr/lib/python3/dist-packages/colcon_core/task/python/colcon_distutils_commands:/home/elephant/agvpro_stereo/install/stereo_camera_pkg_py/lib/python3.10/site-packages:${PYTHONPATH} /usr/bin/python3 -W ignore:setup.py install is deprecated -W ignore:easy_install command is deprecated setup.py egg_info --egg-base ../../build/stereo_camera_pkg_py build --build-base /home/elephant/agvpro_stereo/build/stereo_camera_pkg_py/build install --record /home/elephant/agvpro_stereo/build/stereo_camera_pkg_py/install.log --single-version-externally-managed install_data
