[0.054s] Invoking command in '/home/yahboom/camera_ws/build/stereo_camera_pkg': CMAKE_PREFIX_PATH=${CMAKE_PREFIX_PATH}:/opt/ros/humble /usr/bin/cmake --build /home/yahboom/camera_ws/build/stereo_camera_pkg -- -j4 -l4
[0.135s] [ 20%] Built target left_camera_node
[0.139s] [ 30%] [32mBuilding CXX object CMakeFiles/stereo_camera_node.dir/src/stereo_camera_node.cpp.o[0m
[0.142s] [ 50%] Built target stereo_node
[0.144s] [ 70%] Built target right_camera_node
[0.175s] [ 90%] Built target camera_info
[7.739s] [100%] [32m[1mLinking CXX executable stereo_camera_node[0m
[8.553s] [100%] Built target stereo_camera_node
[8.571s] Invoked command in '/home/yahboom/camera_ws/build/stereo_camera_pkg' returned '0': CMAKE_PREFIX_PATH=${CMAKE_PREFIX_PATH}:/opt/ros/humble /usr/bin/cmake --build /home/yahboom/camera_ws/build/stereo_camera_pkg -- -j4 -l4
[8.658s] Invoking command in '/home/yahboom/camera_ws/build/stereo_camera_pkg': CMAKE_PREFIX_PATH=${CMAKE_PREFIX_PATH}:/opt/ros/humble /usr/bin/cmake --install /home/yahboom/camera_ws/build/stereo_camera_pkg
[8.665s] -- Install configuration: ""
[8.666s] -- Installing: /home/yahboom/camera_ws/install/stereo_camera_pkg/lib/stereo_camera_pkg/stereo_camera_node
[8.680s] -- Set runtime path of "/home/yahboom/camera_ws/install/stereo_camera_pkg/lib/stereo_camera_pkg/stereo_camera_node" to ""
[8.680s] -- Up-to-date: /home/yahboom/camera_ws/install/stereo_camera_pkg/lib/stereo_camera_pkg/left_camera_node
[8.680s] -- Up-to-date: /home/yahboom/camera_ws/install/stereo_camera_pkg/lib/stereo_camera_pkg/right_camera_node
[8.681s] -- Up-to-date: /home/yahboom/camera_ws/install/stereo_camera_pkg/lib/stereo_camera_pkg/stereo_node
[8.681s] -- Up-to-date: /home/yahboom/camera_ws/install/stereo_camera_pkg/lib/stereo_camera_pkg/camera_info
[8.682s] -- Up-to-date: /home/yahboom/camera_ws/install/stereo_camera_pkg/share/stereo_camera_pkg
[8.682s] -- Up-to-date: /home/yahboom/camera_ws/install/stereo_camera_pkg/share/stereo_camera_pkg/stereo_calibration.launch.py
[8.682s] -- Up-to-date: /home/yahboom/camera_ws/install/stereo_camera_pkg/share/stereo_camera_pkg/usb.launch.py
[8.682s] -- Up-to-date: /home/yahboom/camera_ws/install/stereo_camera_pkg/share/stereo_camera_pkg/calib.launch.py
[8.682s] -- Up-to-date: /home/yahboom/camera_ws/install/stereo_camera_pkg/share/stereo_camera_pkg/prtabmap.launch.py
[8.682s] -- Up-to-date: /home/yahboom/camera_ws/install/stereo_camera_pkg/share/stereo_camera_pkg/stereo_camera.launch.py
[8.682s] -- Up-to-date: /home/yahboom/camera_ws/install/stereo_camera_pkg/share/stereo_camera_pkg/stereo_rtabmap.launch.py
[8.682s] -- Up-to-date: /home/yahboom/camera_ws/install/stereo_camera_pkg/share/stereo_camera_pkg/apt_rtabmap.launch.py
[8.682s] -- Up-to-date: /home/yahboom/camera_ws/install/stereo_camera_pkg/share/stereo_camera_pkg/left_calibration.launch.py
[8.682s] -- Up-to-date: /home/yahboom/camera_ws/install/stereo_camera_pkg/share/stereo_camera_pkg/rtabmap.launch.py
[8.683s] -- Up-to-date: /home/yahboom/camera_ws/install/stereo_camera_pkg/share/stereo_camera_pkg/config
[8.683s] -- Up-to-date: /home/yahboom/camera_ws/install/stereo_camera_pkg/share/stereo_camera_pkg/config/left.yaml
[8.683s] -- Up-to-date: /home/yahboom/camera_ws/install/stereo_camera_pkg/share/stereo_camera_pkg/config/right_camera_info.yaml
[8.683s] -- Up-to-date: /home/yahboom/camera_ws/install/stereo_camera_pkg/share/stereo_camera_pkg/config/right.yaml
[8.683s] -- Up-to-date: /home/yahboom/camera_ws/install/stereo_camera_pkg/share/stereo_camera_pkg/config/left_camera_info.yaml
[8.683s] -- Up-to-date: /home/yahboom/camera_ws/install/stereo_camera_pkg/share/ament_index/resource_index/package_run_dependencies/stereo_camera_pkg
[8.683s] -- Up-to-date: /home/yahboom/camera_ws/install/stereo_camera_pkg/share/ament_index/resource_index/parent_prefix_path/stereo_camera_pkg
[8.683s] -- Up-to-date: /home/yahboom/camera_ws/install/stereo_camera_pkg/share/stereo_camera_pkg/environment/ament_prefix_path.sh
[8.683s] -- Up-to-date: /home/yahboom/camera_ws/install/stereo_camera_pkg/share/stereo_camera_pkg/environment/ament_prefix_path.dsv
[8.683s] -- Up-to-date: /home/yahboom/camera_ws/install/stereo_camera_pkg/share/stereo_camera_pkg/environment/path.sh
[8.683s] -- Up-to-date: /home/yahboom/camera_ws/install/stereo_camera_pkg/share/stereo_camera_pkg/environment/path.dsv
[8.683s] -- Up-to-date: /home/yahboom/camera_ws/install/stereo_camera_pkg/share/stereo_camera_pkg/local_setup.bash
[8.683s] -- Up-to-date: /home/yahboom/camera_ws/install/stereo_camera_pkg/share/stereo_camera_pkg/local_setup.sh
[8.683s] -- Up-to-date: /home/yahboom/camera_ws/install/stereo_camera_pkg/share/stereo_camera_pkg/local_setup.zsh
[8.684s] -- Up-to-date: /home/yahboom/camera_ws/install/stereo_camera_pkg/share/stereo_camera_pkg/local_setup.dsv
[8.684s] -- Installing: /home/yahboom/camera_ws/install/stereo_camera_pkg/share/stereo_camera_pkg/package.dsv
[8.684s] -- Up-to-date: /home/yahboom/camera_ws/install/stereo_camera_pkg/share/ament_index/resource_index/packages/stereo_camera_pkg
[8.684s] -- Up-to-date: /home/yahboom/camera_ws/install/stereo_camera_pkg/share/stereo_camera_pkg/cmake/stereo_camera_pkgConfig.cmake
[8.684s] -- Up-to-date: /home/yahboom/camera_ws/install/stereo_camera_pkg/share/stereo_camera_pkg/cmake/stereo_camera_pkgConfig-version.cmake
[8.684s] -- Up-to-date: /home/yahboom/camera_ws/install/stereo_camera_pkg/share/stereo_camera_pkg/package.xml
[8.686s] Invoked command in '/home/yahboom/camera_ws/build/stereo_camera_pkg' returned '0': CMAKE_PREFIX_PATH=${CMAKE_PREFIX_PATH}:/opt/ros/humble /usr/bin/cmake --install /home/yahboom/camera_ws/build/stereo_camera_pkg
