-- Found ament_cmake: 1.3.13 (/opt/ros/humble/share/ament_cmake/cmake)
-- Override CMake install command with custom implementation using symlinks instead of copying resources
-- Found rclcpp: 16.0.18 (/opt/ros/humble/share/rclcpp/cmake)
-- Found rosidl_generator_c: 3.1.8 (/opt/ros/humble/share/rosidl_generator_c/cmake)
-- Found rosidl_adapter: 3.1.8 (/opt/ros/humble/share/rosidl_adapter/cmake)
-- Found rosidl_generator_cpp: 3.1.8 (/opt/ros/humble/share/rosidl_generator_cpp/cmake)
-- Using all available rosidl_typesupport_c: rosidl_typesupport_fastrtps_c;rosidl_typesupport_introspection_c
-- Using all available rosidl_typesupport_cpp: rosidl_typesupport_fastrtps_cpp;rosidl_typesupport_introspection_cpp
-- Found rmw_implementation_cmake: 6.1.2 (/opt/ros/humble/share/rmw_implementation_cmake/cmake)
-- Found rmw_fastrtps_cpp: 6.2.10 (/opt/ros/humble/share/rmw_fastrtps_cpp/cmake)
-- Using RMW implementation 'rmw_fastrtps_cpp' as default
-- Found sensor_msgs: 4.9.1 (/opt/ros/humble/share/sensor_msgs/cmake)
-- Found cv_bridge: 3.2.1 (/opt/ros/humble/share/cv_bridge/cmake)
-- Found image_transport: 3.1.12 (/opt/ros/humble/share/image_transport/cmake)
-- Found nav_msgs: 4.9.1 (/opt/ros/humble/share/nav_msgs/cmake)
-- Found ament_lint_auto: 0.12.15 (/opt/ros/humble/share/ament_lint_auto/cmake)
-- Added test 'cppcheck' to perform static code analysis on C / C++ code
-- Configured cppcheck include dirs: $<BUILD_INTERFACE:/home/elephant/agvpro_stereo/src/stereo_camera_pkg/include>
-- Configured cppcheck exclude dirs and/or files: 
-- Added test 'flake8' to check Python code syntax and style conventions
-- Added test 'lint_cmake' to check CMake code style
-- Added test 'pep257' to check Python code against some of the docstring style conventions in PEP 257
-- Added test 'uncrustify' to check C / C++ code style
-- Configured uncrustify additional arguments: 
-- Added test 'xmllint' to check XML markup files
-- Configuring done
-- Generating done
-- Build files have been written to: /home/elephant/agvpro_stereo/build/stereo_camera_pkg
[35m[1mConsolidate compiler generated dependencies of target stereo_split_node[0m
[35m[1mConsolidate compiler generated dependencies of target stereo_camera_node[0m
[35m[1mConsolidate compiler generated dependencies of target camera_info[0m
[35m[1mConsolidate compiler generated dependencies of target right_camera_node[0m
[35m[1mConsolidate compiler generated dependencies of target left_camera_node[0m
[35m[1mConsolidate compiler generated dependencies of target stereo_split_node_rgb[0m
[ 14%] Built target left_camera_node
[ 28%] Built target stereo_split_node
[ 42%] Built target stereo_split_node_rgb
[ 57%] Built target stereo_camera_node
[ 71%] Built target right_camera_node
[ 85%] Built target camera_info
[ 92%] [32mBuilding CXX object CMakeFiles/new_odom.dir/src/new_odom.cpp.o[0m
gmake[2]: *** [CMakeFiles/new_odom.dir/build.make:76: CMakeFiles/new_odom.dir/src/new_odom.cpp.o] Interrupt
gmake[1]: *** [CMakeFiles/Makefile2:305: CMakeFiles/new_odom.dir/all] Interrupt
gmake: *** [Makefile:146: all] Interrupt
