[0.046s] Invoking command in '/home/elephant/agvpro_stereo/build/stereo_camera_pkg': CMAKE_PREFIX_PATH=${CMAKE_PREFIX_PATH}:/home/elephant/agvpro_stereo/install/stereo_camera_pkg_py:/home/elephant/agv_pro_ros2/install/teleop_twist_keyboard:/home/elephant/agv_pro_ros2/install/rtabmap_python:/home/elephant/agv_pro_ros2/install/agv_pro_autocharge:/home/elephant/agv_pro_ros2/install/nav2_simple_commander:/home/elephant/agv_pro_ros2/install/agv_pro_description:/opt/ros/humble /usr/bin/cmake --build /home/elephant/agvpro_stereo/build/stereo_camera_pkg -- -j6 -l6
[0.114s] -- Found ament_cmake: 1.3.13 (/opt/ros/humble/share/ament_cmake/cmake)
[0.396s] -- Override CMake install command with custom implementation using symlinks instead of copying resources
[0.423s] -- Found rclcpp: 16.0.18 (/opt/ros/humble/share/rclcpp/cmake)
[0.498s] -- Found rosidl_generator_c: 3.1.8 (/opt/ros/humble/share/rosidl_generator_c/cmake)
[0.504s] -- Found rosidl_adapter: 3.1.8 (/opt/ros/humble/share/rosidl_adapter/cmake)
[0.518s] -- Found rosidl_generator_cpp: 3.1.8 (/opt/ros/humble/share/rosidl_generator_cpp/cmake)
[0.544s] -- Using all available rosidl_typesupport_c: rosidl_typesupport_fastrtps_c;rosidl_typesupport_introspection_c
[0.576s] -- Using all available rosidl_typesupport_cpp: rosidl_typesupport_fastrtps_cpp;rosidl_typesupport_introspection_cpp
[0.663s] -- Found rmw_implementation_cmake: 6.1.2 (/opt/ros/humble/share/rmw_implementation_cmake/cmake)
[0.673s] -- Found rmw_fastrtps_cpp: 6.2.10 (/opt/ros/humble/share/rmw_fastrtps_cpp/cmake)
[0.949s] -- Using RMW implementation 'rmw_fastrtps_cpp' as default
[1.135s] -- Found sensor_msgs: 4.9.1 (/opt/ros/humble/share/sensor_msgs/cmake)
[1.194s] -- Found cv_bridge: 3.2.1 (/opt/ros/humble/share/cv_bridge/cmake)
[1.263s] -- Found image_transport: 3.1.12 (/opt/ros/humble/share/image_transport/cmake)
[1.356s] -- Found nav_msgs: 4.9.1 (/opt/ros/humble/share/nav_msgs/cmake)
[1.571s] -- Found ament_lint_auto: 0.12.15 (/opt/ros/humble/share/ament_lint_auto/cmake)
[1.789s] -- Added test 'cppcheck' to perform static code analysis on C / C++ code
[1.790s] -- Configured cppcheck include dirs: $<BUILD_INTERFACE:/home/elephant/agvpro_stereo/src/stereo_camera_pkg/include>
[1.790s] -- Configured cppcheck exclude dirs and/or files: 
[1.791s] -- Added test 'flake8' to check Python code syntax and style conventions
[1.792s] -- Added test 'lint_cmake' to check CMake code style
[1.792s] -- Added test 'pep257' to check Python code against some of the docstring style conventions in PEP 257
[1.795s] -- Added test 'uncrustify' to check C / C++ code style
[1.795s] -- Configured uncrustify additional arguments: 
[1.795s] -- Added test 'xmllint' to check XML markup files
[1.798s] -- Configuring done
[1.905s] -- Generating done
[1.942s] -- Build files have been written to: /home/elephant/agvpro_stereo/build/stereo_camera_pkg
[2.017s] [35m[1mConsolidate compiler generated dependencies of target stereo_split_node[0m
[2.030s] [35m[1mConsolidate compiler generated dependencies of target stereo_camera_node[0m
[2.030s] [35m[1mConsolidate compiler generated dependencies of target camera_info[0m
[2.031s] [35m[1mConsolidate compiler generated dependencies of target right_camera_node[0m
[2.031s] [35m[1mConsolidate compiler generated dependencies of target left_camera_node[0m
[2.031s] [35m[1mConsolidate compiler generated dependencies of target stereo_split_node_rgb[0m
[2.088s] [ 14%] Built target left_camera_node
[2.098s] [ 28%] Built target stereo_split_node
[2.102s] [ 42%] Built target stereo_split_node_rgb
[2.102s] [ 57%] Built target stereo_camera_node
[2.103s] [ 71%] Built target right_camera_node
[2.108s] [ 85%] Built target camera_info
[2.163s] [ 92%] [32mBuilding CXX object CMakeFiles/new_odom.dir/src/new_odom.cpp.o[0m
[12.722s] gmake[2]: *** [CMakeFiles/new_odom.dir/build.make:76: CMakeFiles/new_odom.dir/src/new_odom.cpp.o] Interrupt
[12.722s] gmake[1]: *** [CMakeFiles/Makefile2:305: CMakeFiles/new_odom.dir/all] Interrupt
[12.722s] gmake: *** [Makefile:146: all] Interrupt
[12.808s] Invoked command in '/home/elephant/agvpro_stereo/build/stereo_camera_pkg' returned '-2': CMAKE_PREFIX_PATH=${CMAKE_PREFIX_PATH}:/home/elephant/agvpro_stereo/install/stereo_camera_pkg_py:/home/elephant/agv_pro_ros2/install/teleop_twist_keyboard:/home/elephant/agv_pro_ros2/install/rtabmap_python:/home/elephant/agv_pro_ros2/install/agv_pro_autocharge:/home/elephant/agv_pro_ros2/install/nav2_simple_commander:/home/elephant/agv_pro_ros2/install/agv_pro_description:/opt/ros/humble /usr/bin/cmake --build /home/elephant/agvpro_stereo/build/stereo_camera_pkg -- -j6 -l6
